<?xml version="1.0" encoding="UTF-8"?>
<testsuite xmlns:xsi="http://www.w3.org/2001/XMLSchema-instance" xsi:noNamespaceSchemaLocation="https://maven.apache.org/surefire/maven-surefire-plugin/xsd/surefire-test-report-3.0.xsd" version="3.0" name="freelanceplatform.controllers.ProposalControllerTest" time="6.363" tests="11" errors="0" skipped="0" failures="0">
  <properties>
    <property name="java.specification.version" value="22"/>
    <property name="sun.jnu.encoding" value="UTF-8"/>
    <property name="java.class.path" value="/Users/stanislavkovalcuk/test/FreelancePlatform/target/test-classes:/Users/stanislavkovalcuk/test/FreelancePlatform/target/classes:/Users/stanislavkovalcuk/.m2/repository/org/springframework/boot/spring-boot-starter-data-jpa/3.2.4/spring-boot-starter-data-jpa-3.2.4.jar:/Users/stanislavkovalcuk/.m2/repository/org/springframework/boot/spring-boot-starter-aop/3.2.4/spring-boot-starter-aop-3.2.4.jar:/Users/stanislavkovalcuk/.m2/repository/org/aspectj/aspectjweaver/1.9.21/aspectjweaver-1.9.21.jar:/Users/stanislavkovalcuk/.m2/repository/org/springframework/boot/spring-boot-starter-jdbc/3.2.4/spring-boot-starter-jdbc-3.2.4.jar:/Users/stanislavkovalcuk/.m2/repository/com/zaxxer/HikariCP/5.0.1/HikariCP-5.0.1.jar:/Users/stanislavkovalcuk/.m2/repository/org/springframework/spring-jdbc/6.1.5/spring-jdbc-6.1.5.jar:/Users/stanislavkovalcuk/.m2/repository/org/hibernate/orm/hibernate-core/6.4.4.Final/hibernate-core-6.4.4.Final.jar:/Users/stanislavkovalcuk/.m2/repository/jakarta/persistence/jakarta.persistence-api/3.1.0/jakarta.persistence-api-3.1.0.jar:/Users/stanislavkovalcuk/.m2/repository/jakarta/transaction/jakarta.transaction-api/2.0.1/jakarta.transaction-api-2.0.1.jar:/Users/stanislavkovalcuk/.m2/repository/org/jboss/logging/jboss-logging/3.5.3.Final/jboss-logging-3.5.3.Final.jar:/Users/stanislavkovalcuk/.m2/repository/org/hibernate/common/hibernate-commons-annotations/6.0.6.Final/hibernate-commons-annotations-6.0.6.Final.jar:/Users/stanislavkovalcuk/.m2/repository/io/smallrye/jandex/3.1.2/jandex-3.1.2.jar:/Users/stanislavkovalcuk/.m2/repository/com/fasterxml/classmate/1.6.0/classmate-1.6.0.jar:/Users/stanislavkovalcuk/.m2/repository/net/bytebuddy/byte-buddy/1.14.12/byte-buddy-1.14.12.jar:/Users/stanislavkovalcuk/.m2/repository/org/glassfish/jaxb/jaxb-runtime/4.0.5/jaxb-runtime-4.0.5.jar:/Users/stanislavkovalcuk/.m2/repository/org/glassfish/jaxb/jaxb-core/4.0.5/jaxb-core-4.0.5.jar:/Users/stanislavkovalcuk/.m2/repository/org/eclipse/angus/angus-activation/2.0.2/angus-activation-2.0.2.jar:/Users/stanislavkovalcuk/.m2/repository/org/glassfish/jaxb/txw2/4.0.5/txw2-4.0.5.jar:/Users/stanislavkovalcuk/.m2/repository/com/sun/istack/istack-commons-runtime/4.1.2/istack-commons-runtime-4.1.2.jar:/Users/stanislavkovalcuk/.m2/repository/jakarta/inject/jakarta.inject-api/2.0.1/jakarta.inject-api-2.0.1.jar:/Users/stanislavkovalcuk/.m2/repository/org/antlr/antlr4-runtime/4.13.0/antlr4-runtime-4.13.0.jar:/Users/stanislavkovalcuk/.m2/repository/org/springframework/data/spring-data-jpa/3.2.4/spring-data-jpa-3.2.4.jar:/Users/stanislavkovalcuk/.m2/repository/org/springframework/data/spring-data-commons/3.2.4/spring-data-commons-3.2.4.jar:/Users/stanislavkovalcuk/.m2/repository/org/springframework/spring-orm/6.1.5/spring-orm-6.1.5.jar:/Users/stanislavkovalcuk/.m2/repository/org/springframework/spring-beans/6.1.5/spring-beans-6.1.5.jar:/Users/stanislavkovalcuk/.m2/repository/jakarta/annotation/jakarta.annotation-api/2.1.1/jakarta.annotation-api-2.1.1.jar:/Users/stanislavkovalcuk/.m2/repository/org/slf4j/slf4j-api/2.0.12/slf4j-api-2.0.12.jar:/Users/stanislavkovalcuk/.m2/repository/org/springframework/spring-aspects/6.1.5/spring-aspects-6.1.5.jar:/Users/stanislavkovalcuk/.m2/repository/org/springframework/boot/spring-boot-starter-security/3.2.4/spring-boot-starter-security-3.2.4.jar:/Users/stanislavkovalcuk/.m2/repository/org/springframework/boot/spring-boot-starter/3.2.4/spring-boot-starter-3.2.4.jar:/Users/stanislavkovalcuk/.m2/repository/org/springframework/boot/spring-boot-starter-logging/3.2.4/spring-boot-starter-logging-3.2.4.jar:/Users/stanislavkovalcuk/.m2/repository/org/apache/logging/log4j/log4j-to-slf4j/2.21.1/log4j-to-slf4j-2.21.1.jar:/Users/stanislavkovalcuk/.m2/repository/org/apache/logging/log4j/log4j-api/2.21.1/log4j-api-2.21.1.jar:/Users/stanislavkovalcuk/.m2/repository/org/slf4j/jul-to-slf4j/2.0.12/jul-to-slf4j-2.0.12.jar:/Users/stanislavkovalcuk/.m2/repository/org/springframework/spring-aop/6.1.5/spring-aop-6.1.5.jar:/Users/stanislavkovalcuk/.m2/repository/org/springframework/security/spring-security-config/6.2.3/spring-security-config-6.2.3.jar:/Users/stanislavkovalcuk/.m2/repository/org/springframework/security/spring-security-web/6.2.3/spring-security-web-6.2.3.jar:/Users/stanislavkovalcuk/.m2/repository/org/springframework/spring-expression/6.1.5/spring-expression-6.1.5.jar:/Users/stanislavkovalcuk/.m2/repository/org/springframework/boot/spring-boot-starter-web/3.2.4/spring-boot-starter-web-3.2.4.jar:/Users/stanislavkovalcuk/.m2/repository/org/springframework/boot/spring-boot-starter-json/3.2.4/spring-boot-starter-json-3.2.4.jar:/Users/stanislavkovalcuk/.m2/repository/com/fasterxml/jackson/core/jackson-databind/2.15.4/jackson-databind-2.15.4.jar:/Users/stanislavkovalcuk/.m2/repository/com/fasterxml/jackson/core/jackson-annotations/2.15.4/jackson-annotations-2.15.4.jar:/Users/stanislavkovalcuk/.m2/repository/com/fasterxml/jackson/core/jackson-core/2.15.4/jackson-core-2.15.4.jar:/Users/stanislavkovalcuk/.m2/repository/com/fasterxml/jackson/datatype/jackson-datatype-jdk8/2.15.4/jackson-datatype-jdk8-2.15.4.jar:/Users/stanislavkovalcuk/.m2/repository/com/fasterxml/jackson/datatype/jackson-datatype-jsr310/2.15.4/jackson-datatype-jsr310-2.15.4.jar:/Users/stanislavkovalcuk/.m2/repository/com/fasterxml/jackson/module/jackson-module-parameter-names/2.15.4/jackson-module-parameter-names-2.15.4.jar:/Users/stanislavkovalcuk/.m2/repository/org/springframework/boot/spring-boot-starter-tomcat/3.2.4/spring-boot-starter-tomcat-3.2.4.jar:/Users/stanislavkovalcuk/.m2/repository/org/apache/tomcat/embed/tomcat-embed-core/10.1.19/tomcat-embed-core-10.1.19.jar:/Users/stanislavkovalcuk/.m2/repository/org/apache/tomcat/embed/tomcat-embed-el/10.1.19/tomcat-embed-el-10.1.19.jar:/Users/stanislavkovalcuk/.m2/repository/org/apache/tomcat/embed/tomcat-embed-websocket/10.1.19/tomcat-embed-websocket-10.1.19.jar:/Users/stanislavkovalcuk/.m2/repository/org/springframework/spring-web/6.1.5/spring-web-6.1.5.jar:/Users/stanislavkovalcuk/.m2/repository/org/springframework/spring-webmvc/6.1.5/spring-webmvc-6.1.5.jar:/Users/stanislavkovalcuk/.m2/repository/org/springframework/kafka/spring-kafka/3.1.3/spring-kafka-3.1.3.jar:/Users/stanislavkovalcuk/.m2/repository/org/springframework/spring-context/6.1.5/spring-context-6.1.5.jar:/Users/stanislavkovalcuk/.m2/repository/org/springframework/spring-messaging/6.1.5/spring-messaging-6.1.5.jar:/Users/stanislavkovalcuk/.m2/repository/org/springframework/spring-tx/6.1.5/spring-tx-6.1.5.jar:/Users/stanislavkovalcuk/.m2/repository/org/springframework/retry/spring-retry/2.0.5/spring-retry-2.0.5.jar:/Users/stanislavkovalcuk/.m2/repository/org/apache/kafka/kafka-clients/3.6.1/kafka-clients-3.6.1.jar:/Users/stanislavkovalcuk/.m2/repository/com/github/luben/zstd-jni/1.5.5-1/zstd-jni-1.5.5-1.jar:/Users/stanislavkovalcuk/.m2/repository/org/lz4/lz4-java/1.8.0/lz4-java-1.8.0.jar:/Users/stanislavkovalcuk/.m2/repository/org/xerial/snappy/snappy-java/1.1.10.5/snappy-java-1.1.10.5.jar:/Users/stanislavkovalcuk/.m2/repository/io/micrometer/micrometer-observation/1.12.4/micrometer-observation-1.12.4.jar:/Users/stanislavkovalcuk/.m2/repository/io/micrometer/micrometer-commons/1.12.4/micrometer-commons-1.12.4.jar:/Users/stanislavkovalcuk/.m2/repository/com/google/code/findbugs/jsr305/3.0.2/jsr305-3.0.2.jar:/Users/stanislavkovalcuk/.m2/repository/org/liquibase/liquibase-core/4.24.0/liquibase-core-4.24.0.jar:/Users/stanislavkovalcuk/.m2/repository/com/opencsv/opencsv/5.8/opencsv-5.8.jar:/Users/stanislavkovalcuk/.m2/repository/org/apache/commons/commons-lang3/3.13.0/commons-lang3-3.13.0.jar:/Users/stanislavkovalcuk/.m2/repository/org/apache/commons/commons-text/1.10.0/commons-text-1.10.0.jar:/Users/stanislavkovalcuk/.m2/repository/org/apache/commons/commons-collections4/4.4/commons-collections4-4.4.jar:/Users/stanislavkovalcuk/.m2/repository/org/yaml/snakeyaml/2.2/snakeyaml-2.2.jar:/Users/stanislavkovalcuk/.m2/repository/javax/xml/bind/jaxb-api/2.3.1/jaxb-api-2.3.1.jar:/Users/stanislavkovalcuk/.m2/repository/org/springframework/boot/spring-boot-devtools/3.2.4/spring-boot-devtools-3.2.4.jar:/Users/stanislavkovalcuk/.m2/repository/org/springframework/boot/spring-boot/3.2.4/spring-boot-3.2.4.jar:/Users/stanislavkovalcuk/.m2/repository/org/springframework/boot/spring-boot-autoconfigure/3.2.4/spring-boot-autoconfigure-3.2.4.jar:/Users/stanislavkovalcuk/.m2/repository/org/springframework/boot/spring-boot-starter-cache/3.2.4/spring-boot-starter-cache-3.2.4.jar:/Users/stanislavkovalcuk/.m2/repository/org/springframework/spring-context-support/6.1.5/spring-context-support-6.1.5.jar:/Users/stanislavkovalcuk/.m2/repository/com/hazelcast/hazelcast-spring/5.3.6/hazelcast-spring-5.3.6.jar:/Users/stanislavkovalcuk/.m2/repository/com/hazelcast/hazelcast/5.3.6/hazelcast-5.3.6.jar:/Users/stanislavkovalcuk/.m2/repository/com/h2database/h2/2.2.224/h2-2.2.224.jar:/Users/stanislavkovalcuk/.m2/repository/org/testcontainers/postgresql/1.19.7/postgresql-1.19.7.jar:/Users/stanislavkovalcuk/.m2/repository/org/testcontainers/jdbc/1.19.7/jdbc-1.19.7.jar:/Users/stanislavkovalcuk/.m2/repository/org/testcontainers/database-commons/1.19.7/database-commons-1.19.7.jar:/Users/stanislavkovalcuk/.m2/repository/org/testcontainers/testcontainers/1.19.7/testcontainers-1.19.7.jar:/Users/stanislavkovalcuk/.m2/repository/junit/junit/4.13.2/junit-4.13.2.jar:/Users/stanislavkovalcuk/.m2/repository/org/hamcrest/hamcrest-core/2.2/hamcrest-core-2.2.jar:/Users/stanislavkovalcuk/.m2/repository/org/apache/commons/commons-compress/1.24.0/commons-compress-1.24.0.jar:/Users/stanislavkovalcuk/.m2/repository/org/rnorth/duct-tape/duct-tape/1.0.8/duct-tape-1.0.8.jar:/Users/stanislavkovalcuk/.m2/repository/org/jetbrains/annotations/17.0.0/annotations-17.0.0.jar:/Users/stanislavkovalcuk/.m2/repository/com/github/docker-java/docker-java-api/3.3.6/docker-java-api-3.3.6.jar:/Users/stanislavkovalcuk/.m2/repository/com/github/docker-java/docker-java-transport-zerodep/3.3.6/docker-java-transport-zerodep-3.3.6.jar:/Users/stanislavkovalcuk/.m2/repository/com/github/docker-java/docker-java-transport/3.3.6/docker-java-transport-3.3.6.jar:/Users/stanislavkovalcuk/.m2/repository/net/java/dev/jna/jna/5.13.0/jna-5.13.0.jar:/Users/stanislavkovalcuk/.m2/repository/org/postgresql/postgresql/42.6.2/postgresql-42.6.2.jar:/Users/stanislavkovalcuk/.m2/repository/org/checkerframework/checker-qual/3.31.0/checker-qual-3.31.0.jar:/Users/stanislavkovalcuk/.m2/repository/org/projectlombok/lombok/1.18.30/lombok-1.18.30.jar:/Users/stanislavkovalcuk/.m2/repository/org/springframework/boot/spring-boot-starter-test/3.2.4/spring-boot-starter-test-3.2.4.jar:/Users/stanislavkovalcuk/.m2/repository/org/springframework/boot/spring-boot-test/3.2.4/spring-boot-test-3.2.4.jar:/Users/stanislavkovalcuk/.m2/repository/org/springframework/boot/spring-boot-test-autoconfigure/3.2.4/spring-boot-test-autoconfigure-3.2.4.jar:/Users/stanislavkovalcuk/.m2/repository/com/jayway/jsonpath/json-path/2.9.0/json-path-2.9.0.jar:/Users/stanislavkovalcuk/.m2/repository/jakarta/xml/bind/jakarta.xml.bind-api/4.0.2/jakarta.xml.bind-api-4.0.2.jar:/Users/stanislavkovalcuk/.m2/repository/jakarta/activation/jakarta.activation-api/2.1.3/jakarta.activation-api-2.1.3.jar:/Users/stanislavkovalcuk/.m2/repository/net/minidev/json-smart/2.5.0/json-smart-2.5.0.jar:/Users/stanislavkovalcuk/.m2/repository/net/minidev/accessors-smart/2.5.0/accessors-smart-2.5.0.jar:/Users/stanislavkovalcuk/.m2/repository/org/ow2/asm/asm/9.3/asm-9.3.jar:/Users/stanislavkovalcuk/.m2/repository/org/assertj/assertj-core/3.24.2/assertj-core-3.24.2.jar:/Users/stanislavkovalcuk/.m2/repository/org/awaitility/awaitility/4.2.0/awaitility-4.2.0.jar:/Users/stanislavkovalcuk/.m2/repository/org/hamcrest/hamcrest/2.2/hamcrest-2.2.jar:/Users/stanislavkovalcuk/.m2/repository/org/junit/jupiter/junit-jupiter/5.10.2/junit-jupiter-5.10.2.jar:/Users/stanislavkovalcuk/.m2/repository/org/junit/jupiter/junit-jupiter-params/5.10.2/junit-jupiter-params-5.10.2.jar:/Users/stanislavkovalcuk/.m2/repository/org/junit/jupiter/junit-jupiter-engine/5.10.2/junit-jupiter-engine-5.10.2.jar:/Users/stanislavkovalcuk/.m2/repository/org/mockito/mockito-core/5.7.0/mockito-core-5.7.0.jar:/Users/stanislavkovalcuk/.m2/repository/net/bytebuddy/byte-buddy-agent/1.14.12/byte-buddy-agent-1.14.12.jar:/Users/stanislavkovalcuk/.m2/repository/org/objenesis/objenesis/3.3/objenesis-3.3.jar:/Users/stanislavkovalcuk/.m2/repository/org/mockito/mockito-junit-jupiter/5.7.0/mockito-junit-jupiter-5.7.0.jar:/Users/stanislavkovalcuk/.m2/repository/org/skyscreamer/jsonassert/1.5.1/jsonassert-1.5.1.jar:/Users/stanislavkovalcuk/.m2/repository/com/vaadin/external/google/android-json/0.0.20131108.vaadin1/android-json-0.0.20131108.vaadin1.jar:/Users/stanislavkovalcuk/.m2/repository/org/springframework/spring-core/6.1.5/spring-core-6.1.5.jar:/Users/stanislavkovalcuk/.m2/repository/org/springframework/spring-jcl/6.1.5/spring-jcl-6.1.5.jar:/Users/stanislavkovalcuk/.m2/repository/org/springframework/spring-test/6.1.5/spring-test-6.1.5.jar:/Users/stanislavkovalcuk/.m2/repository/org/xmlunit/xmlunit-core/2.9.1/xmlunit-core-2.9.1.jar:/Users/stanislavkovalcuk/.m2/repository/org/springframework/kafka/spring-kafka-test/3.1.3/spring-kafka-test-3.1.3.jar:/Users/stanislavkovalcuk/.m2/repository/org/apache/zookeeper/zookeeper/3.8.4/zookeeper-3.8.4.jar:/Users/stanislavkovalcuk/.m2/repository/org/apache/zookeeper/zookeeper-jute/3.8.4/zookeeper-jute-3.8.4.jar:/Users/stanislavkovalcuk/.m2/repository/org/apache/yetus/audience-annotations/0.12.0/audience-annotations-0.12.0.jar:/Users/stanislavkovalcuk/.m2/repository/io/netty/netty-handler/4.1.107.Final/netty-handler-4.1.107.Final.jar:/Users/stanislavkovalcuk/.m2/repository/io/netty/netty-common/4.1.107.Final/netty-common-4.1.107.Final.jar:/Users/stanislavkovalcuk/.m2/repository/io/netty/netty-resolver/4.1.107.Final/netty-resolver-4.1.107.Final.jar:/Users/stanislavkovalcuk/.m2/repository/io/netty/netty-buffer/4.1.107.Final/netty-buffer-4.1.107.Final.jar:/Users/stanislavkovalcuk/.m2/repository/io/netty/netty-transport/4.1.107.Final/netty-transport-4.1.107.Final.jar:/Users/stanislavkovalcuk/.m2/repository/io/netty/netty-transport-native-unix-common/4.1.107.Final/netty-transport-native-unix-common-4.1.107.Final.jar:/Users/stanislavkovalcuk/.m2/repository/io/netty/netty-codec/4.1.107.Final/netty-codec-4.1.107.Final.jar:/Users/stanislavkovalcuk/.m2/repository/io/netty/netty-transport-native-epoll/4.1.107.Final/netty-transport-native-epoll-4.1.107.Final.jar:/Users/stanislavkovalcuk/.m2/repository/io/netty/netty-transport-classes-epoll/4.1.107.Final/netty-transport-classes-epoll-4.1.107.Final.jar:/Users/stanislavkovalcuk/.m2/repository/ch/qos/logback/logback-core/1.4.14/logback-core-1.4.14.jar:/Users/stanislavkovalcuk/.m2/repository/ch/qos/logback/logback-classic/1.4.14/logback-classic-1.4.14.jar:/Users/stanislavkovalcuk/.m2/repository/commons-io/commons-io/2.11.0/commons-io-2.11.0.jar:/Users/stanislavkovalcuk/.m2/repository/org/apache/kafka/kafka-clients/3.6.1/kafka-clients-3.6.1-test.jar:/Users/stanislavkovalcuk/.m2/repository/org/apache/kafka/kafka-metadata/3.6.1/kafka-metadata-3.6.1.jar:/Users/stanislavkovalcuk/.m2/repository/org/apache/kafka/kafka-raft/3.6.1/kafka-raft-3.6.1.jar:/Users/stanislavkovalcuk/.m2/repository/com/yammer/metrics/metrics-core/2.2.0/metrics-core-2.2.0.jar:/Users/stanislavkovalcuk/.m2/repository/org/apache/kafka/kafka-server-common/3.6.1/kafka-server-common-3.6.1.jar:/Users/stanislavkovalcuk/.m2/repository/net/sf/jopt-simple/jopt-simple/5.0.4/jopt-simple-5.0.4.jar:/Users/stanislavkovalcuk/.m2/repository/org/pcollections/pcollections/4.0.1/pcollections-4.0.1.jar:/Users/stanislavkovalcuk/.m2/repository/org/apache/kafka/kafka-server-common/3.6.1/kafka-server-common-3.6.1-test.jar:/Users/stanislavkovalcuk/.m2/repository/org/apache/kafka/kafka-streams-test-utils/3.6.1/kafka-streams-test-utils-3.6.1.jar:/Users/stanislavkovalcuk/.m2/repository/org/apache/kafka/kafka-streams/3.6.1/kafka-streams-3.6.1.jar:/Users/stanislavkovalcuk/.m2/repository/org/rocksdb/rocksdbjni/7.9.2/rocksdbjni-7.9.2.jar:/Users/stanislavkovalcuk/.m2/repository/org/apache/kafka/kafka_2.13/3.6.1/kafka_2.13-3.6.1.jar:/Users/stanislavkovalcuk/.m2/repository/org/scala-lang/scala-library/2.13.11/scala-library-2.13.11.jar:/Users/stanislavkovalcuk/.m2/repository/org/apache/kafka/kafka-group-coordinator/3.6.1/kafka-group-coordinator-3.6.1.jar:/Users/stanislavkovalcuk/.m2/repository/org/apache/kafka/kafka-storage-api/3.6.1/kafka-storage-api-3.6.1.jar:/Users/stanislavkovalcuk/.m2/repository/org/apache/kafka/kafka-tools-api/3.6.1/kafka-tools-api-3.6.1.jar:/Users/stanislavkovalcuk/.m2/repository/org/apache/kafka/kafka-storage/3.6.1/kafka-storage-3.6.1.jar:/Users/stanislavkovalcuk/.m2/repository/com/github/ben-manes/caffeine/caffeine/3.1.8/caffeine-3.1.8.jar:/Users/stanislavkovalcuk/.m2/repository/com/google/errorprone/error_prone_annotations/2.21.1/error_prone_annotations-2.21.1.jar:/Users/stanislavkovalcuk/.m2/repository/net/sourceforge/argparse4j/argparse4j/0.7.0/argparse4j-0.7.0.jar:/Users/stanislavkovalcuk/.m2/repository/commons-validator/commons-validator/1.7/commons-validator-1.7.jar:/Users/stanislavkovalcuk/.m2/repository/commons-beanutils/commons-beanutils/1.9.4/commons-beanutils-1.9.4.jar:/Users/stanislavkovalcuk/.m2/repository/commons-digester/commons-digester/2.1/commons-digester-2.1.jar:/Users/stanislavkovalcuk/.m2/repository/commons-collections/commons-collections/3.2.2/commons-collections-3.2.2.jar:/Users/stanislavkovalcuk/.m2/repository/com/fasterxml/jackson/module/jackson-module-scala_2.13/2.15.4/jackson-module-scala_2.13-2.15.4.jar:/Users/stanislavkovalcuk/.m2/repository/com/thoughtworks/paranamer/paranamer/2.8/paranamer-2.8.jar:/Users/stanislavkovalcuk/.m2/repository/com/fasterxml/jackson/dataformat/jackson-dataformat-csv/2.15.4/jackson-dataformat-csv-2.15.4.jar:/Users/stanislavkovalcuk/.m2/repository/org/bitbucket/b_c/jose4j/0.9.3/jose4j-0.9.3.jar:/Users/stanislavkovalcuk/.m2/repository/org/scala-lang/modules/scala-collection-compat_2.13/2.10.0/scala-collection-compat_2.13-2.10.0.jar:/Users/stanislavkovalcuk/.m2/repository/org/scala-lang/modules/scala-java8-compat_2.13/1.0.2/scala-java8-compat_2.13-1.0.2.jar:/Users/stanislavkovalcuk/.m2/repository/org/scala-lang/scala-reflect/2.13.11/scala-reflect-2.13.11.jar:/Users/stanislavkovalcuk/.m2/repository/com/typesafe/scala-logging/scala-logging_2.13/3.9.4/scala-logging_2.13-3.9.4.jar:/Users/stanislavkovalcuk/.m2/repository/io/dropwizard/metrics/metrics-core/4.2.25/metrics-core-4.2.25.jar:/Users/stanislavkovalcuk/.m2/repository/commons-cli/commons-cli/1.4/commons-cli-1.4.jar:/Users/stanislavkovalcuk/.m2/repository/org/apache/kafka/kafka_2.13/3.6.1/kafka_2.13-3.6.1-test.jar:/Users/stanislavkovalcuk/.m2/repository/org/junit/jupiter/junit-jupiter-api/5.10.2/junit-jupiter-api-5.10.2.jar:/Users/stanislavkovalcuk/.m2/repository/org/opentest4j/opentest4j/1.3.0/opentest4j-1.3.0.jar:/Users/stanislavkovalcuk/.m2/repository/org/junit/platform/junit-platform-commons/1.10.2/junit-platform-commons-1.10.2.jar:/Users/stanislavkovalcuk/.m2/repository/org/apiguardian/apiguardian-api/1.1.2/apiguardian-api-1.1.2.jar:/Users/stanislavkovalcuk/.m2/repository/org/junit/platform/junit-platform-launcher/1.10.2/junit-platform-launcher-1.10.2.jar:/Users/stanislavkovalcuk/.m2/repository/org/junit/platform/junit-platform-engine/1.10.2/junit-platform-engine-1.10.2.jar:/Users/stanislavkovalcuk/.m2/repository/org/springframework/security/spring-security-test/6.2.3/spring-security-test-6.2.3.jar:/Users/stanislavkovalcuk/.m2/repository/org/springframework/security/spring-security-core/6.2.3/spring-security-core-6.2.3.jar:/Users/stanislavkovalcuk/.m2/repository/org/springframework/security/spring-security-crypto/6.2.3/spring-security-crypto-6.2.3.jar:"/>
    <property name="java.vm.vendor" value="Oracle Corporation"/>
    <property name="sun.arch.data.model" value="64"/>
    <property name="java.vendor.url" value="https://java.oracle.com/"/>
    <property name="user.timezone" value="Europe/Prague"/>
    <property name="org.jboss.logging.provider" value="slf4j"/>
    <property name="os.name" value="Mac OS X"/>
    <property name="java.vm.specification.version" value="22"/>
    <property name="sun.java.launcher" value="SUN_STANDARD"/>
    <property name="user.country" value="CZ"/>
    <property name="sun.boot.library.path" value="/Users/stanislavkovalcuk/Library/Java/JavaVirtualMachines/openjdk-22.0.1/Contents/Home/lib"/>
    <property name="sun.java.command" value="/Users/stanislavkovalcuk/test/FreelancePlatform/target/surefire/surefirebooter-20240627155548165_3.jar /Users/stanislavkovalcuk/test/FreelancePlatform/target/surefire 2024-06-27T15-55-48_127-jvmRun1 surefire-20240627155548165_1tmp surefire_0-20240627155548165_2tmp"/>
    <property name="http.nonProxyHosts" value="local|*.local|169.254/16|*.169.254/16"/>
    <property name="jdk.debug" value="release"/>
    <property name="surefire.test.class.path" value="/Users/stanislavkovalcuk/test/FreelancePlatform/target/test-classes:/Users/stanislavkovalcuk/test/FreelancePlatform/target/classes:/Users/stanislavkovalcuk/.m2/repository/org/springframework/boot/spring-boot-starter-data-jpa/3.2.4/spring-boot-starter-data-jpa-3.2.4.jar:/Users/stanislavkovalcuk/.m2/repository/org/springframework/boot/spring-boot-starter-aop/3.2.4/spring-boot-starter-aop-3.2.4.jar:/Users/stanislavkovalcuk/.m2/repository/org/aspectj/aspectjweaver/1.9.21/aspectjweaver-1.9.21.jar:/Users/stanislavkovalcuk/.m2/repository/org/springframework/boot/spring-boot-starter-jdbc/3.2.4/spring-boot-starter-jdbc-3.2.4.jar:/Users/stanislavkovalcuk/.m2/repository/com/zaxxer/HikariCP/5.0.1/HikariCP-5.0.1.jar:/Users/stanislavkovalcuk/.m2/repository/org/springframework/spring-jdbc/6.1.5/spring-jdbc-6.1.5.jar:/Users/stanislavkovalcuk/.m2/repository/org/hibernate/orm/hibernate-core/6.4.4.Final/hibernate-core-6.4.4.Final.jar:/Users/stanislavkovalcuk/.m2/repository/jakarta/persistence/jakarta.persistence-api/3.1.0/jakarta.persistence-api-3.1.0.jar:/Users/stanislavkovalcuk/.m2/repository/jakarta/transaction/jakarta.transaction-api/2.0.1/jakarta.transaction-api-2.0.1.jar:/Users/stanislavkovalcuk/.m2/repository/org/jboss/logging/jboss-logging/3.5.3.Final/jboss-logging-3.5.3.Final.jar:/Users/stanislavkovalcuk/.m2/repository/org/hibernate/common/hibernate-commons-annotations/6.0.6.Final/hibernate-commons-annotations-6.0.6.Final.jar:/Users/stanislavkovalcuk/.m2/repository/io/smallrye/jandex/3.1.2/jandex-3.1.2.jar:/Users/stanislavkovalcuk/.m2/repository/com/fasterxml/classmate/1.6.0/classmate-1.6.0.jar:/Users/stanislavkovalcuk/.m2/repository/net/bytebuddy/byte-buddy/1.14.12/byte-buddy-1.14.12.jar:/Users/stanislavkovalcuk/.m2/repository/org/glassfish/jaxb/jaxb-runtime/4.0.5/jaxb-runtime-4.0.5.jar:/Users/stanislavkovalcuk/.m2/repository/org/glassfish/jaxb/jaxb-core/4.0.5/jaxb-core-4.0.5.jar:/Users/stanislavkovalcuk/.m2/repository/org/eclipse/angus/angus-activation/2.0.2/angus-activation-2.0.2.jar:/Users/stanislavkovalcuk/.m2/repository/org/glassfish/jaxb/txw2/4.0.5/txw2-4.0.5.jar:/Users/stanislavkovalcuk/.m2/repository/com/sun/istack/istack-commons-runtime/4.1.2/istack-commons-runtime-4.1.2.jar:/Users/stanislavkovalcuk/.m2/repository/jakarta/inject/jakarta.inject-api/2.0.1/jakarta.inject-api-2.0.1.jar:/Users/stanislavkovalcuk/.m2/repository/org/antlr/antlr4-runtime/4.13.0/antlr4-runtime-4.13.0.jar:/Users/stanislavkovalcuk/.m2/repository/org/springframework/data/spring-data-jpa/3.2.4/spring-data-jpa-3.2.4.jar:/Users/stanislavkovalcuk/.m2/repository/org/springframework/data/spring-data-commons/3.2.4/spring-data-commons-3.2.4.jar:/Users/stanislavkovalcuk/.m2/repository/org/springframework/spring-orm/6.1.5/spring-orm-6.1.5.jar:/Users/stanislavkovalcuk/.m2/repository/org/springframework/spring-beans/6.1.5/spring-beans-6.1.5.jar:/Users/stanislavkovalcuk/.m2/repository/jakarta/annotation/jakarta.annotation-api/2.1.1/jakarta.annotation-api-2.1.1.jar:/Users/stanislavkovalcuk/.m2/repository/org/slf4j/slf4j-api/2.0.12/slf4j-api-2.0.12.jar:/Users/stanislavkovalcuk/.m2/repository/org/springframework/spring-aspects/6.1.5/spring-aspects-6.1.5.jar:/Users/stanislavkovalcuk/.m2/repository/org/springframework/boot/spring-boot-starter-security/3.2.4/spring-boot-starter-security-3.2.4.jar:/Users/stanislavkovalcuk/.m2/repository/org/springframework/boot/spring-boot-starter/3.2.4/spring-boot-starter-3.2.4.jar:/Users/stanislavkovalcuk/.m2/repository/org/springframework/boot/spring-boot-starter-logging/3.2.4/spring-boot-starter-logging-3.2.4.jar:/Users/stanislavkovalcuk/.m2/repository/org/apache/logging/log4j/log4j-to-slf4j/2.21.1/log4j-to-slf4j-2.21.1.jar:/Users/stanislavkovalcuk/.m2/repository/org/apache/logging/log4j/log4j-api/2.21.1/log4j-api-2.21.1.jar:/Users/stanislavkovalcuk/.m2/repository/org/slf4j/jul-to-slf4j/2.0.12/jul-to-slf4j-2.0.12.jar:/Users/stanislavkovalcuk/.m2/repository/org/springframework/spring-aop/6.1.5/spring-aop-6.1.5.jar:/Users/stanislavkovalcuk/.m2/repository/org/springframework/security/spring-security-config/6.2.3/spring-security-config-6.2.3.jar:/Users/stanislavkovalcuk/.m2/repository/org/springframework/security/spring-security-web/6.2.3/spring-security-web-6.2.3.jar:/Users/stanislavkovalcuk/.m2/repository/org/springframework/spring-expression/6.1.5/spring-expression-6.1.5.jar:/Users/stanislavkovalcuk/.m2/repository/org/springframework/boot/spring-boot-starter-web/3.2.4/spring-boot-starter-web-3.2.4.jar:/Users/stanislavkovalcuk/.m2/repository/org/springframework/boot/spring-boot-starter-json/3.2.4/spring-boot-starter-json-3.2.4.jar:/Users/stanislavkovalcuk/.m2/repository/com/fasterxml/jackson/core/jackson-databind/2.15.4/jackson-databind-2.15.4.jar:/Users/stanislavkovalcuk/.m2/repository/com/fasterxml/jackson/core/jackson-annotations/2.15.4/jackson-annotations-2.15.4.jar:/Users/stanislavkovalcuk/.m2/repository/com/fasterxml/jackson/core/jackson-core/2.15.4/jackson-core-2.15.4.jar:/Users/stanislavkovalcuk/.m2/repository/com/fasterxml/jackson/datatype/jackson-datatype-jdk8/2.15.4/jackson-datatype-jdk8-2.15.4.jar:/Users/stanislavkovalcuk/.m2/repository/com/fasterxml/jackson/datatype/jackson-datatype-jsr310/2.15.4/jackson-datatype-jsr310-2.15.4.jar:/Users/stanislavkovalcuk/.m2/repository/com/fasterxml/jackson/module/jackson-module-parameter-names/2.15.4/jackson-module-parameter-names-2.15.4.jar:/Users/stanislavkovalcuk/.m2/repository/org/springframework/boot/spring-boot-starter-tomcat/3.2.4/spring-boot-starter-tomcat-3.2.4.jar:/Users/stanislavkovalcuk/.m2/repository/org/apache/tomcat/embed/tomcat-embed-core/10.1.19/tomcat-embed-core-10.1.19.jar:/Users/stanislavkovalcuk/.m2/repository/org/apache/tomcat/embed/tomcat-embed-el/10.1.19/tomcat-embed-el-10.1.19.jar:/Users/stanislavkovalcuk/.m2/repository/org/apache/tomcat/embed/tomcat-embed-websocket/10.1.19/tomcat-embed-websocket-10.1.19.jar:/Users/stanislavkovalcuk/.m2/repository/org/springframework/spring-web/6.1.5/spring-web-6.1.5.jar:/Users/stanislavkovalcuk/.m2/repository/org/springframework/spring-webmvc/6.1.5/spring-webmvc-6.1.5.jar:/Users/stanislavkovalcuk/.m2/repository/org/springframework/kafka/spring-kafka/3.1.3/spring-kafka-3.1.3.jar:/Users/stanislavkovalcuk/.m2/repository/org/springframework/spring-context/6.1.5/spring-context-6.1.5.jar:/Users/stanislavkovalcuk/.m2/repository/org/springframework/spring-messaging/6.1.5/spring-messaging-6.1.5.jar:/Users/stanislavkovalcuk/.m2/repository/org/springframework/spring-tx/6.1.5/spring-tx-6.1.5.jar:/Users/stanislavkovalcuk/.m2/repository/org/springframework/retry/spring-retry/2.0.5/spring-retry-2.0.5.jar:/Users/stanislavkovalcuk/.m2/repository/org/apache/kafka/kafka-clients/3.6.1/kafka-clients-3.6.1.jar:/Users/stanislavkovalcuk/.m2/repository/com/github/luben/zstd-jni/1.5.5-1/zstd-jni-1.5.5-1.jar:/Users/stanislavkovalcuk/.m2/repository/org/lz4/lz4-java/1.8.0/lz4-java-1.8.0.jar:/Users/stanislavkovalcuk/.m2/repository/org/xerial/snappy/snappy-java/1.1.10.5/snappy-java-1.1.10.5.jar:/Users/stanislavkovalcuk/.m2/repository/io/micrometer/micrometer-observation/1.12.4/micrometer-observation-1.12.4.jar:/Users/stanislavkovalcuk/.m2/repository/io/micrometer/micrometer-commons/1.12.4/micrometer-commons-1.12.4.jar:/Users/stanislavkovalcuk/.m2/repository/com/google/code/findbugs/jsr305/3.0.2/jsr305-3.0.2.jar:/Users/stanislavkovalcuk/.m2/repository/org/liquibase/liquibase-core/4.24.0/liquibase-core-4.24.0.jar:/Users/stanislavkovalcuk/.m2/repository/com/opencsv/opencsv/5.8/opencsv-5.8.jar:/Users/stanislavkovalcuk/.m2/repository/org/apache/commons/commons-lang3/3.13.0/commons-lang3-3.13.0.jar:/Users/stanislavkovalcuk/.m2/repository/org/apache/commons/commons-text/1.10.0/commons-text-1.10.0.jar:/Users/stanislavkovalcuk/.m2/repository/org/apache/commons/commons-collections4/4.4/commons-collections4-4.4.jar:/Users/stanislavkovalcuk/.m2/repository/org/yaml/snakeyaml/2.2/snakeyaml-2.2.jar:/Users/stanislavkovalcuk/.m2/repository/javax/xml/bind/jaxb-api/2.3.1/jaxb-api-2.3.1.jar:/Users/stanislavkovalcuk/.m2/repository/org/springframework/boot/spring-boot-devtools/3.2.4/spring-boot-devtools-3.2.4.jar:/Users/stanislavkovalcuk/.m2/repository/org/springframework/boot/spring-boot/3.2.4/spring-boot-3.2.4.jar:/Users/stanislavkovalcuk/.m2/repository/org/springframework/boot/spring-boot-autoconfigure/3.2.4/spring-boot-autoconfigure-3.2.4.jar:/Users/stanislavkovalcuk/.m2/repository/org/springframework/boot/spring-boot-starter-cache/3.2.4/spring-boot-starter-cache-3.2.4.jar:/Users/stanislavkovalcuk/.m2/repository/org/springframework/spring-context-support/6.1.5/spring-context-support-6.1.5.jar:/Users/stanislavkovalcuk/.m2/repository/com/hazelcast/hazelcast-spring/5.3.6/hazelcast-spring-5.3.6.jar:/Users/stanislavkovalcuk/.m2/repository/com/hazelcast/hazelcast/5.3.6/hazelcast-5.3.6.jar:/Users/stanislavkovalcuk/.m2/repository/com/h2database/h2/2.2.224/h2-2.2.224.jar:/Users/stanislavkovalcuk/.m2/repository/org/testcontainers/postgresql/1.19.7/postgresql-1.19.7.jar:/Users/stanislavkovalcuk/.m2/repository/org/testcontainers/jdbc/1.19.7/jdbc-1.19.7.jar:/Users/stanislavkovalcuk/.m2/repository/org/testcontainers/database-commons/1.19.7/database-commons-1.19.7.jar:/Users/stanislavkovalcuk/.m2/repository/org/testcontainers/testcontainers/1.19.7/testcontainers-1.19.7.jar:/Users/stanislavkovalcuk/.m2/repository/junit/junit/4.13.2/junit-4.13.2.jar:/Users/stanislavkovalcuk/.m2/repository/org/hamcrest/hamcrest-core/2.2/hamcrest-core-2.2.jar:/Users/stanislavkovalcuk/.m2/repository/org/apache/commons/commons-compress/1.24.0/commons-compress-1.24.0.jar:/Users/stanislavkovalcuk/.m2/repository/org/rnorth/duct-tape/duct-tape/1.0.8/duct-tape-1.0.8.jar:/Users/stanislavkovalcuk/.m2/repository/org/jetbrains/annotations/17.0.0/annotations-17.0.0.jar:/Users/stanislavkovalcuk/.m2/repository/com/github/docker-java/docker-java-api/3.3.6/docker-java-api-3.3.6.jar:/Users/stanislavkovalcuk/.m2/repository/com/github/docker-java/docker-java-transport-zerodep/3.3.6/docker-java-transport-zerodep-3.3.6.jar:/Users/stanislavkovalcuk/.m2/repository/com/github/docker-java/docker-java-transport/3.3.6/docker-java-transport-3.3.6.jar:/Users/stanislavkovalcuk/.m2/repository/net/java/dev/jna/jna/5.13.0/jna-5.13.0.jar:/Users/stanislavkovalcuk/.m2/repository/org/postgresql/postgresql/42.6.2/postgresql-42.6.2.jar:/Users/stanislavkovalcuk/.m2/repository/org/checkerframework/checker-qual/3.31.0/checker-qual-3.31.0.jar:/Users/stanislavkovalcuk/.m2/repository/org/projectlombok/lombok/1.18.30/lombok-1.18.30.jar:/Users/stanislavkovalcuk/.m2/repository/org/springframework/boot/spring-boot-starter-test/3.2.4/spring-boot-starter-test-3.2.4.jar:/Users/stanislavkovalcuk/.m2/repository/org/springframework/boot/spring-boot-test/3.2.4/spring-boot-test-3.2.4.jar:/Users/stanislavkovalcuk/.m2/repository/org/springframework/boot/spring-boot-test-autoconfigure/3.2.4/spring-boot-test-autoconfigure-3.2.4.jar:/Users/stanislavkovalcuk/.m2/repository/com/jayway/jsonpath/json-path/2.9.0/json-path-2.9.0.jar:/Users/stanislavkovalcuk/.m2/repository/jakarta/xml/bind/jakarta.xml.bind-api/4.0.2/jakarta.xml.bind-api-4.0.2.jar:/Users/stanislavkovalcuk/.m2/repository/jakarta/activation/jakarta.activation-api/2.1.3/jakarta.activation-api-2.1.3.jar:/Users/stanislavkovalcuk/.m2/repository/net/minidev/json-smart/2.5.0/json-smart-2.5.0.jar:/Users/stanislavkovalcuk/.m2/repository/net/minidev/accessors-smart/2.5.0/accessors-smart-2.5.0.jar:/Users/stanislavkovalcuk/.m2/repository/org/ow2/asm/asm/9.3/asm-9.3.jar:/Users/stanislavkovalcuk/.m2/repository/org/assertj/assertj-core/3.24.2/assertj-core-3.24.2.jar:/Users/stanislavkovalcuk/.m2/repository/org/awaitility/awaitility/4.2.0/awaitility-4.2.0.jar:/Users/stanislavkovalcuk/.m2/repository/org/hamcrest/hamcrest/2.2/hamcrest-2.2.jar:/Users/stanislavkovalcuk/.m2/repository/org/junit/jupiter/junit-jupiter/5.10.2/junit-jupiter-5.10.2.jar:/Users/stanislavkovalcuk/.m2/repository/org/junit/jupiter/junit-jupiter-params/5.10.2/junit-jupiter-params-5.10.2.jar:/Users/stanislavkovalcuk/.m2/repository/org/junit/jupiter/junit-jupiter-engine/5.10.2/junit-jupiter-engine-5.10.2.jar:/Users/stanislavkovalcuk/.m2/repository/org/mockito/mockito-core/5.7.0/mockito-core-5.7.0.jar:/Users/stanislavkovalcuk/.m2/repository/net/bytebuddy/byte-buddy-agent/1.14.12/byte-buddy-agent-1.14.12.jar:/Users/stanislavkovalcuk/.m2/repository/org/objenesis/objenesis/3.3/objenesis-3.3.jar:/Users/stanislavkovalcuk/.m2/repository/org/mockito/mockito-junit-jupiter/5.7.0/mockito-junit-jupiter-5.7.0.jar:/Users/stanislavkovalcuk/.m2/repository/org/skyscreamer/jsonassert/1.5.1/jsonassert-1.5.1.jar:/Users/stanislavkovalcuk/.m2/repository/com/vaadin/external/google/android-json/0.0.20131108.vaadin1/android-json-0.0.20131108.vaadin1.jar:/Users/stanislavkovalcuk/.m2/repository/org/springframework/spring-core/6.1.5/spring-core-6.1.5.jar:/Users/stanislavkovalcuk/.m2/repository/org/springframework/spring-jcl/6.1.5/spring-jcl-6.1.5.jar:/Users/stanislavkovalcuk/.m2/repository/org/springframework/spring-test/6.1.5/spring-test-6.1.5.jar:/Users/stanislavkovalcuk/.m2/repository/org/xmlunit/xmlunit-core/2.9.1/xmlunit-core-2.9.1.jar:/Users/stanislavkovalcuk/.m2/repository/org/springframework/kafka/spring-kafka-test/3.1.3/spring-kafka-test-3.1.3.jar:/Users/stanislavkovalcuk/.m2/repository/org/apache/zookeeper/zookeeper/3.8.4/zookeeper-3.8.4.jar:/Users/stanislavkovalcuk/.m2/repository/org/apache/zookeeper/zookeeper-jute/3.8.4/zookeeper-jute-3.8.4.jar:/Users/stanislavkovalcuk/.m2/repository/org/apache/yetus/audience-annotations/0.12.0/audience-annotations-0.12.0.jar:/Users/stanislavkovalcuk/.m2/repository/io/netty/netty-handler/4.1.107.Final/netty-handler-4.1.107.Final.jar:/Users/stanislavkovalcuk/.m2/repository/io/netty/netty-common/4.1.107.Final/netty-common-4.1.107.Final.jar:/Users/stanislavkovalcuk/.m2/repository/io/netty/netty-resolver/4.1.107.Final/netty-resolver-4.1.107.Final.jar:/Users/stanislavkovalcuk/.m2/repository/io/netty/netty-buffer/4.1.107.Final/netty-buffer-4.1.107.Final.jar:/Users/stanislavkovalcuk/.m2/repository/io/netty/netty-transport/4.1.107.Final/netty-transport-4.1.107.Final.jar:/Users/stanislavkovalcuk/.m2/repository/io/netty/netty-transport-native-unix-common/4.1.107.Final/netty-transport-native-unix-common-4.1.107.Final.jar:/Users/stanislavkovalcuk/.m2/repository/io/netty/netty-codec/4.1.107.Final/netty-codec-4.1.107.Final.jar:/Users/stanislavkovalcuk/.m2/repository/io/netty/netty-transport-native-epoll/4.1.107.Final/netty-transport-native-epoll-4.1.107.Final.jar:/Users/stanislavkovalcuk/.m2/repository/io/netty/netty-transport-classes-epoll/4.1.107.Final/netty-transport-classes-epoll-4.1.107.Final.jar:/Users/stanislavkovalcuk/.m2/repository/ch/qos/logback/logback-core/1.4.14/logback-core-1.4.14.jar:/Users/stanislavkovalcuk/.m2/repository/ch/qos/logback/logback-classic/1.4.14/logback-classic-1.4.14.jar:/Users/stanislavkovalcuk/.m2/repository/commons-io/commons-io/2.11.0/commons-io-2.11.0.jar:/Users/stanislavkovalcuk/.m2/repository/org/apache/kafka/kafka-clients/3.6.1/kafka-clients-3.6.1-test.jar:/Users/stanislavkovalcuk/.m2/repository/org/apache/kafka/kafka-metadata/3.6.1/kafka-metadata-3.6.1.jar:/Users/stanislavkovalcuk/.m2/repository/org/apache/kafka/kafka-raft/3.6.1/kafka-raft-3.6.1.jar:/Users/stanislavkovalcuk/.m2/repository/com/yammer/metrics/metrics-core/2.2.0/metrics-core-2.2.0.jar:/Users/stanislavkovalcuk/.m2/repository/org/apache/kafka/kafka-server-common/3.6.1/kafka-server-common-3.6.1.jar:/Users/stanislavkovalcuk/.m2/repository/net/sf/jopt-simple/jopt-simple/5.0.4/jopt-simple-5.0.4.jar:/Users/stanislavkovalcuk/.m2/repository/org/pcollections/pcollections/4.0.1/pcollections-4.0.1.jar:/Users/stanislavkovalcuk/.m2/repository/org/apache/kafka/kafka-server-common/3.6.1/kafka-server-common-3.6.1-test.jar:/Users/stanislavkovalcuk/.m2/repository/org/apache/kafka/kafka-streams-test-utils/3.6.1/kafka-streams-test-utils-3.6.1.jar:/Users/stanislavkovalcuk/.m2/repository/org/apache/kafka/kafka-streams/3.6.1/kafka-streams-3.6.1.jar:/Users/stanislavkovalcuk/.m2/repository/org/rocksdb/rocksdbjni/7.9.2/rocksdbjni-7.9.2.jar:/Users/stanislavkovalcuk/.m2/repository/org/apache/kafka/kafka_2.13/3.6.1/kafka_2.13-3.6.1.jar:/Users/stanislavkovalcuk/.m2/repository/org/scala-lang/scala-library/2.13.11/scala-library-2.13.11.jar:/Users/stanislavkovalcuk/.m2/repository/org/apache/kafka/kafka-group-coordinator/3.6.1/kafka-group-coordinator-3.6.1.jar:/Users/stanislavkovalcuk/.m2/repository/org/apache/kafka/kafka-storage-api/3.6.1/kafka-storage-api-3.6.1.jar:/Users/stanislavkovalcuk/.m2/repository/org/apache/kafka/kafka-tools-api/3.6.1/kafka-tools-api-3.6.1.jar:/Users/stanislavkovalcuk/.m2/repository/org/apache/kafka/kafka-storage/3.6.1/kafka-storage-3.6.1.jar:/Users/stanislavkovalcuk/.m2/repository/com/github/ben-manes/caffeine/caffeine/3.1.8/caffeine-3.1.8.jar:/Users/stanislavkovalcuk/.m2/repository/com/google/errorprone/error_prone_annotations/2.21.1/error_prone_annotations-2.21.1.jar:/Users/stanislavkovalcuk/.m2/repository/net/sourceforge/argparse4j/argparse4j/0.7.0/argparse4j-0.7.0.jar:/Users/stanislavkovalcuk/.m2/repository/commons-validator/commons-validator/1.7/commons-validator-1.7.jar:/Users/stanislavkovalcuk/.m2/repository/commons-beanutils/commons-beanutils/1.9.4/commons-beanutils-1.9.4.jar:/Users/stanislavkovalcuk/.m2/repository/commons-digester/commons-digester/2.1/commons-digester-2.1.jar:/Users/stanislavkovalcuk/.m2/repository/commons-collections/commons-collections/3.2.2/commons-collections-3.2.2.jar:/Users/stanislavkovalcuk/.m2/repository/com/fasterxml/jackson/module/jackson-module-scala_2.13/2.15.4/jackson-module-scala_2.13-2.15.4.jar:/Users/stanislavkovalcuk/.m2/repository/com/thoughtworks/paranamer/paranamer/2.8/paranamer-2.8.jar:/Users/stanislavkovalcuk/.m2/repository/com/fasterxml/jackson/dataformat/jackson-dataformat-csv/2.15.4/jackson-dataformat-csv-2.15.4.jar:/Users/stanislavkovalcuk/.m2/repository/org/bitbucket/b_c/jose4j/0.9.3/jose4j-0.9.3.jar:/Users/stanislavkovalcuk/.m2/repository/org/scala-lang/modules/scala-collection-compat_2.13/2.10.0/scala-collection-compat_2.13-2.10.0.jar:/Users/stanislavkovalcuk/.m2/repository/org/scala-lang/modules/scala-java8-compat_2.13/1.0.2/scala-java8-compat_2.13-1.0.2.jar:/Users/stanislavkovalcuk/.m2/repository/org/scala-lang/scala-reflect/2.13.11/scala-reflect-2.13.11.jar:/Users/stanislavkovalcuk/.m2/repository/com/typesafe/scala-logging/scala-logging_2.13/3.9.4/scala-logging_2.13-3.9.4.jar:/Users/stanislavkovalcuk/.m2/repository/io/dropwizard/metrics/metrics-core/4.2.25/metrics-core-4.2.25.jar:/Users/stanislavkovalcuk/.m2/repository/commons-cli/commons-cli/1.4/commons-cli-1.4.jar:/Users/stanislavkovalcuk/.m2/repository/org/apache/kafka/kafka_2.13/3.6.1/kafka_2.13-3.6.1-test.jar:/Users/stanislavkovalcuk/.m2/repository/org/junit/jupiter/junit-jupiter-api/5.10.2/junit-jupiter-api-5.10.2.jar:/Users/stanislavkovalcuk/.m2/repository/org/opentest4j/opentest4j/1.3.0/opentest4j-1.3.0.jar:/Users/stanislavkovalcuk/.m2/repository/org/junit/platform/junit-platform-commons/1.10.2/junit-platform-commons-1.10.2.jar:/Users/stanislavkovalcuk/.m2/repository/org/apiguardian/apiguardian-api/1.1.2/apiguardian-api-1.1.2.jar:/Users/stanislavkovalcuk/.m2/repository/org/junit/platform/junit-platform-launcher/1.10.2/junit-platform-launcher-1.10.2.jar:/Users/stanislavkovalcuk/.m2/repository/org/junit/platform/junit-platform-engine/1.10.2/junit-platform-engine-1.10.2.jar:/Users/stanislavkovalcuk/.m2/repository/org/springframework/security/spring-security-test/6.2.3/spring-security-test-6.2.3.jar:/Users/stanislavkovalcuk/.m2/repository/org/springframework/security/spring-security-core/6.2.3/spring-security-core-6.2.3.jar:/Users/stanislavkovalcuk/.m2/repository/org/springframework/security/spring-security-crypto/6.2.3/spring-security-crypto-6.2.3.jar:"/>
    <property name="sun.cpu.endian" value="little"/>
    <property name="user.home" value="/Users/stanislavkovalcuk"/>
    <property name="user.language" value="ru"/>
    <property name="java.specification.vendor" value="Oracle Corporation"/>
    <property name="java.version.date" value="2024-04-16"/>
    <property name="java.home" value="/Users/stanislavkovalcuk/Library/Java/JavaVirtualMachines/openjdk-22.0.1/Contents/Home"/>
    <property name="file.separator" value="/"/>
    <property name="basedir" value="/Users/stanislavkovalcuk/test/FreelancePlatform"/>
    <property name="java.vm.compressedOopsMode" value="Zero based"/>
    <property name="line.separator" value="&#10;"/>
    <property name="java.vm.specification.vendor" value="Oracle Corporation"/>
    <property name="java.specification.name" value="Java Platform API Specification"/>
    <property name="FILE_LOG_CHARSET" value="UTF-8"/>
    <property name="java.awt.headless" value="true"/>
    <property name="apple.awt.application.name" value="ForkedBooter"/>
    <property name="surefire.real.class.path" value="/Users/stanislavkovalcuk/test/FreelancePlatform/target/surefire/surefirebooter-20240627155548165_3.jar"/>
    <property name="sun.management.compiler" value="HotSpot 64-Bit Tiered Compilers"/>
    <property name="ftp.nonProxyHosts" value="local|*.local|169.254/16|*.169.254/16"/>
    <property name="java.runtime.version" value="22.0.1+8-16"/>
    <property name="user.name" value="stanislavkovalcuk"/>
    <property name="stdout.encoding" value="UTF-8"/>
    <property name="path.separator" value=":"/>
    <property name="os.version" value="14.5"/>
    <property name="java.runtime.name" value="OpenJDK Runtime Environment"/>
    <property name="file.encoding" value="UTF-8"/>
    <property name="java.vm.name" value="OpenJDK 64-Bit Server VM"/>
    <property name="localRepository" value="/Users/stanislavkovalcuk/.m2/repository"/>
    <property name="java.vendor.url.bug" value="https://bugreport.java.com/bugreport/"/>
    <property name="java.io.tmpdir" value="/var/folders/rf/_269314s3_l36m44g36whcx80000gn/T/"/>
    <property name="idea.version" value="2022.3.2"/>
    <property name="com.zaxxer.hikari.pool_number" value="2"/>
    <property name="java.version" value="22.0.1"/>
    <property name="user.dir" value="/Users/stanislavkovalcuk/test/FreelancePlatform"/>
    <property name="os.arch" value="aarch64"/>
    <property name="java.vm.specification.name" value="Java Virtual Machine Specification"/>
    <property name="PID" value="36935"/>
    <property name="CONSOLE_LOG_CHARSET" value="UTF-8"/>
    <property name="native.encoding" value="UTF-8"/>
    <property name="java.library.path" value="/Users/stanislavkovalcuk/Library/Java/Extensions:/Library/Java/Extensions:/Network/Library/Java/Extensions:/System/Library/Java/Extensions:/usr/lib/java:."/>
    <property name="java.vm.info" value="mixed mode, sharing"/>
    <property name="stderr.encoding" value="UTF-8"/>
    <property name="java.vendor" value="Oracle Corporation"/>
    <property name="java.vm.version" value="22.0.1+8-16"/>
    <property name="sun.io.unicode.encoding" value="UnicodeBig"/>
    <property name="socksNonProxyHosts" value="local|*.local|169.254/16|*.169.254/16"/>
    <property name="java.class.version" value="66.0"/>
    <property name="LOGGED_APPLICATION_NAME" value="[FreelancePlatform] "/>
  </properties>
  <testcase name="deleteByAdminReturnsStatusNoContent" classname="freelanceplatform.controllers.ProposalControllerTest" time="0.196">
    <system-out><![CDATA[&amp#27;[2m2024-06-27T15:56:02.526+02:00&amp#27;[0;39m &amp#27;[32m INFO&amp#27;[0;39m &amp#27;[35m36935&amp#27;[0;39m &amp#27;[2m---&amp#27;[0;39m &amp#27;[2m[FreelancePlatform] [           main]&amp#27;[0;39m &amp#27;[2m&amp#27;[0;39m&amp#27;[36mt.c.s.AnnotationConfigContextLoaderUtils&amp#27;[0;39m &amp#27;[2m:&amp#27;[0;39m Could not detect default configuration classes for test class [freelanceplatform.controllers.ProposalControllerTest]: ProposalControllerTest does not declare any static, non-private, non-final, nested classes annotated with @Configuration.
&amp#27;[2m2024-06-27T15:56:02.530+02:00&amp#27;[0;39m &amp#27;[32m INFO&amp#27;[0;39m &amp#27;[35m36935&amp#27;[0;39m &amp#27;[2m---&amp#27;[0;39m &amp#27;[2m[FreelancePlatform] [           main]&amp#27;[0;39m &amp#27;[2m&amp#27;[0;39m&amp#27;[36m.b.t.c.SpringBootTestContextBootstrapper&amp#27;[0;39m &amp#27;[2m:&amp#27;[0;39m Found @SpringBootConfiguration freelanceplatform.FreelancePlatformApplication for test class freelanceplatform.controllers.ProposalControllerTest
&amp#27;[2m2024-06-27T15:56:02.534+02:00&amp#27;[0;39m &amp#27;[32m INFO&amp#27;[0;39m &amp#27;[35m36935&amp#27;[0;39m &amp#27;[2m---&amp#27;[0;39m &amp#27;[2m[FreelancePlatform] [           main]&amp#27;[0;39m &amp#27;[2m&amp#27;[0;39m&amp#27;[36mtc.postgres:16-alpine                   &amp#27;[0;39m &amp#27;[2m:&amp#27;[0;39m Creating container for image: postgres:16-alpine
&amp#27;[2m2024-06-27T15:56:02.589+02:00&amp#27;[0;39m &amp#27;[32m INFO&amp#27;[0;39m &amp#27;[35m36935&amp#27;[0;39m &amp#27;[2m---&amp#27;[0;39m &amp#27;[2m[FreelancePlatform] [           main]&amp#27;[0;39m &amp#27;[2m&amp#27;[0;39m&amp#27;[36mtc.postgres:16-alpine                   &amp#27;[0;39m &amp#27;[2m:&amp#27;[0;39m Container postgres:16-alpine is starting: 43b956cca7b66c1412ca0075bbc9b04d75f02560eb571daf2b366d53156c4610
&amp#27;[2m2024-06-27T15:56:03.551+02:00&amp#27;[0;39m &amp#27;[32m INFO&amp#27;[0;39m &amp#27;[35m36935&amp#27;[0;39m &amp#27;[2m---&amp#27;[0;39m &amp#27;[2m[FreelancePlatform] [           main]&amp#27;[0;39m &amp#27;[2m&amp#27;[0;39m&amp#27;[36mtc.postgres:16-alpine                   &amp#27;[0;39m &amp#27;[2m:&amp#27;[0;39m Container postgres:16-alpine started in PT1.017025S
&amp#27;[2m2024-06-27T15:56:03.551+02:00&amp#27;[0;39m &amp#27;[32m INFO&amp#27;[0;39m &amp#27;[35m36935&amp#27;[0;39m &amp#27;[2m---&amp#27;[0;39m &amp#27;[2m[FreelancePlatform] [           main]&amp#27;[0;39m &amp#27;[2m&amp#27;[0;39m&amp#27;[36mtc.postgres:16-alpine                   &amp#27;[0;39m &amp#27;[2m:&amp#27;[0;39m Container is started (JDBC URL: jdbc:postgresql://localhost:59206/test?loggerLevel=OFF)
&amp#27;[2m2024-06-27T15:56:03.554+02:00&amp#27;[0;39m &amp#27;[32m INFO&amp#27;[0;39m &amp#27;[35m36935&amp#27;[0;39m &amp#27;[2m---&amp#27;[0;39m &amp#27;[2m[FreelancePlatform] [           main]&amp#27;[0;39m &amp#27;[2m&amp#27;[0;39m&amp#27;[36mo.s.b.d.r.RestartApplicationListener    &amp#27;[0;39m &amp#27;[2m:&amp#27;[0;39m Restart disabled due to context in which it is running

  .   ____          _            __ _ _
 /\\ / ___'_ __ _ _(_)_ __  __ _ \ \ \ \
( ( )\___ | '_ | '_| | '_ \/ _` | \ \ \ \
 \\/  ___)| |_)| | | | | || (_| |  ) ) ) )
  '  |____| .__|_| |_|_| |_\__, | / / / /
 =========|_|==============|___/=/_/_/_/
&amp#27;[32m :: Spring Boot :: &amp#27;[39m              &amp#27;[2m (v3.2.4)&amp#27;[0;39m

&amp#27;[2m2024-06-27T15:56:03.572+02:00&amp#27;[0;39m &amp#27;[32m INFO&amp#27;[0;39m &amp#27;[35m36935&amp#27;[0;39m &amp#27;[2m---&amp#27;[0;39m &amp#27;[2m[FreelancePlatform] [           main]&amp#27;[0;39m &amp#27;[2m&amp#27;[0;39m&amp#27;[36mf.controllers.ProposalControllerTest    &amp#27;[0;39m &amp#27;[2m:&amp#27;[0;39m Starting ProposalControllerTest using Java 22.0.1 with PID 36935 (started by stanislavkovalcuk in /Users/stanislavkovalcuk/test/FreelancePlatform)
&amp#27;[2m2024-06-27T15:56:03.572+02:00&amp#27;[0;39m &amp#27;[32m INFO&amp#27;[0;39m &amp#27;[35m36935&amp#27;[0;39m &amp#27;[2m---&amp#27;[0;39m &amp#27;[2m[FreelancePlatform] [           main]&amp#27;[0;39m &amp#27;[2m&amp#27;[0;39m&amp#27;[36mf.controllers.ProposalControllerTest    &amp#27;[0;39m &amp#27;[2m:&amp#27;[0;39m No active profile set, falling back to 1 default profile: "default"
&amp#27;[2m2024-06-27T15:56:03.679+02:00&amp#27;[0;39m &amp#27;[32m INFO&amp#27;[0;39m &amp#27;[35m36935&amp#27;[0;39m &amp#27;[2m---&amp#27;[0;39m &amp#27;[2m[FreelancePlatform] [           main]&amp#27;[0;39m &amp#27;[2m&amp#27;[0;39m&amp#27;[36m.s.d.r.c.RepositoryConfigurationDelegate&amp#27;[0;39m &amp#27;[2m:&amp#27;[0;39m Bootstrapping Spring Data JPA repositories in DEFAULT mode.
&amp#27;[2m2024-06-27T15:56:03.685+02:00&amp#27;[0;39m &amp#27;[32m INFO&amp#27;[0;39m &amp#27;[35m36935&amp#27;[0;39m &amp#27;[2m---&amp#27;[0;39m &amp#27;[2m[FreelancePlatform] [           main]&amp#27;[0;39m &amp#27;[2m&amp#27;[0;39m&amp#27;[36m.s.d.r.c.RepositoryConfigurationDelegate&amp#27;[0;39m &amp#27;[2m:&amp#27;[0;39m Finished Spring Data repository scanning in 6 ms. Found 6 JPA repository interfaces.
&amp#27;[2m2024-06-27T15:56:03.718+02:00&amp#27;[0;39m &amp#27;[32m INFO&amp#27;[0;39m &amp#27;[35m36935&amp#27;[0;39m &amp#27;[2m---&amp#27;[0;39m &amp#27;[2m[FreelancePlatform] [           main]&amp#27;[0;39m &amp#27;[2m&amp#27;[0;39m&amp#27;[36mc.h.i.config.AbstractConfigLocator      &amp#27;[0;39m &amp#27;[2m:&amp#27;[0;39m Loading 'hazelcast.yaml' from the classpath.
&amp#27;[2m2024-06-27T15:56:03.723+02:00&amp#27;[0;39m &amp#27;[32m INFO&amp#27;[0;39m &amp#27;[35m36935&amp#27;[0;39m &amp#27;[2m---&amp#27;[0;39m &amp#27;[2m[FreelancePlatform] [           main]&amp#27;[0;39m &amp#27;[2m&amp#27;[0;39m&amp#27;[36mcom.hazelcast.system.logo               &amp#27;[0;39m &amp#27;[2m:&amp#27;[0;39m [192.168.68.1]:5701 [dev] [5.3.6] 
	+       +  o    o     o     o---o o----o o      o---o     o     o----o o--o--o
	+ +   + +  |    |    / \       /  |      |     /         / \    |         |   
	+ + + + +  o----o   o   o     o   o----o |    o         o   o   o----o    |   
	+ +   + +  |    |  /     \   /    |      |     \       /     \       |    |   
	+       +  o    o o       o o---o o----o o----o o---o o       o o----o    o   
&amp#27;[2m2024-06-27T15:56:03.723+02:00&amp#27;[0;39m &amp#27;[32m INFO&amp#27;[0;39m &amp#27;[35m36935&amp#27;[0;39m &amp#27;[2m---&amp#27;[0;39m &amp#27;[2m[FreelancePlatform] [           main]&amp#27;[0;39m &amp#27;[2m&amp#27;[0;39m&amp#27;[36mcom.hazelcast.system                    &amp#27;[0;39m &amp#27;[2m:&amp#27;[0;39m [192.168.68.1]:5701 [dev] [5.3.6] Copyright (c) 2008-2023, Hazelcast, Inc. All Rights Reserved.
&amp#27;[2m2024-06-27T15:56:03.723+02:00&amp#27;[0;39m &amp#27;[32m INFO&amp#27;[0;39m &amp#27;[35m36935&amp#27;[0;39m &amp#27;[2m---&amp#27;[0;39m &amp#27;[2m[FreelancePlatform] [           main]&amp#27;[0;39m &amp#27;[2m&amp#27;[0;39m&amp#27;[36mcom.hazelcast.system                    &amp#27;[0;39m &amp#27;[2m:&amp#27;[0;39m [192.168.68.1]:5701 [dev] [5.3.6] Hazelcast Platform 5.3.6 (20231109 - 9903dc9) starting at [192.168.68.1]:5701
&amp#27;[2m2024-06-27T15:56:03.723+02:00&amp#27;[0;39m &amp#27;[32m INFO&amp#27;[0;39m &amp#27;[35m36935&amp#27;[0;39m &amp#27;[2m---&amp#27;[0;39m &amp#27;[2m[FreelancePlatform] [           main]&amp#27;[0;39m &amp#27;[2m&amp#27;[0;39m&amp#27;[36mcom.hazelcast.system                    &amp#27;[0;39m &amp#27;[2m:&amp#27;[0;39m [192.168.68.1]:5701 [dev] [5.3.6] Cluster name: dev
&amp#27;[2m2024-06-27T15:56:03.723+02:00&amp#27;[0;39m &amp#27;[32m INFO&amp#27;[0;39m &amp#27;[35m36935&amp#27;[0;39m &amp#27;[2m---&amp#27;[0;39m &amp#27;[2m[FreelancePlatform] [           main]&amp#27;[0;39m &amp#27;[2m&amp#27;[0;39m&amp#27;[36mcom.hazelcast.system                    &amp#27;[0;39m &amp#27;[2m:&amp#27;[0;39m [192.168.68.1]:5701 [dev] [5.3.6] Integrity Checker is disabled. Fail-fast on corrupted executables will not be performed. For more information, see the documentation for Integrity Checker.
&amp#27;[2m2024-06-27T15:56:03.723+02:00&amp#27;[0;39m &amp#27;[32m INFO&amp#27;[0;39m &amp#27;[35m36935&amp#27;[0;39m &amp#27;[2m---&amp#27;[0;39m &amp#27;[2m[FreelancePlatform] [           main]&amp#27;[0;39m &amp#27;[2m&amp#27;[0;39m&amp#27;[36mcom.hazelcast.system                    &amp#27;[0;39m &amp#27;[2m:&amp#27;[0;39m [192.168.68.1]:5701 [dev] [5.3.6] The Jet engine is disabled.
To enable the Jet engine on the members, do one of the following:
  - Change member config using Java API: config.getJetConfig().setEnabled(true)
  - Change XML/YAML configuration property: Set hazelcast.jet.enabled to true
  - Add system property: -Dhz.jet.enabled=true (for Hazelcast embedded, works only when loading config via Config.load)
  - Add environment variable: HZ_JET_ENABLED=true (recommended when running container image. For Hazelcast embedded, works only when loading config via Config.load)
&amp#27;[2m2024-06-27T15:56:03.725+02:00&amp#27;[0;39m &amp#27;[32m INFO&amp#27;[0;39m &amp#27;[35m36935&amp#27;[0;39m &amp#27;[2m---&amp#27;[0;39m &amp#27;[2m[FreelancePlatform] [           main]&amp#27;[0;39m &amp#27;[2m&amp#27;[0;39m&amp#27;[36mc.h.internal.tpc.TpcServerBootstrap     &amp#27;[0;39m &amp#27;[2m:&amp#27;[0;39m [192.168.68.1]:5701 [dev] [5.3.6] TPC: disabled
&amp#27;[2m2024-06-27T15:56:03.746+02:00&amp#27;[0;39m &amp#27;[32m INFO&amp#27;[0;39m &amp#27;[35m36935&amp#27;[0;39m &amp#27;[2m---&amp#27;[0;39m &amp#27;[2m[FreelancePlatform] [           main]&amp#27;[0;39m &amp#27;[2m&amp#27;[0;39m&amp#27;[36mcom.hazelcast.system.security           &amp#27;[0;39m &amp#27;[2m:&amp#27;[0;39m [192.168.68.1]:5701 [dev] [5.3.6] Enable DEBUG/FINE log level for log category com.hazelcast.system.security  or use -Dhazelcast.security.recommendations system property to see 🔒 security recommendations and the status of current config.
&amp#27;[2m2024-06-27T15:56:03.748+02:00&amp#27;[0;39m &amp#27;[32m INFO&amp#27;[0;39m &amp#27;[35m36935&amp#27;[0;39m &amp#27;[2m---&amp#27;[0;39m &amp#27;[2m[FreelancePlatform] [           main]&amp#27;[0;39m &amp#27;[2m&amp#27;[0;39m&amp#27;[36mcom.hazelcast.instance.impl.Node        &amp#27;[0;39m &amp#27;[2m:&amp#27;[0;39m [192.168.68.1]:5701 [dev] [5.3.6] Using Multicast discovery
&amp#27;[2m2024-06-27T15:56:03.748+02:00&amp#27;[0;39m &amp#27;[33m WARN&amp#27;[0;39m &amp#27;[35m36935&amp#27;[0;39m &amp#27;[2m---&amp#27;[0;39m &amp#27;[2m[FreelancePlatform] [           main]&amp#27;[0;39m &amp#27;[2m&amp#27;[0;39m&amp#27;[36mcom.hazelcast.cp.CPSubsystem            &amp#27;[0;39m &amp#27;[2m:&amp#27;[0;39m [192.168.68.1]:5701 [dev] [5.3.6] CP Subsystem is not enabled. CP data structures will operate in UNSAFE mode! Please note that UNSAFE mode will not provide strong consistency guarantees.
&amp#27;[2m2024-06-27T15:56:03.752+02:00&amp#27;[0;39m &amp#27;[32m INFO&amp#27;[0;39m &amp#27;[35m36935&amp#27;[0;39m &amp#27;[2m---&amp#27;[0;39m &amp#27;[2m[FreelancePlatform] [           main]&amp#27;[0;39m &amp#27;[2m&amp#27;[0;39m&amp#27;[36mc.h.internal.diagnostics.Diagnostics    &amp#27;[0;39m &amp#27;[2m:&amp#27;[0;39m [192.168.68.1]:5701 [dev] [5.3.6] Diagnostics disabled. To enable add -Dhazelcast.diagnostics.enabled=true to the JVM arguments.
&amp#27;[2m2024-06-27T15:56:03.752+02:00&amp#27;[0;39m &amp#27;[32m INFO&amp#27;[0;39m &amp#27;[35m36935&amp#27;[0;39m &amp#27;[2m---&amp#27;[0;39m &amp#27;[2m[FreelancePlatform] [           main]&amp#27;[0;39m &amp#27;[2m&amp#27;[0;39m&amp#27;[36mcom.hazelcast.core.LifecycleService     &amp#27;[0;39m &amp#27;[2m:&amp#27;[0;39m [192.168.68.1]:5701 [dev] [5.3.6] [192.168.68.1]:5701 is STARTING
&amp#27;[2m2024-06-27T15:56:06.000+02:00&amp#27;[0;39m &amp#27;[32m INFO&amp#27;[0;39m &amp#27;[35m36935&amp#27;[0;39m &amp#27;[2m---&amp#27;[0;39m &amp#27;[2m[FreelancePlatform] [           main]&amp#27;[0;39m &amp#27;[2m&amp#27;[0;39m&amp#27;[36mc.h.internal.cluster.ClusterService     &amp#27;[0;39m &amp#27;[2m:&amp#27;[0;39m [192.168.68.1]:5701 [dev] [5.3.6] 

Members {size:1, ver:1} [
	Member [192.168.68.1]:5701 - 16c1711e-b00c-4b3b-beef-38a8070c4a47 this
]

&amp#27;[2m2024-06-27T15:56:06.001+02:00&amp#27;[0;39m &amp#27;[32m INFO&amp#27;[0;39m &amp#27;[35m36935&amp#27;[0;39m &amp#27;[2m---&amp#27;[0;39m &amp#27;[2m[FreelancePlatform] [           main]&amp#27;[0;39m &amp#27;[2m&amp#27;[0;39m&amp#27;[36mcom.hazelcast.core.LifecycleService     &amp#27;[0;39m &amp#27;[2m:&amp#27;[0;39m [192.168.68.1]:5701 [dev] [5.3.6] [192.168.68.1]:5701 is STARTED
&amp#27;[2m2024-06-27T15:56:06.035+02:00&amp#27;[0;39m &amp#27;[32m INFO&amp#27;[0;39m &amp#27;[35m36935&amp#27;[0;39m &amp#27;[2m---&amp#27;[0;39m &amp#27;[2m[FreelancePlatform] [           main]&amp#27;[0;39m &amp#27;[2m&amp#27;[0;39m&amp#27;[36mcom.zaxxer.hikari.HikariDataSource      &amp#27;[0;39m &amp#27;[2m:&amp#27;[0;39m HikariPool-2 - Starting...
&amp#27;[2m2024-06-27T15:56:06.072+02:00&amp#27;[0;39m &amp#27;[32m INFO&amp#27;[0;39m &amp#27;[35m36935&amp#27;[0;39m &amp#27;[2m---&amp#27;[0;39m &amp#27;[2m[FreelancePlatform] [           main]&amp#27;[0;39m &amp#27;[2m&amp#27;[0;39m&amp#27;[36mcom.zaxxer.hikari.pool.HikariPool       &amp#27;[0;39m &amp#27;[2m:&amp#27;[0;39m HikariPool-2 - Added connection org.postgresql.jdbc.PgConnection@32f5a26b
&amp#27;[2m2024-06-27T15:56:06.072+02:00&amp#27;[0;39m &amp#27;[32m INFO&amp#27;[0;39m &amp#27;[35m36935&amp#27;[0;39m &amp#27;[2m---&amp#27;[0;39m &amp#27;[2m[FreelancePlatform] [           main]&amp#27;[0;39m &amp#27;[2m&amp#27;[0;39m&amp#27;[36mcom.zaxxer.hikari.HikariDataSource      &amp#27;[0;39m &amp#27;[2m:&amp#27;[0;39m HikariPool-2 - Start completed.
&amp#27;[2m2024-06-27T15:56:06.082+02:00&amp#27;[0;39m &amp#27;[32m INFO&amp#27;[0;39m &amp#27;[35m36935&amp#27;[0;39m &amp#27;[2m---&amp#27;[0;39m &amp#27;[2m[FreelancePlatform] [           main]&amp#27;[0;39m &amp#27;[2m&amp#27;[0;39m&amp#27;[36mliquibase.database                      &amp#27;[0;39m &amp#27;[2m:&amp#27;[0;39m Set default schema name to public
&amp#27;[2m2024-06-27T15:56:06.095+02:00&amp#27;[0;39m &amp#27;[32m INFO&amp#27;[0;39m &amp#27;[35m36935&amp#27;[0;39m &amp#27;[2m---&amp#27;[0;39m &amp#27;[2m[FreelancePlatform] [           main]&amp#27;[0;39m &amp#27;[2m&amp#27;[0;39m&amp#27;[36mliquibase.changelog                     &amp#27;[0;39m &amp#27;[2m:&amp#27;[0;39m Creating database history table with name: public.databasechangelog
&amp#27;[2m2024-06-27T15:56:06.102+02:00&amp#27;[0;39m &amp#27;[32m INFO&amp#27;[0;39m &amp#27;[35m36935&amp#27;[0;39m &amp#27;[2m---&amp#27;[0;39m &amp#27;[2m[FreelancePlatform] [           main]&amp#27;[0;39m &amp#27;[2m&amp#27;[0;39m&amp#27;[36mliquibase.changelog                     &amp#27;[0;39m &amp#27;[2m:&amp#27;[0;39m Reading from public.databasechangelog
&amp#27;[2m2024-06-27T15:56:06.122+02:00&amp#27;[0;39m &amp#27;[32m INFO&amp#27;[0;39m &amp#27;[35m36935&amp#27;[0;39m &amp#27;[2m---&amp#27;[0;39m &amp#27;[2m[FreelancePlatform] [           main]&amp#27;[0;39m &amp#27;[2m&amp#27;[0;39m&amp#27;[36mliquibase.lockservice                   &amp#27;[0;39m &amp#27;[2m:&amp#27;[0;39m Successfully acquired change log lock
&amp#27;[2m2024-06-27T15:56:06.123+02:00&amp#27;[0;39m &amp#27;[32m INFO&amp#27;[0;39m &amp#27;[35m36935&amp#27;[0;39m &amp#27;[2m---&amp#27;[0;39m &amp#27;[2m[FreelancePlatform] [           main]&amp#27;[0;39m &amp#27;[2m&amp#27;[0;39m&amp#27;[36mliquibase.command                       &amp#27;[0;39m &amp#27;[2m:&amp#27;[0;39m Using deploymentId: 9496566123
&amp#27;[2m2024-06-27T15:56:06.124+02:00&amp#27;[0;39m &amp#27;[32m INFO&amp#27;[0;39m &amp#27;[35m36935&amp#27;[0;39m &amp#27;[2m---&amp#27;[0;39m &amp#27;[2m[FreelancePlatform] [           main]&amp#27;[0;39m &amp#27;[2m&amp#27;[0;39m&amp#27;[36mliquibase.changelog                     &amp#27;[0;39m &amp#27;[2m:&amp#27;[0;39m Reading from public.databasechangelog
Running Changeset: db/changelog/db.changelog-1.0.sql::raw::includeAll
&amp#27;[2m2024-06-27T15:56:06.151+02:00&amp#27;[0;39m &amp#27;[32m INFO&amp#27;[0;39m &amp#27;[35m36935&amp#27;[0;39m &amp#27;[2m---&amp#27;[0;39m &amp#27;[2m[FreelancePlatform] [           main]&amp#27;[0;39m &amp#27;[2m&amp#27;[0;39m&amp#27;[36mliquibase.changelog                     &amp#27;[0;39m &amp#27;[2m:&amp#27;[0;39m Custom SQL executed
&amp#27;[2m2024-06-27T15:56:06.152+02:00&amp#27;[0;39m &amp#27;[32m INFO&amp#27;[0;39m &amp#27;[35m36935&amp#27;[0;39m &amp#27;[2m---&amp#27;[0;39m &amp#27;[2m[FreelancePlatform] [           main]&amp#27;[0;39m &amp#27;[2m&amp#27;[0;39m&amp#27;[36mliquibase.changelog                     &amp#27;[0;39m &amp#27;[2m:&amp#27;[0;39m ChangeSet db/changelog/db.changelog-1.0.sql::raw::includeAll ran successfully in 26ms
Running Changeset: db/changelog/db.changelog-1.1.sql::raw::includeAll
&amp#27;[2m2024-06-27T15:56:06.162+02:00&amp#27;[0;39m &amp#27;[32m INFO&amp#27;[0;39m &amp#27;[35m36935&amp#27;[0;39m &amp#27;[2m---&amp#27;[0;39m &amp#27;[2m[FreelancePlatform] [           main]&amp#27;[0;39m &amp#27;[2m&amp#27;[0;39m&amp#27;[36mliquibase.changelog                     &amp#27;[0;39m &amp#27;[2m:&amp#27;[0;39m Custom SQL executed
&amp#27;[2m2024-06-27T15:56:06.162+02:00&amp#27;[0;39m &amp#27;[32m INFO&amp#27;[0;39m &amp#27;[35m36935&amp#27;[0;39m &amp#27;[2m---&amp#27;[0;39m &amp#27;[2m[FreelancePlatform] [           main]&amp#27;[0;39m &amp#27;[2m&amp#27;[0;39m&amp#27;[36mliquibase.changelog                     &amp#27;[0;39m &amp#27;[2m:&amp#27;[0;39m ChangeSet db/changelog/db.changelog-1.1.sql::raw::includeAll ran successfully in 7ms
Running Changeset: db/changelog/db.changelog-2.0.sql::raw::includeAll
&amp#27;[2m2024-06-27T15:56:06.167+02:00&amp#27;[0;39m &amp#27;[32m INFO&amp#27;[0;39m &amp#27;[35m36935&amp#27;[0;39m &amp#27;[2m---&amp#27;[0;39m &amp#27;[2m[FreelancePlatform] [           main]&amp#27;[0;39m &amp#27;[2m&amp#27;[0;39m&amp#27;[36mliquibase.changelog                     &amp#27;[0;39m &amp#27;[2m:&amp#27;[0;39m Custom SQL executed
&amp#27;[2m2024-06-27T15:56:06.167+02:00&amp#27;[0;39m &amp#27;[32m INFO&amp#27;[0;39m &amp#27;[35m36935&amp#27;[0;39m &amp#27;[2m---&amp#27;[0;39m &amp#27;[2m[FreelancePlatform] [           main]&amp#27;[0;39m &amp#27;[2m&amp#27;[0;39m&amp#27;[36mliquibase.changelog                     &amp#27;[0;39m &amp#27;[2m:&amp#27;[0;39m ChangeSet db/changelog/db.changelog-2.0.sql::raw::includeAll ran successfully in 3ms
&amp#27;[2m2024-06-27T15:56:06.169+02:00&amp#27;[0;39m &amp#27;[32m INFO&amp#27;[0;39m &amp#27;[35m36935&amp#27;[0;39m &amp#27;[2m---&amp#27;[0;39m &amp#27;[2m[FreelancePlatform] [           main]&amp#27;[0;39m &amp#27;[2m&amp#27;[0;39m&amp#27;[36mliquibase.util                          &amp#27;[0;39m &amp#27;[2m:&amp#27;[0;39m UPDATE SUMMARY
&amp#27;[2m2024-06-27T15:56:06.169+02:00&amp#27;[0;39m &amp#27;[32m INFO&amp#27;[0;39m &amp#27;[35m36935&amp#27;[0;39m &amp#27;[2m---&amp#27;[0;39m &amp#27;[2m[FreelancePlatform] [           main]&amp#27;[0;39m &amp#27;[2m&amp#27;[0;39m&amp#27;[36mliquibase.util                          &amp#27;[0;39m &amp#27;[2m:&amp#27;[0;39m Run:                          3
&amp#27;[2m2024-06-27T15:56:06.169+02:00&amp#27;[0;39m &amp#27;[32m INFO&amp#27;[0;39m &amp#27;[35m36935&amp#27;[0;39m &amp#27;[2m---&amp#27;[0;39m &amp#27;[2m[FreelancePlatform] [           main]&amp#27;[0;39m &amp#27;[2m&amp#27;[0;39m&amp#27;[36mliquibase.util                          &amp#27;[0;39m &amp#27;[2m:&amp#27;[0;39m Previously run:               0
&amp#27;[2m2024-06-27T15:56:06.169+02:00&amp#27;[0;39m &amp#27;[32m INFO&amp#27;[0;39m &amp#27;[35m36935&amp#27;[0;39m &amp#27;[2m---&amp#27;[0;39m &amp#27;[2m[FreelancePlatform] [           main]&amp#27;[0;39m &amp#27;[2m&amp#27;[0;39m&amp#27;[36mliquibase.util                          &amp#27;[0;39m &amp#27;[2m:&amp#27;[0;39m Filtered out:                 0
&amp#27;[2m2024-06-27T15:56:06.169+02:00&amp#27;[0;39m &amp#27;[32m INFO&amp#27;[0;39m &amp#27;[35m36935&amp#27;[0;39m &amp#27;[2m---&amp#27;[0;39m &amp#27;[2m[FreelancePlatform] [           main]&amp#27;[0;39m &amp#27;[2m&amp#27;[0;39m&amp#27;[36mliquibase.util                          &amp#27;[0;39m &amp#27;[2m:&amp#27;[0;39m -------------------------------
&amp#27;[2m2024-06-27T15:56:06.169+02:00&amp#27;[0;39m &amp#27;[32m INFO&amp#27;[0;39m &amp#27;[35m36935&amp#27;[0;39m &amp#27;[2m---&amp#27;[0;39m &amp#27;[2m[FreelancePlatform] [           main]&amp#27;[0;39m &amp#27;[2m&amp#27;[0;39m&amp#27;[36mliquibase.util                          &amp#27;[0;39m &amp#27;[2m:&amp#27;[0;39m Total change sets:            3
&amp#27;[2m2024-06-27T15:56:06.169+02:00&amp#27;[0;39m &amp#27;[32m INFO&amp#27;[0;39m &amp#27;[35m36935&amp#27;[0;39m &amp#27;[2m---&amp#27;[0;39m &amp#27;[2m[FreelancePlatform] [           main]&amp#27;[0;39m &amp#27;[2m&amp#27;[0;39m&amp#27;[36mliquibase.util                          &amp#27;[0;39m &amp#27;[2m:&amp#27;[0;39m Update summary generated
&amp#27;[2m2024-06-27T15:56:06.169+02:00&amp#27;[0;39m &amp#27;[32m INFO&amp#27;[0;39m &amp#27;[35m36935&amp#27;[0;39m &amp#27;[2m---&amp#27;[0;39m &amp#27;[2m[FreelancePlatform] [           main]&amp#27;[0;39m &amp#27;[2m&amp#27;[0;39m&amp#27;[36mliquibase.command                       &amp#27;[0;39m &amp#27;[2m:&amp#27;[0;39m Update command completed successfully.
Liquibase: Update has been successful. Rows affected: 16
&amp#27;[2m2024-06-27T15:56:06.172+02:00&amp#27;[0;39m &amp#27;[32m INFO&amp#27;[0;39m &amp#27;[35m36935&amp#27;[0;39m &amp#27;[2m---&amp#27;[0;39m &amp#27;[2m[FreelancePlatform] [           main]&amp#27;[0;39m &amp#27;[2m&amp#27;[0;39m&amp#27;[36mliquibase.lockservice                   &amp#27;[0;39m &amp#27;[2m:&amp#27;[0;39m Successfully released change log lock
&amp#27;[2m2024-06-27T15:56:06.172+02:00&amp#27;[0;39m &amp#27;[32m INFO&amp#27;[0;39m &amp#27;[35m36935&amp#27;[0;39m &amp#27;[2m---&amp#27;[0;39m &amp#27;[2m[FreelancePlatform] [           main]&amp#27;[0;39m &amp#27;[2m&amp#27;[0;39m&amp#27;[36mliquibase.command                       &amp#27;[0;39m &amp#27;[2m:&amp#27;[0;39m Command execution complete
&amp#27;[2m2024-06-27T15:56:06.183+02:00&amp#27;[0;39m &amp#27;[32m INFO&amp#27;[0;39m &amp#27;[35m36935&amp#27;[0;39m &amp#27;[2m---&amp#27;[0;39m &amp#27;[2m[FreelancePlatform] [           main]&amp#27;[0;39m &amp#27;[2m&amp#27;[0;39m&amp#27;[36mo.hibernate.jpa.internal.util.LogHelper &amp#27;[0;39m &amp#27;[2m:&amp#27;[0;39m HHH000204: Processing PersistenceUnitInfo [name: default]
&amp#27;[2m2024-06-27T15:56:06.184+02:00&amp#27;[0;39m &amp#27;[32m INFO&amp#27;[0;39m &amp#27;[35m36935&amp#27;[0;39m &amp#27;[2m---&amp#27;[0;39m &amp#27;[2m[FreelancePlatform] [           main]&amp#27;[0;39m &amp#27;[2m&amp#27;[0;39m&amp#27;[36mo.h.c.internal.RegionFactoryInitiator   &amp#27;[0;39m &amp#27;[2m:&amp#27;[0;39m HHH000026: Second-level cache disabled
&amp#27;[2m2024-06-27T15:56:06.186+02:00&amp#27;[0;39m &amp#27;[32m INFO&amp#27;[0;39m &amp#27;[35m36935&amp#27;[0;39m &amp#27;[2m---&amp#27;[0;39m &amp#27;[2m[FreelancePlatform] [           main]&amp#27;[0;39m &amp#27;[2m&amp#27;[0;39m&amp#27;[36mo.s.o.j.p.SpringPersistenceUnitInfo     &amp#27;[0;39m &amp#27;[2m:&amp#27;[0;39m No LoadTimeWeaver setup: ignoring JPA class transformer
&amp#27;[2m2024-06-27T15:56:06.246+02:00&amp#27;[0;39m &amp#27;[32m INFO&amp#27;[0;39m &amp#27;[35m36935&amp#27;[0;39m &amp#27;[2m---&amp#27;[0;39m &amp#27;[2m[FreelancePlatform] [           main]&amp#27;[0;39m &amp#27;[2m&amp#27;[0;39m&amp#27;[36mo.h.e.t.j.p.i.JtaPlatformInitiator      &amp#27;[0;39m &amp#27;[2m:&amp#27;[0;39m HHH000489: No JTA platform available (set 'hibernate.transaction.jta.platform' to enable JTA platform integration)
&amp#27;[2m2024-06-27T15:56:06.257+02:00&amp#27;[0;39m &amp#27;[32m INFO&amp#27;[0;39m &amp#27;[35m36935&amp#27;[0;39m &amp#27;[2m---&amp#27;[0;39m &amp#27;[2m[FreelancePlatform] [           main]&amp#27;[0;39m &amp#27;[2m&amp#27;[0;39m&amp#27;[36mj.LocalContainerEntityManagerFactoryBean&amp#27;[0;39m &amp#27;[2m:&amp#27;[0;39m Initialized JPA EntityManagerFactory for persistence unit 'default'
&amp#27;[2m2024-06-27T15:56:06.400+02:00&amp#27;[0;39m &amp#27;[33m WARN&amp#27;[0;39m &amp#27;[35m36935&amp#27;[0;39m &amp#27;[2m---&amp#27;[0;39m &amp#27;[2m[FreelancePlatform] [           main]&amp#27;[0;39m &amp#27;[2m&amp#27;[0;39m&amp#27;[36mJpaBaseConfiguration$JpaWebConfiguration&amp#27;[0;39m &amp#27;[2m:&amp#27;[0;39m spring.jpa.open-in-view is enabled by default. Therefore, database queries may be performed during view rendering. Explicitly configure spring.jpa.open-in-view to disable this warning
&amp#27;[2m2024-06-27T15:56:06.438+02:00&amp#27;[0;39m &amp#27;[32m INFO&amp#27;[0;39m &amp#27;[35m36935&amp#27;[0;39m &amp#27;[2m---&amp#27;[0;39m &amp#27;[2m[FreelancePlatform] [           main]&amp#27;[0;39m &amp#27;[2m&amp#27;[0;39m&amp#27;[36mo.s.s.web.DefaultSecurityFilterChain    &amp#27;[0;39m &amp#27;[2m:&amp#27;[0;39m Will secure any request with [org.springframework.security.web.session.DisableEncodeUrlFilter@49eb9a66, org.springframework.security.web.context.request.async.WebAsyncManagerIntegrationFilter@10125d66, org.springframework.security.web.context.SecurityContextHolderFilter@6c15cde9, org.springframework.security.web.header.HeaderWriterFilter@29cb45df, org.springframework.web.filter.CorsFilter@7ce45766, org.springframework.security.web.authentication.logout.LogoutFilter@244a60a0, org.springframework.security.web.authentication.UsernamePasswordAuthenticationFilter@6bb63ed1, org.springframework.security.web.authentication.www.BasicAuthenticationFilter@1c0e1290, org.springframework.security.web.savedrequest.RequestCacheAwareFilter@3a887698, org.springframework.security.web.servletapi.SecurityContextHolderAwareRequestFilter@1564d9cc, org.springframework.security.web.authentication.AnonymousAuthenticationFilter@26feae9d, org.springframework.security.web.access.ExceptionTranslationFilter@4f1c0bfe, org.springframework.security.web.access.intercept.AuthorizationFilter@6e16e6c3]
&amp#27;[2m2024-06-27T15:56:06.497+02:00&amp#27;[0;39m &amp#27;[32m INFO&amp#27;[0;39m &amp#27;[35m36935&amp#27;[0;39m &amp#27;[2m---&amp#27;[0;39m &amp#27;[2m[FreelancePlatform] [           main]&amp#27;[0;39m &amp#27;[2m&amp#27;[0;39m&amp#27;[36mo.s.b.t.m.w.SpringBootMockServletContext&amp#27;[0;39m &amp#27;[2m:&amp#27;[0;39m Initializing Spring TestDispatcherServlet ''
&amp#27;[2m2024-06-27T15:56:06.497+02:00&amp#27;[0;39m &amp#27;[32m INFO&amp#27;[0;39m &amp#27;[35m36935&amp#27;[0;39m &amp#27;[2m---&amp#27;[0;39m &amp#27;[2m[FreelancePlatform] [           main]&amp#27;[0;39m &amp#27;[2m&amp#27;[0;39m&amp#27;[36mo.s.t.web.servlet.TestDispatcherServlet &amp#27;[0;39m &amp#27;[2m:&amp#27;[0;39m Initializing Servlet ''
&amp#27;[2m2024-06-27T15:56:06.497+02:00&amp#27;[0;39m &amp#27;[32m INFO&amp#27;[0;39m &amp#27;[35m36935&amp#27;[0;39m &amp#27;[2m---&amp#27;[0;39m &amp#27;[2m[FreelancePlatform] [           main]&amp#27;[0;39m &amp#27;[2m&amp#27;[0;39m&amp#27;[36mo.s.t.web.servlet.TestDispatcherServlet &amp#27;[0;39m &amp#27;[2m:&amp#27;[0;39m Completed initialization in 0 ms
&amp#27;[2m2024-06-27T15:56:06.499+02:00&amp#27;[0;39m &amp#27;[32m INFO&amp#27;[0;39m &amp#27;[35m36935&amp#27;[0;39m &amp#27;[2m---&amp#27;[0;39m &amp#27;[2m[FreelancePlatform] [           main]&amp#27;[0;39m &amp#27;[2m&amp#27;[0;39m&amp#27;[36mo.a.k.clients.admin.AdminClientConfig   &amp#27;[0;39m &amp#27;[2m:&amp#27;[0;39m AdminClientConfig values: 
	auto.include.jmx.reporter = true
	bootstrap.servers = [localhost:9092]
	client.dns.lookup = use_all_dns_ips
	client.id = 
	connections.max.idle.ms = 300000
	default.api.timeout.ms = 60000
	metadata.max.age.ms = 300000
	metric.reporters = []
	metrics.num.samples = 2
	metrics.recording.level = INFO
	metrics.sample.window.ms = 30000
	receive.buffer.bytes = 65536
	reconnect.backoff.max.ms = 1000
	reconnect.backoff.ms = 50
	request.timeout.ms = 30000
	retries = 2147483647
	retry.backoff.ms = 100
	sasl.client.callback.handler.class = null
	sasl.jaas.config = null
	sasl.kerberos.kinit.cmd = /usr/bin/kinit
	sasl.kerberos.min.time.before.relogin = 60000
	sasl.kerberos.service.name = null
	sasl.kerberos.ticket.renew.jitter = 0.05
	sasl.kerberos.ticket.renew.window.factor = 0.8
	sasl.login.callback.handler.class = null
	sasl.login.class = null
	sasl.login.connect.timeout.ms = null
	sasl.login.read.timeout.ms = null
	sasl.login.refresh.buffer.seconds = 300
	sasl.login.refresh.min.period.seconds = 60
	sasl.login.refresh.window.factor = 0.8
	sasl.login.refresh.window.jitter = 0.05
	sasl.login.retry.backoff.max.ms = 10000
	sasl.login.retry.backoff.ms = 100
	sasl.mechanism = GSSAPI
	sasl.oauthbearer.clock.skew.seconds = 30
	sasl.oauthbearer.expected.audience = null
	sasl.oauthbearer.expected.issuer = null
	sasl.oauthbearer.jwks.endpoint.refresh.ms = 3600000
	sasl.oauthbearer.jwks.endpoint.retry.backoff.max.ms = 10000
	sasl.oauthbearer.jwks.endpoint.retry.backoff.ms = 100
	sasl.oauthbearer.jwks.endpoint.url = null
	sasl.oauthbearer.scope.claim.name = scope
	sasl.oauthbearer.sub.claim.name = sub
	sasl.oauthbearer.token.endpoint.url = null
	security.protocol = PLAINTEXT
	security.providers = null
	send.buffer.bytes = 131072
	socket.connection.setup.timeout.max.ms = 30000
	socket.connection.setup.timeout.ms = 10000
	ssl.cipher.suites = null
	ssl.enabled.protocols = [TLSv1.2, TLSv1.3]
	ssl.endpoint.identification.algorithm = https
	ssl.engine.factory.class = null
	ssl.key.password = null
	ssl.keymanager.algorithm = SunX509
	ssl.keystore.certificate.chain = null
	ssl.keystore.key = null
	ssl.keystore.location = null
	ssl.keystore.password = null
	ssl.keystore.type = JKS
	ssl.protocol = TLSv1.3
	ssl.provider = null
	ssl.secure.random.implementation = null
	ssl.trustmanager.algorithm = PKIX
	ssl.truststore.certificates = null
	ssl.truststore.location = null
	ssl.truststore.password = null
	ssl.truststore.type = JKS

&amp#27;[2m2024-06-27T15:56:06.500+02:00&amp#27;[0;39m &amp#27;[32m INFO&amp#27;[0;39m &amp#27;[35m36935&amp#27;[0;39m &amp#27;[2m---&amp#27;[0;39m &amp#27;[2m[FreelancePlatform] [           main]&amp#27;[0;39m &amp#27;[2m&amp#27;[0;39m&amp#27;[36mo.a.kafka.common.utils.AppInfoParser    &amp#27;[0;39m &amp#27;[2m:&amp#27;[0;39m Kafka version: 3.6.1
&amp#27;[2m2024-06-27T15:56:06.500+02:00&amp#27;[0;39m &amp#27;[32m INFO&amp#27;[0;39m &amp#27;[35m36935&amp#27;[0;39m &amp#27;[2m---&amp#27;[0;39m &amp#27;[2m[FreelancePlatform] [           main]&amp#27;[0;39m &amp#27;[2m&amp#27;[0;39m&amp#27;[36mo.a.kafka.common.utils.AppInfoParser    &amp#27;[0;39m &amp#27;[2m:&amp#27;[0;39m Kafka commitId: 5e3c2b738d253ff5
&amp#27;[2m2024-06-27T15:56:06.500+02:00&amp#27;[0;39m &amp#27;[32m INFO&amp#27;[0;39m &amp#27;[35m36935&amp#27;[0;39m &amp#27;[2m---&amp#27;[0;39m &amp#27;[2m[FreelancePlatform] [           main]&amp#27;[0;39m &amp#27;[2m&amp#27;[0;39m&amp#27;[36mo.a.kafka.common.utils.AppInfoParser    &amp#27;[0;39m &amp#27;[2m:&amp#27;[0;39m Kafka startTimeMs: 1719496566500
&amp#27;[2m2024-06-27T15:56:06.523+02:00&amp#27;[0;39m &amp#27;[32m INFO&amp#27;[0;39m &amp#27;[35m36935&amp#27;[0;39m &amp#27;[2m---&amp#27;[0;39m &amp#27;[2m[FreelancePlatform] [| adminclient-2]&amp#27;[0;39m &amp#27;[2m&amp#27;[0;39m&amp#27;[36mo.a.kafka.common.utils.AppInfoParser    &amp#27;[0;39m &amp#27;[2m:&amp#27;[0;39m App info kafka.admin.client for adminclient-2 unregistered
&amp#27;[2m2024-06-27T15:56:06.523+02:00&amp#27;[0;39m &amp#27;[32m INFO&amp#27;[0;39m &amp#27;[35m36935&amp#27;[0;39m &amp#27;[2m---&amp#27;[0;39m &amp#27;[2m[FreelancePlatform] [| adminclient-2]&amp#27;[0;39m &amp#27;[2m&amp#27;[0;39m&amp#27;[36mo.apache.kafka.common.metrics.Metrics   &amp#27;[0;39m &amp#27;[2m:&amp#27;[0;39m Metrics scheduler closed
&amp#27;[2m2024-06-27T15:56:06.523+02:00&amp#27;[0;39m &amp#27;[32m INFO&amp#27;[0;39m &amp#27;[35m36935&amp#27;[0;39m &amp#27;[2m---&amp#27;[0;39m &amp#27;[2m[FreelancePlatform] [| adminclient-2]&amp#27;[0;39m &amp#27;[2m&amp#27;[0;39m&amp#27;[36mo.apache.kafka.common.metrics.Metrics   &amp#27;[0;39m &amp#27;[2m:&amp#27;[0;39m Closing reporter org.apache.kafka.common.metrics.JmxReporter
&amp#27;[2m2024-06-27T15:56:06.523+02:00&amp#27;[0;39m &amp#27;[32m INFO&amp#27;[0;39m &amp#27;[35m36935&amp#27;[0;39m &amp#27;[2m---&amp#27;[0;39m &amp#27;[2m[FreelancePlatform] [| adminclient-2]&amp#27;[0;39m &amp#27;[2m&amp#27;[0;39m&amp#27;[36mo.apache.kafka.common.metrics.Metrics   &amp#27;[0;39m &amp#27;[2m:&amp#27;[0;39m Metrics reporters closed
&amp#27;[2m2024-06-27T15:56:06.525+02:00&amp#27;[0;39m &amp#27;[32m INFO&amp#27;[0;39m &amp#27;[35m36935&amp#27;[0;39m &amp#27;[2m---&amp#27;[0;39m &amp#27;[2m[FreelancePlatform] [           main]&amp#27;[0;39m &amp#27;[2m&amp#27;[0;39m&amp#27;[36mf.controllers.ProposalControllerTest    &amp#27;[0;39m &amp#27;[2m:&amp#27;[0;39m Started ProposalControllerTest in 2.971 seconds (process running for 18.312)
Hibernate: select u1_0.id from users u1_0 where u1_0.username=? fetch first ? rows only
Hibernate: insert into users (email,first_name,last_name,password,rating,role,username) values (?,?,?,?,?,?,?)
&amp#27;[2m2024-06-27T15:56:06.614+02:00&amp#27;[0;39m &amp#27;[32m INFO&amp#27;[0;39m &amp#27;[35m36935&amp#27;[0;39m &amp#27;[2m---&amp#27;[0;39m &amp#27;[2m[FreelancePlatform] [           main]&amp#27;[0;39m &amp#27;[2m&amp#27;[0;39m&amp#27;[36mf.kafka.UserKafkaProducer               &amp#27;[0;39m &amp#27;[2m:&amp#27;[0;39m event - {"id":6,"username":"username-101148816","firstName":"firstname-1402674331","lastName":"lastname59524110","email":"email-923229559","password":"$2a$10$lPBJdY5sT.YGJGIPWedlCejrlefzOPgpmEcTZhw.La3A5J1IxxC32","rating":0,"role":"ADMIN"}
&amp#27;[2m2024-06-27T15:56:06.615+02:00&amp#27;[0;39m &amp#27;[32m INFO&amp#27;[0;39m &amp#27;[35m36935&amp#27;[0;39m &amp#27;[2m---&amp#27;[0;39m &amp#27;[2m[FreelancePlatform] [           main]&amp#27;[0;39m &amp#27;[2m&amp#27;[0;39m&amp#27;[36mo.a.k.clients.producer.ProducerConfig   &amp#27;[0;39m &amp#27;[2m:&amp#27;[0;39m ProducerConfig values: 
	acks = -1
	auto.include.jmx.reporter = true
	batch.size = 16384
	bootstrap.servers = [localhost:9092]
	buffer.memory = 33554432
	client.dns.lookup = use_all_dns_ips
	client.id = producer-2
	compression.type = none
	connections.max.idle.ms = 540000
	delivery.timeout.ms = 120000
	enable.idempotence = true
	interceptor.classes = []
	key.serializer = class org.apache.kafka.common.serialization.StringSerializer
	linger.ms = 0
	max.block.ms = 60000
	max.in.flight.requests.per.connection = 5
	max.request.size = 1048576
	metadata.max.age.ms = 300000
	metadata.max.idle.ms = 300000
	metric.reporters = []
	metrics.num.samples = 2
	metrics.recording.level = INFO
	metrics.sample.window.ms = 30000
	partitioner.adaptive.partitioning.enable = true
	partitioner.availability.timeout.ms = 0
	partitioner.class = null
	partitioner.ignore.keys = false
	receive.buffer.bytes = 32768
	reconnect.backoff.max.ms = 1000
	reconnect.backoff.ms = 50
	request.timeout.ms = 30000
	retries = 2147483647
	retry.backoff.ms = 100
	sasl.client.callback.handler.class = null
	sasl.jaas.config = null
	sasl.kerberos.kinit.cmd = /usr/bin/kinit
	sasl.kerberos.min.time.before.relogin = 60000
	sasl.kerberos.service.name = null
	sasl.kerberos.ticket.renew.jitter = 0.05
	sasl.kerberos.ticket.renew.window.factor = 0.8
	sasl.login.callback.handler.class = null
	sasl.login.class = null
	sasl.login.connect.timeout.ms = null
	sasl.login.read.timeout.ms = null
	sasl.login.refresh.buffer.seconds = 300
	sasl.login.refresh.min.period.seconds = 60
	sasl.login.refresh.window.factor = 0.8
	sasl.login.refresh.window.jitter = 0.05
	sasl.login.retry.backoff.max.ms = 10000
	sasl.login.retry.backoff.ms = 100
	sasl.mechanism = GSSAPI
	sasl.oauthbearer.clock.skew.seconds = 30
	sasl.oauthbearer.expected.audience = null
	sasl.oauthbearer.expected.issuer = null
	sasl.oauthbearer.jwks.endpoint.refresh.ms = 3600000
	sasl.oauthbearer.jwks.endpoint.retry.backoff.max.ms = 10000
	sasl.oauthbearer.jwks.endpoint.retry.backoff.ms = 100
	sasl.oauthbearer.jwks.endpoint.url = null
	sasl.oauthbearer.scope.claim.name = scope
	sasl.oauthbearer.sub.claim.name = sub
	sasl.oauthbearer.token.endpoint.url = null
	security.protocol = PLAINTEXT
	security.providers = null
	send.buffer.bytes = 131072
	socket.connection.setup.timeout.max.ms = 30000
	socket.connection.setup.timeout.ms = 10000
	ssl.cipher.suites = null
	ssl.enabled.protocols = [TLSv1.2, TLSv1.3]
	ssl.endpoint.identification.algorithm = https
	ssl.engine.factory.class = null
	ssl.key.password = null
	ssl.keymanager.algorithm = SunX509
	ssl.keystore.certificate.chain = null
	ssl.keystore.key = null
	ssl.keystore.location = null
	ssl.keystore.password = null
	ssl.keystore.type = JKS
	ssl.protocol = TLSv1.3
	ssl.provider = null
	ssl.secure.random.implementation = null
	ssl.trustmanager.algorithm = PKIX
	ssl.truststore.certificates = null
	ssl.truststore.location = null
	ssl.truststore.password = null
	ssl.truststore.type = JKS
	transaction.timeout.ms = 60000
	transactional.id = null
	value.serializer = class org.apache.kafka.common.serialization.StringSerializer

&amp#27;[2m2024-06-27T15:56:06.615+02:00&amp#27;[0;39m &amp#27;[32m INFO&amp#27;[0;39m &amp#27;[35m36935&amp#27;[0;39m &amp#27;[2m---&amp#27;[0;39m &amp#27;[2m[FreelancePlatform] [           main]&amp#27;[0;39m &amp#27;[2m&amp#27;[0;39m&amp#27;[36mo.a.k.clients.producer.KafkaProducer    &amp#27;[0;39m &amp#27;[2m:&amp#27;[0;39m [Producer clientId=producer-2] Instantiated an idempotent producer.
&amp#27;[2m2024-06-27T15:56:06.616+02:00&amp#27;[0;39m &amp#27;[32m INFO&amp#27;[0;39m &amp#27;[35m36935&amp#27;[0;39m &amp#27;[2m---&amp#27;[0;39m &amp#27;[2m[FreelancePlatform] [           main]&amp#27;[0;39m &amp#27;[2m&amp#27;[0;39m&amp#27;[36mo.a.kafka.common.utils.AppInfoParser    &amp#27;[0;39m &amp#27;[2m:&amp#27;[0;39m Kafka version: 3.6.1
&amp#27;[2m2024-06-27T15:56:06.616+02:00&amp#27;[0;39m &amp#27;[32m INFO&amp#27;[0;39m &amp#27;[35m36935&amp#27;[0;39m &amp#27;[2m---&amp#27;[0;39m &amp#27;[2m[FreelancePlatform] [           main]&amp#27;[0;39m &amp#27;[2m&amp#27;[0;39m&amp#27;[36mo.a.kafka.common.utils.AppInfoParser    &amp#27;[0;39m &amp#27;[2m:&amp#27;[0;39m Kafka commitId: 5e3c2b738d253ff5
&amp#27;[2m2024-06-27T15:56:06.616+02:00&amp#27;[0;39m &amp#27;[32m INFO&amp#27;[0;39m &amp#27;[35m36935&amp#27;[0;39m &amp#27;[2m---&amp#27;[0;39m &amp#27;[2m[FreelancePlatform] [           main]&amp#27;[0;39m &amp#27;[2m&amp#27;[0;39m&amp#27;[36mo.a.kafka.common.utils.AppInfoParser    &amp#27;[0;39m &amp#27;[2m:&amp#27;[0;39m Kafka startTimeMs: 1719496566616
&amp#27;[2m2024-06-27T15:56:06.622+02:00&amp#27;[0;39m &amp#27;[32m INFO&amp#27;[0;39m &amp#27;[35m36935&amp#27;[0;39m &amp#27;[2m---&amp#27;[0;39m &amp#27;[2m[FreelancePlatform] [ad | producer-2]&amp#27;[0;39m &amp#27;[2m&amp#27;[0;39m&amp#27;[36morg.apache.kafka.clients.Metadata       &amp#27;[0;39m &amp#27;[2m:&amp#27;[0;39m [Producer clientId=producer-2] Cluster ID: 9rOlTiCSROKoxA9VXJzbgA
&amp#27;[2m2024-06-27T15:56:06.623+02:00&amp#27;[0;39m &amp#27;[32m INFO&amp#27;[0;39m &amp#27;[35m36935&amp#27;[0;39m &amp#27;[2m---&amp#27;[0;39m &amp#27;[2m[FreelancePlatform] [ad | producer-2]&amp#27;[0;39m &amp#27;[2m&amp#27;[0;39m&amp#27;[36mo.a.k.c.p.internals.TransactionManager  &amp#27;[0;39m &amp#27;[2m:&amp#27;[0;39m [Producer clientId=producer-2] ProducerId set to 5044 with epoch 0
Hibernate: select u1_0.id from users u1_0 where u1_0.username=? fetch first ? rows only
Hibernate: insert into users (email,first_name,last_name,password,rating,role,username) values (?,?,?,?,?,?,?)
&amp#27;[2m2024-06-27T15:56:06.706+02:00&amp#27;[0;39m &amp#27;[32m INFO&amp#27;[0;39m &amp#27;[35m36935&amp#27;[0;39m &amp#27;[2m---&amp#27;[0;39m &amp#27;[2m[FreelancePlatform] [           main]&amp#27;[0;39m &amp#27;[2m&amp#27;[0;39m&amp#27;[36mf.kafka.UserKafkaProducer               &amp#27;[0;39m &amp#27;[2m:&amp#27;[0;39m event - {"id":7,"username":"username860488679","firstName":"firstname-1710590430","lastName":"lastname284767394","email":"email-1455348673","password":"$2a$10$RAuJVWUyGvkx41xO6AGwe.DfzCuPGPNw.pW5naBXfCRzd.iKBFfPG","rating":0,"role":"USER"}
&amp#27;[2m2024-06-27T15:56:06.707+02:00&amp#27;[0;39m &amp#27;[32m INFO&amp#27;[0;39m &amp#27;[35m36935&amp#27;[0;39m &amp#27;[2m---&amp#27;[0;39m &amp#27;[2m[FreelancePlatform] [           main]&amp#27;[0;39m &amp#27;[2m&amp#27;[0;39m&amp#27;[36mc.h.i.p.impl.PartitionStateManager      &amp#27;[0;39m &amp#27;[2m:&amp#27;[0;39m [192.168.68.1]:5701 [dev] [5.3.6] Initializing cluster partition table arrangement...
&amp#27;[2m2024-06-27T15:56:06.709+02:00&amp#27;[0;39m &amp#27;[32m INFO&amp#27;[0;39m &amp#27;[35m36935&amp#27;[0;39m &amp#27;[2m---&amp#27;[0;39m &amp#27;[2m[FreelancePlatform] [           main]&amp#27;[0;39m &amp#27;[2m&amp#27;[0;39m&amp#27;[36mf.services.ProposalService              &amp#27;[0;39m &amp#27;[2m:&amp#27;[0;39m Finding proposal by id 1
Hibernate: select p1_0.id,p1_0.freelancer_id,f1_0.id,f1_0.email,f1_0.first_name,f1_0.last_name,f1_0.password,f1_0.rating,f1_0.role,f1_0.username,p1_0.task_id,t1_0.id,t1_0.assigned_date,t1_0.customer_id,c1_0.id,c1_0.email,c1_0.first_name,c1_0.last_name,c1_0.password,c1_0.rating,c1_0.role,c1_0.username,t1_0.deadline,f2_0.id,f2_0.email,f2_0.first_name,f2_0.last_name,f2_0.password,f2_0.rating,f2_0.role,f2_0.username,t1_0.payment,t1_0.posted_date,t1_0.problem,s1_0.id,s1_0.description,s1_0.link,t1_0.status,t1_0.submitted_date,t1_0.title,t1_0.type from proposal p1_0 join users f1_0 on f1_0.id=p1_0.freelancer_id join task t1_0 on t1_0.id=p1_0.task_id left join users c1_0 on c1_0.id=t1_0.customer_id left join users f2_0 on f2_0.id=t1_0.freelancer_id left join solution s1_0 on s1_0.id=t1_0.solution_id where p1_0.id=?
&amp#27;[2m2024-06-27T15:56:06.715+02:00&amp#27;[0;39m &amp#27;[32m INFO&amp#27;[0;39m &amp#27;[35m36935&amp#27;[0;39m &amp#27;[2m---&amp#27;[0;39m &amp#27;[2m[FreelancePlatform] [           main]&amp#27;[0;39m &amp#27;[2m&amp#27;[0;39m&amp#27;[36mf.logging.LoggerInterceptor             &amp#27;[0;39m &amp#27;[2m:&amp#27;[0;39m [preHandle][DELETE][/rest/proposals/1][?&_psip=127.0.0.1]
&amp#27;[2m2024-06-27T15:56:06.717+02:00&amp#27;[0;39m &amp#27;[32m INFO&amp#27;[0;39m &amp#27;[35m36935&amp#27;[0;39m &amp#27;[2m---&amp#27;[0;39m &amp#27;[2m[FreelancePlatform] [           main]&amp#27;[0;39m &amp#27;[2m&amp#27;[0;39m&amp#27;[36mf.services.ProposalService              &amp#27;[0;39m &amp#27;[2m:&amp#27;[0;39m Deleting proposal with id 1
]]></system-out>
  </testcase>
  <testcase name="saveByUserReturnsStatusForbidden" classname="freelanceplatform.controllers.ProposalControllerTest" time="0.256">
    <system-out><![CDATA[Hibernate: select u1_0.id from users u1_0 where u1_0.username=? fetch first ? rows only
Hibernate: insert into users (email,first_name,last_name,password,rating,role,username) values (?,?,?,?,?,?,?)
&amp#27;[2m2024-06-27T15:56:06.807+02:00&amp#27;[0;39m &amp#27;[32m INFO&amp#27;[0;39m &amp#27;[35m36935&amp#27;[0;39m &amp#27;[2m---&amp#27;[0;39m &amp#27;[2m[FreelancePlatform] [           main]&amp#27;[0;39m &amp#27;[2m&amp#27;[0;39m&amp#27;[36mf.kafka.UserKafkaProducer               &amp#27;[0;39m &amp#27;[2m:&amp#27;[0;39m event - {"id":8,"username":"username1408260079","firstName":"firstname1550066389","lastName":"lastname1308861563","email":"email1538360115","password":"$2a$10$QOELA4F57.QIAV.5zSxhnu/xABmaXmZu3vDxzeMpQKH7Bl5ma74Su","rating":0,"role":"ADMIN"}
Hibernate: select u1_0.id from users u1_0 where u1_0.username=? fetch first ? rows only
Hibernate: insert into users (email,first_name,last_name,password,rating,role,username) values (?,?,?,?,?,?,?)
&amp#27;[2m2024-06-27T15:56:06.889+02:00&amp#27;[0;39m &amp#27;[32m INFO&amp#27;[0;39m &amp#27;[35m36935&amp#27;[0;39m &amp#27;[2m---&amp#27;[0;39m &amp#27;[2m[FreelancePlatform] [           main]&amp#27;[0;39m &amp#27;[2m&amp#27;[0;39m&amp#27;[36mf.kafka.UserKafkaProducer               &amp#27;[0;39m &amp#27;[2m:&amp#27;[0;39m event - {"id":9,"username":"username-1664320037","firstName":"firstname-259093817","lastName":"lastname-1242477431","email":"email641912073","password":"$2a$10$WINzDE5sb8J7KwT9f6F6TeZKM9PzsRT6a9EOZVNWqrtOC7ztN4lBq","rating":0,"role":"USER"}
Hibernate: select u1_0.id from users u1_0 where u1_0.username=? fetch first ? rows only
Hibernate: insert into users (email,first_name,last_name,password,rating,role,username) values (?,?,?,?,?,?,?)
&amp#27;[2m2024-06-27T15:56:06.969+02:00&amp#27;[0;39m &amp#27;[32m INFO&amp#27;[0;39m &amp#27;[35m36935&amp#27;[0;39m &amp#27;[2m---&amp#27;[0;39m &amp#27;[2m[FreelancePlatform] [           main]&amp#27;[0;39m &amp#27;[2m&amp#27;[0;39m&amp#27;[36mf.kafka.UserKafkaProducer               &amp#27;[0;39m &amp#27;[2m:&amp#27;[0;39m event - {"id":10,"username":"username809116242","firstName":"firstname-1205794765","lastName":"lastname-1903156827","email":"email-1916042074","password":"$2a$10$PQIdN4W9vvuOYXHzFQ8dNugHXdTwvHT9Syea5x2uq45JHxS20O.EC","rating":0,"role":"USER"}
&amp#27;[2m2024-06-27T15:56:06.971+02:00&amp#27;[0;39m &amp#27;[32m INFO&amp#27;[0;39m &amp#27;[35m36935&amp#27;[0;39m &amp#27;[2m---&amp#27;[0;39m &amp#27;[2m[FreelancePlatform] [           main]&amp#27;[0;39m &amp#27;[2m&amp#27;[0;39m&amp#27;[36mf.logging.LoggerInterceptor             &amp#27;[0;39m &amp#27;[2m:&amp#27;[0;39m [preHandle][POST][/rest/proposals][?&_psip=127.0.0.1]
]]></system-out>
  </testcase>
  <testcase name="updateByUserReturnsStatusForbidden" classname="freelanceplatform.controllers.ProposalControllerTest" time="0.173">
    <system-out><![CDATA[Hibernate: select u1_0.id from users u1_0 where u1_0.username=? fetch first ? rows only
Hibernate: insert into users (email,first_name,last_name,password,rating,role,username) values (?,?,?,?,?,?,?)
&amp#27;[2m2024-06-27T15:56:07.063+02:00&amp#27;[0;39m &amp#27;[32m INFO&amp#27;[0;39m &amp#27;[35m36935&amp#27;[0;39m &amp#27;[2m---&amp#27;[0;39m &amp#27;[2m[FreelancePlatform] [           main]&amp#27;[0;39m &amp#27;[2m&amp#27;[0;39m&amp#27;[36mf.kafka.UserKafkaProducer               &amp#27;[0;39m &amp#27;[2m:&amp#27;[0;39m event - {"id":11,"username":"username1000061482","firstName":"firstname-281396656","lastName":"lastname1928474020","email":"email1268438143","password":"$2a$10$A3IBegDX/n.tU4tm4d4i9.Htb0Cr5nTtR9xo5Mf/7rQXZm4AzDBAq","rating":0,"role":"ADMIN"}
Hibernate: select u1_0.id from users u1_0 where u1_0.username=? fetch first ? rows only
Hibernate: insert into users (email,first_name,last_name,password,rating,role,username) values (?,?,?,?,?,?,?)
&amp#27;[2m2024-06-27T15:56:07.143+02:00&amp#27;[0;39m &amp#27;[32m INFO&amp#27;[0;39m &amp#27;[35m36935&amp#27;[0;39m &amp#27;[2m---&amp#27;[0;39m &amp#27;[2m[FreelancePlatform] [           main]&amp#27;[0;39m &amp#27;[2m&amp#27;[0;39m&amp#27;[36mf.kafka.UserKafkaProducer               &amp#27;[0;39m &amp#27;[2m:&amp#27;[0;39m event - {"id":12,"username":"username-368878380","firstName":"firstname201156182","lastName":"lastname-423826535","email":"email-885262702","password":"$2a$10$aUwZ/R.SrPlSRAw89Fi0uubQHZ19Hnpx8mLLWsUALmDIzcypXdZrC","rating":0,"role":"USER"}
&amp#27;[2m2024-06-27T15:56:07.144+02:00&amp#27;[0;39m &amp#27;[32m INFO&amp#27;[0;39m &amp#27;[35m36935&amp#27;[0;39m &amp#27;[2m---&amp#27;[0;39m &amp#27;[2m[FreelancePlatform] [           main]&amp#27;[0;39m &amp#27;[2m&amp#27;[0;39m&amp#27;[36mf.services.ProposalService              &amp#27;[0;39m &amp#27;[2m:&amp#27;[0;39m Finding proposal by id 1
Hibernate: select p1_0.id,p1_0.freelancer_id,f1_0.id,f1_0.email,f1_0.first_name,f1_0.last_name,f1_0.password,f1_0.rating,f1_0.role,f1_0.username,p1_0.task_id,t1_0.id,t1_0.assigned_date,t1_0.customer_id,c1_0.id,c1_0.email,c1_0.first_name,c1_0.last_name,c1_0.password,c1_0.rating,c1_0.role,c1_0.username,t1_0.deadline,f2_0.id,f2_0.email,f2_0.first_name,f2_0.last_name,f2_0.password,f2_0.rating,f2_0.role,f2_0.username,t1_0.payment,t1_0.posted_date,t1_0.problem,s1_0.id,s1_0.description,s1_0.link,t1_0.status,t1_0.submitted_date,t1_0.title,t1_0.type from proposal p1_0 join users f1_0 on f1_0.id=p1_0.freelancer_id join task t1_0 on t1_0.id=p1_0.task_id left join users c1_0 on c1_0.id=t1_0.customer_id left join users f2_0 on f2_0.id=t1_0.freelancer_id left join solution s1_0 on s1_0.id=t1_0.solution_id where p1_0.id=?
&amp#27;[2m2024-06-27T15:56:07.150+02:00&amp#27;[0;39m &amp#27;[32m INFO&amp#27;[0;39m &amp#27;[35m36935&amp#27;[0;39m &amp#27;[2m---&amp#27;[0;39m &amp#27;[2m[FreelancePlatform] [           main]&amp#27;[0;39m &amp#27;[2m&amp#27;[0;39m&amp#27;[36mf.logging.LoggerInterceptor             &amp#27;[0;39m &amp#27;[2m:&amp#27;[0;39m [preHandle][PUT][/rest/proposals/1][?&_psip=127.0.0.1]
]]></system-out>
  </testcase>
  <testcase name="updateByUserReturnsStatusNoContent" classname="freelanceplatform.controllers.ProposalControllerTest" time="0.182">
    <system-out><![CDATA[Hibernate: select u1_0.id from users u1_0 where u1_0.username=? fetch first ? rows only
Hibernate: insert into users (email,first_name,last_name,password,rating,role,username) values (?,?,?,?,?,?,?)
&amp#27;[2m2024-06-27T15:56:07.234+02:00&amp#27;[0;39m &amp#27;[32m INFO&amp#27;[0;39m &amp#27;[35m36935&amp#27;[0;39m &amp#27;[2m---&amp#27;[0;39m &amp#27;[2m[FreelancePlatform] [           main]&amp#27;[0;39m &amp#27;[2m&amp#27;[0;39m&amp#27;[36mf.kafka.UserKafkaProducer               &amp#27;[0;39m &amp#27;[2m:&amp#27;[0;39m event - {"id":13,"username":"username1168708482","firstName":"firstname-574363251","lastName":"lastname-1113735052","email":"email-1497355933","password":"$2a$10$VDO6n8yDUHcQI6jzJSCKqOkgDxVeGGIZqYwaD8j1E0CqNzSBzBjbG","rating":0,"role":"ADMIN"}
Hibernate: select u1_0.id from users u1_0 where u1_0.username=? fetch first ? rows only
Hibernate: insert into users (email,first_name,last_name,password,rating,role,username) values (?,?,?,?,?,?,?)
&amp#27;[2m2024-06-27T15:56:07.314+02:00&amp#27;[0;39m &amp#27;[32m INFO&amp#27;[0;39m &amp#27;[35m36935&amp#27;[0;39m &amp#27;[2m---&amp#27;[0;39m &amp#27;[2m[FreelancePlatform] [           main]&amp#27;[0;39m &amp#27;[2m&amp#27;[0;39m&amp#27;[36mf.kafka.UserKafkaProducer               &amp#27;[0;39m &amp#27;[2m:&amp#27;[0;39m event - {"id":14,"username":"username-1006109279","firstName":"firstname-437980682","lastName":"lastname-1426269257","email":"email1023347665","password":"$2a$10$DAmMl0t48gAw6znnvYn2S.7KUiSSskSXWUyWeCbmdibfpJyjQLcDe","rating":0,"role":"USER"}
&amp#27;[2m2024-06-27T15:56:07.316+02:00&amp#27;[0;39m &amp#27;[32m INFO&amp#27;[0;39m &amp#27;[35m36935&amp#27;[0;39m &amp#27;[2m---&amp#27;[0;39m &amp#27;[2m[FreelancePlatform] [           main]&amp#27;[0;39m &amp#27;[2m&amp#27;[0;39m&amp#27;[36mf.logging.LoggerInterceptor             &amp#27;[0;39m &amp#27;[2m:&amp#27;[0;39m [preHandle][PUT][/rest/proposals/1][?&_psip=127.0.0.1]
&amp#27;[2m2024-06-27T15:56:07.318+02:00&amp#27;[0;39m &amp#27;[32m INFO&amp#27;[0;39m &amp#27;[35m36935&amp#27;[0;39m &amp#27;[2m---&amp#27;[0;39m &amp#27;[2m[FreelancePlatform] [           main]&amp#27;[0;39m &amp#27;[2m&amp#27;[0;39m&amp#27;[36mfreelanceplatform.services.UserService  &amp#27;[0;39m &amp#27;[2m:&amp#27;[0;39m User with id 14 has been added to cache
&amp#27;[2m2024-06-27T15:56:07.319+02:00&amp#27;[0;39m &amp#27;[32m INFO&amp#27;[0;39m &amp#27;[35m36935&amp#27;[0;39m &amp#27;[2m---&amp#27;[0;39m &amp#27;[2m[FreelancePlatform] [           main]&amp#27;[0;39m &amp#27;[2m&amp#27;[0;39m&amp#27;[36mfreelanceplatform.services.TaskService  &amp#27;[0;39m &amp#27;[2m:&amp#27;[0;39m Get task by id 1.
Hibernate: select t1_0.id,t1_0.assigned_date,t1_0.customer_id,c1_0.id,c1_0.email,c1_0.first_name,c1_0.last_name,c1_0.password,c1_0.rating,c1_0.role,c1_0.username,t1_0.deadline,f1_0.id,f1_0.email,f1_0.first_name,f1_0.last_name,f1_0.password,f1_0.rating,f1_0.role,f1_0.username,t1_0.payment,t1_0.posted_date,t1_0.problem,s1_0.id,s1_0.description,s1_0.link,t1_0.status,t1_0.submitted_date,t1_0.title,t1_0.type from task t1_0 join users c1_0 on c1_0.id=t1_0.customer_id left join users f1_0 on f1_0.id=t1_0.freelancer_id left join solution s1_0 on s1_0.id=t1_0.solution_id where t1_0.id=?
&amp#27;[2m2024-06-27T15:56:07.323+02:00&amp#27;[0;39m &amp#27;[32m INFO&amp#27;[0;39m &amp#27;[35m36935&amp#27;[0;39m &amp#27;[2m---&amp#27;[0;39m &amp#27;[2m[FreelancePlatform] [           main]&amp#27;[0;39m &amp#27;[2m&amp#27;[0;39m&amp#27;[36mf.services.ProposalService              &amp#27;[0;39m &amp#27;[2m:&amp#27;[0;39m Updating proposal with id 1
Hibernate: select p1_0.id,p1_0.freelancer_id,f1_0.id,f1_0.email,f1_0.first_name,f1_0.last_name,f1_0.password,f1_0.rating,f1_0.role,f1_0.username,p1_0.task_id,t1_0.id,t1_0.assigned_date,t1_0.customer_id,c1_0.id,c1_0.email,c1_0.first_name,c1_0.last_name,c1_0.password,c1_0.rating,c1_0.role,c1_0.username,t1_0.deadline,f2_0.id,f2_0.email,f2_0.first_name,f2_0.last_name,f2_0.password,f2_0.rating,f2_0.role,f2_0.username,t1_0.payment,t1_0.posted_date,t1_0.problem,s1_0.id,s1_0.description,s1_0.link,t1_0.status,t1_0.submitted_date,t1_0.title,t1_0.type from proposal p1_0 join users f1_0 on f1_0.id=p1_0.freelancer_id join task t1_0 on t1_0.id=p1_0.task_id left join users c1_0 on c1_0.id=t1_0.customer_id left join users f2_0 on f2_0.id=t1_0.freelancer_id left join solution s1_0 on s1_0.id=t1_0.solution_id where p1_0.id=?
Hibernate: select p1_0.freelancer_id,p1_0.id,p1_0.task_id,t1_0.id,t1_0.assigned_date,t1_0.customer_id,c1_0.id,c1_0.email,c1_0.first_name,c1_0.last_name,c1_0.password,c1_0.rating,c1_0.role,c1_0.username,t1_0.deadline,f2_0.id,f2_0.email,f2_0.first_name,f2_0.last_name,f2_0.password,f2_0.rating,f2_0.role,f2_0.username,t1_0.payment,t1_0.posted_date,t1_0.problem,s1_0.id,s1_0.description,s1_0.link,t1_0.status,t1_0.submitted_date,t1_0.title,t1_0.type from proposal p1_0 left join task t1_0 on t1_0.id=p1_0.task_id left join users c1_0 on c1_0.id=t1_0.customer_id left join users f2_0 on f2_0.id=t1_0.freelancer_id left join solution s1_0 on s1_0.id=t1_0.solution_id where p1_0.freelancer_id=?
]]></system-out>
  </testcase>
  <testcase name="deleteByUserReturnsStatusForbidden" classname="freelanceplatform.controllers.ProposalControllerTest" time="0.167">
    <system-out><![CDATA[Hibernate: select u1_0.id from users u1_0 where u1_0.username=? fetch first ? rows only
Hibernate: insert into users (email,first_name,last_name,password,rating,role,username) values (?,?,?,?,?,?,?)
&amp#27;[2m2024-06-27T15:56:07.418+02:00&amp#27;[0;39m &amp#27;[32m INFO&amp#27;[0;39m &amp#27;[35m36935&amp#27;[0;39m &amp#27;[2m---&amp#27;[0;39m &amp#27;[2m[FreelancePlatform] [           main]&amp#27;[0;39m &amp#27;[2m&amp#27;[0;39m&amp#27;[36mf.kafka.UserKafkaProducer               &amp#27;[0;39m &amp#27;[2m:&amp#27;[0;39m event - {"id":15,"username":"username1889514830","firstName":"firstname1651600092","lastName":"lastname2133843547","email":"email422020455","password":"$2a$10$aLjeRaeSlLL18ZLAKI7dY.Yi0VPX5qlPvVYfFT.4oljOz1dM9pS6C","rating":0,"role":"ADMIN"}
Hibernate: select u1_0.id from users u1_0 where u1_0.username=? fetch first ? rows only
Hibernate: insert into users (email,first_name,last_name,password,rating,role,username) values (?,?,?,?,?,?,?)
&amp#27;[2m2024-06-27T15:56:07.498+02:00&amp#27;[0;39m &amp#27;[32m INFO&amp#27;[0;39m &amp#27;[35m36935&amp#27;[0;39m &amp#27;[2m---&amp#27;[0;39m &amp#27;[2m[FreelancePlatform] [           main]&amp#27;[0;39m &amp#27;[2m&amp#27;[0;39m&amp#27;[36mf.kafka.UserKafkaProducer               &amp#27;[0;39m &amp#27;[2m:&amp#27;[0;39m event - {"id":16,"username":"username945221744","firstName":"firstname629454741","lastName":"lastname18223774","email":"email168736267","password":"$2a$10$OE0luvipFSmh5zfwki7TBOrDYyMB0gc1c5RrTG9FNt5ln6jXlR0au","rating":0,"role":"USER"}
&amp#27;[2m2024-06-27T15:56:07.501+02:00&amp#27;[0;39m &amp#27;[32m INFO&amp#27;[0;39m &amp#27;[35m36935&amp#27;[0;39m &amp#27;[2m---&amp#27;[0;39m &amp#27;[2m[FreelancePlatform] [           main]&amp#27;[0;39m &amp#27;[2m&amp#27;[0;39m&amp#27;[36mf.logging.LoggerInterceptor             &amp#27;[0;39m &amp#27;[2m:&amp#27;[0;39m [preHandle][DELETE][/rest/proposals/1][?&_psip=127.0.0.1]
]]></system-out>
  </testcase>
  <testcase name="saveByUserReturnsStatusCreated" classname="freelanceplatform.controllers.ProposalControllerTest" time="0.259">
    <system-out><![CDATA[Hibernate: select u1_0.id from users u1_0 where u1_0.username=? fetch first ? rows only
Hibernate: insert into users (email,first_name,last_name,password,rating,role,username) values (?,?,?,?,?,?,?)
&amp#27;[2m2024-06-27T15:56:07.584+02:00&amp#27;[0;39m &amp#27;[32m INFO&amp#27;[0;39m &amp#27;[35m36935&amp#27;[0;39m &amp#27;[2m---&amp#27;[0;39m &amp#27;[2m[FreelancePlatform] [           main]&amp#27;[0;39m &amp#27;[2m&amp#27;[0;39m&amp#27;[36mf.kafka.UserKafkaProducer               &amp#27;[0;39m &amp#27;[2m:&amp#27;[0;39m event - {"id":17,"username":"username638603564","firstName":"firstname1264269511","lastName":"lastname1257702963","email":"email1687507256","password":"$2a$10$UJETKwn6vAH2/KNUTQYpZuFgn9R0xsSvHVFFMvYsCQHgohraWyz7a","rating":0,"role":"ADMIN"}
Hibernate: select u1_0.id from users u1_0 where u1_0.username=? fetch first ? rows only
Hibernate: insert into users (email,first_name,last_name,password,rating,role,username) values (?,?,?,?,?,?,?)
&amp#27;[2m2024-06-27T15:56:07.664+02:00&amp#27;[0;39m &amp#27;[32m INFO&amp#27;[0;39m &amp#27;[35m36935&amp#27;[0;39m &amp#27;[2m---&amp#27;[0;39m &amp#27;[2m[FreelancePlatform] [           main]&amp#27;[0;39m &amp#27;[2m&amp#27;[0;39m&amp#27;[36mf.kafka.UserKafkaProducer               &amp#27;[0;39m &amp#27;[2m:&amp#27;[0;39m event - {"id":18,"username":"username439228795","firstName":"firstname34803805","lastName":"lastname497101488","email":"email411774829","password":"$2a$10$/8ehSDS0tlGgf6VmGogAUO4k17sTCb0TbwKhUrcKml6As66wtycyO","rating":0,"role":"USER"}
Hibernate: select u1_0.id from users u1_0 where u1_0.username=? fetch first ? rows only
Hibernate: insert into users (email,first_name,last_name,password,rating,role,username) values (?,?,?,?,?,?,?)
&amp#27;[2m2024-06-27T15:56:07.744+02:00&amp#27;[0;39m &amp#27;[32m INFO&amp#27;[0;39m &amp#27;[35m36935&amp#27;[0;39m &amp#27;[2m---&amp#27;[0;39m &amp#27;[2m[FreelancePlatform] [           main]&amp#27;[0;39m &amp#27;[2m&amp#27;[0;39m&amp#27;[36mf.kafka.UserKafkaProducer               &amp#27;[0;39m &amp#27;[2m:&amp#27;[0;39m event - {"id":19,"username":"username1018948877","firstName":"firstname2044893478","lastName":"lastname-1755121618","email":"email-1659386179","password":"$2a$10$b0/9GtRIyAZ/E2i3LpMhPu.Y3rntWKPTKREia0EhkdM07N/L.1PVq","rating":0,"role":"USER"}
Hibernate: insert into task (assigned_date,customer_id,deadline,freelancer_id,payment,posted_date,problem,solution_id,status,submitted_date,title,type) values (?,?,?,?,?,?,?,?,?,?,?,?)
&amp#27;[2m2024-06-27T15:56:07.747+02:00&amp#27;[0;39m &amp#27;[32m INFO&amp#27;[0;39m &amp#27;[35m36935&amp#27;[0;39m &amp#27;[2m---&amp#27;[0;39m &amp#27;[2m[FreelancePlatform] [           main]&amp#27;[0;39m &amp#27;[2m&amp#27;[0;39m&amp#27;[36mf.kafka.UserKafkaProducer               &amp#27;[0;39m &amp#27;[2m:&amp#27;[0;39m event - Task title1924656983 create
&amp#27;[2m2024-06-27T15:56:07.754+02:00&amp#27;[0;39m &amp#27;[32m INFO&amp#27;[0;39m &amp#27;[35m36935&amp#27;[0;39m &amp#27;[2m---&amp#27;[0;39m &amp#27;[2m[FreelancePlatform] [           main]&amp#27;[0;39m &amp#27;[2m&amp#27;[0;39m&amp#27;[36mf.logging.LoggerInterceptor             &amp#27;[0;39m &amp#27;[2m:&amp#27;[0;39m [preHandle][POST][/rest/proposals][?&_psip=127.0.0.1]
&amp#27;[2m2024-06-27T15:56:07.756+02:00&amp#27;[0;39m &amp#27;[32m INFO&amp#27;[0;39m &amp#27;[35m36935&amp#27;[0;39m &amp#27;[2m---&amp#27;[0;39m &amp#27;[2m[FreelancePlatform] [           main]&amp#27;[0;39m &amp#27;[2m&amp#27;[0;39m&amp#27;[36mfreelanceplatform.services.UserService  &amp#27;[0;39m &amp#27;[2m:&amp#27;[0;39m User with id 19 has been added to cache
&amp#27;[2m2024-06-27T15:56:07.757+02:00&amp#27;[0;39m &amp#27;[32m INFO&amp#27;[0;39m &amp#27;[35m36935&amp#27;[0;39m &amp#27;[2m---&amp#27;[0;39m &amp#27;[2m[FreelancePlatform] [           main]&amp#27;[0;39m &amp#27;[2m&amp#27;[0;39m&amp#27;[36mfreelanceplatform.services.TaskService  &amp#27;[0;39m &amp#27;[2m:&amp#27;[0;39m Get task by id 3.
&amp#27;[2m2024-06-27T15:56:07.758+02:00&amp#27;[0;39m &amp#27;[32m INFO&amp#27;[0;39m &amp#27;[35m36935&amp#27;[0;39m &amp#27;[2m---&amp#27;[0;39m &amp#27;[2m[FreelancePlatform] [           main]&amp#27;[0;39m &amp#27;[2m&amp#27;[0;39m&amp#27;[36mf.services.ProposalService              &amp#27;[0;39m &amp#27;[2m:&amp#27;[0;39m Saving new proposal with id null
Hibernate: insert into proposal (freelancer_id,task_id) values (?,?)
]]></system-out>
  </testcase>
  <testcase name="updateByAdminReturnsStatusNoContent" classname="freelanceplatform.controllers.ProposalControllerTest" time="0.185">
    <system-out><![CDATA[Hibernate: select u1_0.id from users u1_0 where u1_0.username=? fetch first ? rows only
Hibernate: insert into users (email,first_name,last_name,password,rating,role,username) values (?,?,?,?,?,?,?)
&amp#27;[2m2024-06-27T15:56:07.850+02:00&amp#27;[0;39m &amp#27;[32m INFO&amp#27;[0;39m &amp#27;[35m36935&amp#27;[0;39m &amp#27;[2m---&amp#27;[0;39m &amp#27;[2m[FreelancePlatform] [           main]&amp#27;[0;39m &amp#27;[2m&amp#27;[0;39m&amp#27;[36mf.kafka.UserKafkaProducer               &amp#27;[0;39m &amp#27;[2m:&amp#27;[0;39m event - {"id":20,"username":"username-2058893720","firstName":"firstname-591281177","lastName":"lastname711572160","email":"email-446562689","password":"$2a$10$srikIy4BdOP0X046hobnE.IQkrCOBwoWZZ3JO8ZCO3nRrpLusiHuC","rating":0,"role":"ADMIN"}
Hibernate: select u1_0.id from users u1_0 where u1_0.username=? fetch first ? rows only
Hibernate: insert into users (email,first_name,last_name,password,rating,role,username) values (?,?,?,?,?,?,?)
&amp#27;[2m2024-06-27T15:56:07.931+02:00&amp#27;[0;39m &amp#27;[32m INFO&amp#27;[0;39m &amp#27;[35m36935&amp#27;[0;39m &amp#27;[2m---&amp#27;[0;39m &amp#27;[2m[FreelancePlatform] [           main]&amp#27;[0;39m &amp#27;[2m&amp#27;[0;39m&amp#27;[36mf.kafka.UserKafkaProducer               &amp#27;[0;39m &amp#27;[2m:&amp#27;[0;39m event - {"id":21,"username":"username-1193953644","firstName":"firstname-730825087","lastName":"lastname532089036","email":"email-1483220118","password":"$2a$10$H3BZlooH2W3yuzHCofJqOekx19Via4FB8NVAH5Td2ZuYpXovQJtBi","rating":0,"role":"USER"}
&amp#27;[2m2024-06-27T15:56:07.933+02:00&amp#27;[0;39m &amp#27;[32m INFO&amp#27;[0;39m &amp#27;[35m36935&amp#27;[0;39m &amp#27;[2m---&amp#27;[0;39m &amp#27;[2m[FreelancePlatform] [           main]&amp#27;[0;39m &amp#27;[2m&amp#27;[0;39m&amp#27;[36mf.logging.LoggerInterceptor             &amp#27;[0;39m &amp#27;[2m:&amp#27;[0;39m [preHandle][PUT][/rest/proposals/1][?&_psip=127.0.0.1]
&amp#27;[2m2024-06-27T15:56:07.934+02:00&amp#27;[0;39m &amp#27;[32m INFO&amp#27;[0;39m &amp#27;[35m36935&amp#27;[0;39m &amp#27;[2m---&amp#27;[0;39m &amp#27;[2m[FreelancePlatform] [           main]&amp#27;[0;39m &amp#27;[2m&amp#27;[0;39m&amp#27;[36mfreelanceplatform.services.UserService  &amp#27;[0;39m &amp#27;[2m:&amp#27;[0;39m User with id 21 has been added to cache
&amp#27;[2m2024-06-27T15:56:07.935+02:00&amp#27;[0;39m &amp#27;[32m INFO&amp#27;[0;39m &amp#27;[35m36935&amp#27;[0;39m &amp#27;[2m---&amp#27;[0;39m &amp#27;[2m[FreelancePlatform] [           main]&amp#27;[0;39m &amp#27;[2m&amp#27;[0;39m&amp#27;[36mf.services.ProposalService              &amp#27;[0;39m &amp#27;[2m:&amp#27;[0;39m Updating proposal with id 1
Hibernate: select p1_0.id,p1_0.freelancer_id,f1_0.id,f1_0.email,f1_0.first_name,f1_0.last_name,f1_0.password,f1_0.rating,f1_0.role,f1_0.username,p1_0.task_id,t1_0.id,t1_0.assigned_date,t1_0.customer_id,c1_0.id,c1_0.email,c1_0.first_name,c1_0.last_name,c1_0.password,c1_0.rating,c1_0.role,c1_0.username,t1_0.deadline,f2_0.id,f2_0.email,f2_0.first_name,f2_0.last_name,f2_0.password,f2_0.rating,f2_0.role,f2_0.username,t1_0.payment,t1_0.posted_date,t1_0.problem,s1_0.id,s1_0.description,s1_0.link,t1_0.status,t1_0.submitted_date,t1_0.title,t1_0.type from proposal p1_0 join users f1_0 on f1_0.id=p1_0.freelancer_id join task t1_0 on t1_0.id=p1_0.task_id left join users c1_0 on c1_0.id=t1_0.customer_id left join users f2_0 on f2_0.id=t1_0.freelancer_id left join solution s1_0 on s1_0.id=t1_0.solution_id where p1_0.id=?
Hibernate: select p1_0.freelancer_id,p1_0.id,p1_0.task_id,t1_0.id,t1_0.assigned_date,t1_0.customer_id,c1_0.id,c1_0.email,c1_0.first_name,c1_0.last_name,c1_0.password,c1_0.rating,c1_0.role,c1_0.username,t1_0.deadline,f2_0.id,f2_0.email,f2_0.first_name,f2_0.last_name,f2_0.password,f2_0.rating,f2_0.role,f2_0.username,t1_0.payment,t1_0.posted_date,t1_0.problem,s1_0.id,s1_0.description,s1_0.link,t1_0.status,t1_0.submitted_date,t1_0.title,t1_0.type from proposal p1_0 left join task t1_0 on t1_0.id=p1_0.task_id left join users c1_0 on c1_0.id=t1_0.customer_id left join users f2_0 on f2_0.id=t1_0.freelancer_id left join solution s1_0 on s1_0.id=t1_0.solution_id where p1_0.freelancer_id=?
]]></system-out>
  </testcase>
  <testcase name="saveByAdminReturnsStatusCreated" classname="freelanceplatform.controllers.ProposalControllerTest" time="0.251">
    <system-out><![CDATA[Hibernate: select u1_0.id from users u1_0 where u1_0.username=? fetch first ? rows only
Hibernate: insert into users (email,first_name,last_name,password,rating,role,username) values (?,?,?,?,?,?,?)
&amp#27;[2m2024-06-27T15:56:08.030+02:00&amp#27;[0;39m &amp#27;[32m INFO&amp#27;[0;39m &amp#27;[35m36935&amp#27;[0;39m &amp#27;[2m---&amp#27;[0;39m &amp#27;[2m[FreelancePlatform] [           main]&amp#27;[0;39m &amp#27;[2m&amp#27;[0;39m&amp#27;[36mf.kafka.UserKafkaProducer               &amp#27;[0;39m &amp#27;[2m:&amp#27;[0;39m event - {"id":22,"username":"username1468613459","firstName":"firstname1097492298","lastName":"lastname-1141112904","email":"email110667299","password":"$2a$10$DmqIgS92DN8Q8WknosJNLe1cYPxGclqsiEgE3txmAIRYauNyZJ2wK","rating":0,"role":"ADMIN"}
Hibernate: select u1_0.id from users u1_0 where u1_0.username=? fetch first ? rows only
Hibernate: insert into users (email,first_name,last_name,password,rating,role,username) values (?,?,?,?,?,?,?)
&amp#27;[2m2024-06-27T15:56:08.110+02:00&amp#27;[0;39m &amp#27;[32m INFO&amp#27;[0;39m &amp#27;[35m36935&amp#27;[0;39m &amp#27;[2m---&amp#27;[0;39m &amp#27;[2m[FreelancePlatform] [           main]&amp#27;[0;39m &amp#27;[2m&amp#27;[0;39m&amp#27;[36mf.kafka.UserKafkaProducer               &amp#27;[0;39m &amp#27;[2m:&amp#27;[0;39m event - {"id":23,"username":"username-753002818","firstName":"firstname1706492267","lastName":"lastname678523147","email":"email1449431944","password":"$2a$10$DRQd.Eoxr15dpyFXWyt3zOYRakHYsLNC/G8qTfu8ga8wmDWHJweDO","rating":0,"role":"USER"}
Hibernate: select u1_0.id from users u1_0 where u1_0.username=? fetch first ? rows only
Hibernate: insert into users (email,first_name,last_name,password,rating,role,username) values (?,?,?,?,?,?,?)
&amp#27;[2m2024-06-27T15:56:08.191+02:00&amp#27;[0;39m &amp#27;[32m INFO&amp#27;[0;39m &amp#27;[35m36935&amp#27;[0;39m &amp#27;[2m---&amp#27;[0;39m &amp#27;[2m[FreelancePlatform] [           main]&amp#27;[0;39m &amp#27;[2m&amp#27;[0;39m&amp#27;[36mf.kafka.UserKafkaProducer               &amp#27;[0;39m &amp#27;[2m:&amp#27;[0;39m event - {"id":24,"username":"username1457195750","firstName":"firstname-1535242484","lastName":"lastname941282441","email":"email-722284225","password":"$2a$10$1cwh2T3i5wwXdkACFOxbkeKIcYJVlyPc7xTXCitRwwRYw8gif7S8u","rating":0,"role":"USER"}
Hibernate: insert into task (assigned_date,customer_id,deadline,freelancer_id,payment,posted_date,problem,solution_id,status,submitted_date,title,type) values (?,?,?,?,?,?,?,?,?,?,?,?)
&amp#27;[2m2024-06-27T15:56:08.194+02:00&amp#27;[0;39m &amp#27;[32m INFO&amp#27;[0;39m &amp#27;[35m36935&amp#27;[0;39m &amp#27;[2m---&amp#27;[0;39m &amp#27;[2m[FreelancePlatform] [           main]&amp#27;[0;39m &amp#27;[2m&amp#27;[0;39m&amp#27;[36mf.kafka.UserKafkaProducer               &amp#27;[0;39m &amp#27;[2m:&amp#27;[0;39m event - Task title-2027713266 create
&amp#27;[2m2024-06-27T15:56:08.194+02:00&amp#27;[0;39m &amp#27;[32m INFO&amp#27;[0;39m &amp#27;[35m36935&amp#27;[0;39m &amp#27;[2m---&amp#27;[0;39m &amp#27;[2m[FreelancePlatform] [           main]&amp#27;[0;39m &amp#27;[2m&amp#27;[0;39m&amp#27;[36mf.logging.LoggerInterceptor             &amp#27;[0;39m &amp#27;[2m:&amp#27;[0;39m [preHandle][POST][/rest/proposals][?&_psip=127.0.0.1]
&amp#27;[2m2024-06-27T15:56:08.195+02:00&amp#27;[0;39m &amp#27;[32m INFO&amp#27;[0;39m &amp#27;[35m36935&amp#27;[0;39m &amp#27;[2m---&amp#27;[0;39m &amp#27;[2m[FreelancePlatform] [           main]&amp#27;[0;39m &amp#27;[2m&amp#27;[0;39m&amp#27;[36mfreelanceplatform.services.UserService  &amp#27;[0;39m &amp#27;[2m:&amp#27;[0;39m User with id 24 has been added to cache
&amp#27;[2m2024-06-27T15:56:08.195+02:00&amp#27;[0;39m &amp#27;[32m INFO&amp#27;[0;39m &amp#27;[35m36935&amp#27;[0;39m &amp#27;[2m---&amp#27;[0;39m &amp#27;[2m[FreelancePlatform] [           main]&amp#27;[0;39m &amp#27;[2m&amp#27;[0;39m&amp#27;[36mfreelanceplatform.services.TaskService  &amp#27;[0;39m &amp#27;[2m:&amp#27;[0;39m Get task by id 4.
&amp#27;[2m2024-06-27T15:56:08.196+02:00&amp#27;[0;39m &amp#27;[32m INFO&amp#27;[0;39m &amp#27;[35m36935&amp#27;[0;39m &amp#27;[2m---&amp#27;[0;39m &amp#27;[2m[FreelancePlatform] [           main]&amp#27;[0;39m &amp#27;[2m&amp#27;[0;39m&amp#27;[36mf.services.ProposalService              &amp#27;[0;39m &amp#27;[2m:&amp#27;[0;39m Saving new proposal with id null
Hibernate: insert into proposal (freelancer_id,task_id) values (?,?)
]]></system-out>
  </testcase>
  <testcase name="findByIdReturnsStatusOk" classname="freelanceplatform.controllers.ProposalControllerTest" time="0.165">
    <system-out><![CDATA[Hibernate: select u1_0.id from users u1_0 where u1_0.username=? fetch first ? rows only
Hibernate: insert into users (email,first_name,last_name,password,rating,role,username) values (?,?,?,?,?,?,?)
&amp#27;[2m2024-06-27T15:56:08.281+02:00&amp#27;[0;39m &amp#27;[32m INFO&amp#27;[0;39m &amp#27;[35m36935&amp#27;[0;39m &amp#27;[2m---&amp#27;[0;39m &amp#27;[2m[FreelancePlatform] [           main]&amp#27;[0;39m &amp#27;[2m&amp#27;[0;39m&amp#27;[36mf.kafka.UserKafkaProducer               &amp#27;[0;39m &amp#27;[2m:&amp#27;[0;39m event - {"id":25,"username":"username-1224477046","firstName":"firstname956013405","lastName":"lastname1249867807","email":"email-776468148","password":"$2a$10$2QHYE7L4FGBG9aEPC60.muGD/5A.Ho.MI7VRstOpiV2bZ5yMPMb.K","rating":0,"role":"ADMIN"}
Hibernate: select u1_0.id from users u1_0 where u1_0.username=? fetch first ? rows only
Hibernate: insert into users (email,first_name,last_name,password,rating,role,username) values (?,?,?,?,?,?,?)
&amp#27;[2m2024-06-27T15:56:08.361+02:00&amp#27;[0;39m &amp#27;[32m INFO&amp#27;[0;39m &amp#27;[35m36935&amp#27;[0;39m &amp#27;[2m---&amp#27;[0;39m &amp#27;[2m[FreelancePlatform] [           main]&amp#27;[0;39m &amp#27;[2m&amp#27;[0;39m&amp#27;[36mf.kafka.UserKafkaProducer               &amp#27;[0;39m &amp#27;[2m:&amp#27;[0;39m event - {"id":26,"username":"username-73575294","firstName":"firstname-36296418","lastName":"lastname-1188085163","email":"email-1896726352","password":"$2a$10$H/R9l9D6dNOXS6iMBq3.NelyK2ANYB8bQVKTtyKcz0VuLmjZaa8Xm","rating":0,"role":"USER"}
&amp#27;[2m2024-06-27T15:56:08.362+02:00&amp#27;[0;39m &amp#27;[32m INFO&amp#27;[0;39m &amp#27;[35m36935&amp#27;[0;39m &amp#27;[2m---&amp#27;[0;39m &amp#27;[2m[FreelancePlatform] [           main]&amp#27;[0;39m &amp#27;[2m&amp#27;[0;39m&amp#27;[36mf.logging.LoggerInterceptor             &amp#27;[0;39m &amp#27;[2m:&amp#27;[0;39m [preHandle][GET][/rest/proposals/1][?&_psip=127.0.0.1]
]]></system-out>
  </testcase>
  <testcase name="findAllReturnsStatusOk" classname="freelanceplatform.controllers.ProposalControllerTest" time="0.18">
    <system-out><![CDATA[Hibernate: select u1_0.id from users u1_0 where u1_0.username=? fetch first ? rows only
Hibernate: insert into users (email,first_name,last_name,password,rating,role,username) values (?,?,?,?,?,?,?)
&amp#27;[2m2024-06-27T15:56:08.446+02:00&amp#27;[0;39m &amp#27;[32m INFO&amp#27;[0;39m &amp#27;[35m36935&amp#27;[0;39m &amp#27;[2m---&amp#27;[0;39m &amp#27;[2m[FreelancePlatform] [           main]&amp#27;[0;39m &amp#27;[2m&amp#27;[0;39m&amp#27;[36mf.kafka.UserKafkaProducer               &amp#27;[0;39m &amp#27;[2m:&amp#27;[0;39m event - {"id":27,"username":"username1127680582","firstName":"firstname1292014015","lastName":"lastname-904197852","email":"email-1563132536","password":"$2a$10$hT1LNSjSHZmiNnLf0haxU.XGnbMpXeb4LQy/My9EjV.6TAuKIzngi","rating":0,"role":"ADMIN"}
Hibernate: select u1_0.id from users u1_0 where u1_0.username=? fetch first ? rows only
Hibernate: insert into users (email,first_name,last_name,password,rating,role,username) values (?,?,?,?,?,?,?)
&amp#27;[2m2024-06-27T15:56:08.526+02:00&amp#27;[0;39m &amp#27;[32m INFO&amp#27;[0;39m &amp#27;[35m36935&amp#27;[0;39m &amp#27;[2m---&amp#27;[0;39m &amp#27;[2m[FreelancePlatform] [           main]&amp#27;[0;39m &amp#27;[2m&amp#27;[0;39m&amp#27;[36mf.kafka.UserKafkaProducer               &amp#27;[0;39m &amp#27;[2m:&amp#27;[0;39m event - {"id":28,"username":"username-355204585","firstName":"firstname71398955","lastName":"lastname110380708","email":"email2001164306","password":"$2a$10$3Zz58PNMBpD.hbs0hqymIOsNjTd876Co1UzLWHTBNv7736tBrXECK","rating":0,"role":"USER"}
&amp#27;[2m2024-06-27T15:56:08.527+02:00&amp#27;[0;39m &amp#27;[32m INFO&amp#27;[0;39m &amp#27;[35m36935&amp#27;[0;39m &amp#27;[2m---&amp#27;[0;39m &amp#27;[2m[FreelancePlatform] [           main]&amp#27;[0;39m &amp#27;[2m&amp#27;[0;39m&amp#27;[36mf.logging.LoggerInterceptor             &amp#27;[0;39m &amp#27;[2m:&amp#27;[0;39m [preHandle][GET][/rest/proposals][?&_psip=127.0.0.1]
&amp#27;[2m2024-06-27T15:56:08.527+02:00&amp#27;[0;39m &amp#27;[32m INFO&amp#27;[0;39m &amp#27;[35m36935&amp#27;[0;39m &amp#27;[2m---&amp#27;[0;39m &amp#27;[2m[FreelancePlatform] [           main]&amp#27;[0;39m &amp#27;[2m&amp#27;[0;39m&amp#27;[36mf.services.ProposalService              &amp#27;[0;39m &amp#27;[2m:&amp#27;[0;39m Finding all proposals
Hibernate: select p1_0.id,p1_0.freelancer_id,p1_0.task_id from proposal p1_0
Hibernate: select u1_0.id,u1_0.email,u1_0.first_name,u1_0.last_name,u1_0.password,u1_0.rating,u1_0.role,u1_0.username from users u1_0 where u1_0.id=?
Hibernate: select t1_0.id,t1_0.assigned_date,t1_0.customer_id,c1_0.id,c1_0.email,c1_0.first_name,c1_0.last_name,c1_0.password,c1_0.rating,c1_0.role,c1_0.username,t1_0.deadline,f1_0.id,f1_0.email,f1_0.first_name,f1_0.last_name,f1_0.password,f1_0.rating,f1_0.role,f1_0.username,t1_0.payment,t1_0.posted_date,t1_0.problem,s1_0.id,s1_0.description,s1_0.link,t1_0.status,t1_0.submitted_date,t1_0.title,t1_0.type from task t1_0 join users c1_0 on c1_0.id=t1_0.customer_id left join users f1_0 on f1_0.id=t1_0.freelancer_id left join solution s1_0 on s1_0.id=t1_0.solution_id where t1_0.id=?
Hibernate: select t1_0.id,t1_0.assigned_date,t1_0.customer_id,c1_0.id,c1_0.email,c1_0.first_name,c1_0.last_name,c1_0.password,c1_0.rating,c1_0.role,c1_0.username,t1_0.deadline,f1_0.id,f1_0.email,f1_0.first_name,f1_0.last_name,f1_0.password,f1_0.rating,f1_0.role,f1_0.username,t1_0.payment,t1_0.posted_date,t1_0.problem,s1_0.id,s1_0.description,s1_0.link,t1_0.status,t1_0.submitted_date,t1_0.title,t1_0.type from task t1_0 join users c1_0 on c1_0.id=t1_0.customer_id left join users f1_0 on f1_0.id=t1_0.freelancer_id left join solution s1_0 on s1_0.id=t1_0.solution_id where t1_0.id=?
&amp#27;[2m2024-06-27T15:56:08.540+02:00&amp#27;[0;39m &amp#27;[32m INFO&amp#27;[0;39m &amp#27;[35m36935&amp#27;[0;39m &amp#27;[2m---&amp#27;[0;39m &amp#27;[2m[FreelancePlatform] [           main]&amp#27;[0;39m &amp#27;[2m&amp#27;[0;39m&amp#27;[36mf.services.ProposalService              &amp#27;[0;39m &amp#27;[2m:&amp#27;[0;39m Finding all proposals
Hibernate: select p1_0.id,p1_0.freelancer_id,p1_0.task_id from proposal p1_0
]]></system-out>
  </testcase>
  <testcase name="findByIdReturnsStatusNotFound" classname="freelanceplatform.controllers.ProposalControllerTest" time="0.168">
    <system-out><![CDATA[Hibernate: select u1_0.id from users u1_0 where u1_0.username=? fetch first ? rows only
Hibernate: insert into users (email,first_name,last_name,password,rating,role,username) values (?,?,?,?,?,?,?)
&amp#27;[2m2024-06-27T15:56:08.627+02:00&amp#27;[0;39m &amp#27;[32m INFO&amp#27;[0;39m &amp#27;[35m36935&amp#27;[0;39m &amp#27;[2m---&amp#27;[0;39m &amp#27;[2m[FreelancePlatform] [           main]&amp#27;[0;39m &amp#27;[2m&amp#27;[0;39m&amp#27;[36mf.kafka.UserKafkaProducer               &amp#27;[0;39m &amp#27;[2m:&amp#27;[0;39m event - {"id":29,"username":"username-1501457793","firstName":"firstname1748448421","lastName":"lastname1497290244","email":"email-513388301","password":"$2a$10$uP80O04cYsJVZ42BLxItCePPxtkzTAnklmu6J5WSFfKucTkVNlrKW","rating":0,"role":"ADMIN"}
Hibernate: select u1_0.id from users u1_0 where u1_0.username=? fetch first ? rows only
Hibernate: insert into users (email,first_name,last_name,password,rating,role,username) values (?,?,?,?,?,?,?)
&amp#27;[2m2024-06-27T15:56:08.707+02:00&amp#27;[0;39m &amp#27;[32m INFO&amp#27;[0;39m &amp#27;[35m36935&amp#27;[0;39m &amp#27;[2m---&amp#27;[0;39m &amp#27;[2m[FreelancePlatform] [           main]&amp#27;[0;39m &amp#27;[2m&amp#27;[0;39m&amp#27;[36mf.kafka.UserKafkaProducer               &amp#27;[0;39m &amp#27;[2m:&amp#27;[0;39m event - {"id":30,"username":"username-619773828","firstName":"firstname-2027110109","lastName":"lastname-999004921","email":"email883874497","password":"$2a$10$xpmw469rKF9hoRmWlAHGEOBx325eRkFLk1WukC0eB6lpWSwTvqVbq","rating":0,"role":"USER"}
&amp#27;[2m2024-06-27T15:56:08.707+02:00&amp#27;[0;39m &amp#27;[32m INFO&amp#27;[0;39m &amp#27;[35m36935&amp#27;[0;39m &amp#27;[2m---&amp#27;[0;39m &amp#27;[2m[FreelancePlatform] [           main]&amp#27;[0;39m &amp#27;[2m&amp#27;[0;39m&amp#27;[36mf.logging.LoggerInterceptor             &amp#27;[0;39m &amp#27;[2m:&amp#27;[0;39m [preHandle][GET][/rest/proposals/-1][?&_psip=127.0.0.1]
&amp#27;[2m2024-06-27T15:56:08.708+02:00&amp#27;[0;39m &amp#27;[32m INFO&amp#27;[0;39m &amp#27;[35m36935&amp#27;[0;39m &amp#27;[2m---&amp#27;[0;39m &amp#27;[2m[FreelancePlatform] [           main]&amp#27;[0;39m &amp#27;[2m&amp#27;[0;39m&amp#27;[36mf.services.ProposalService              &amp#27;[0;39m &amp#27;[2m:&amp#27;[0;39m Finding proposal by id -1
Hibernate: select p1_0.id,p1_0.freelancer_id,f1_0.id,f1_0.email,f1_0.first_name,f1_0.last_name,f1_0.password,f1_0.rating,f1_0.role,f1_0.username,p1_0.task_id,t1_0.id,t1_0.assigned_date,t1_0.customer_id,c1_0.id,c1_0.email,c1_0.first_name,c1_0.last_name,c1_0.password,c1_0.rating,c1_0.role,c1_0.username,t1_0.deadline,f2_0.id,f2_0.email,f2_0.first_name,f2_0.last_name,f2_0.password,f2_0.rating,f2_0.role,f2_0.username,t1_0.payment,t1_0.posted_date,t1_0.problem,s1_0.id,s1_0.description,s1_0.link,t1_0.status,t1_0.submitted_date,t1_0.title,t1_0.type from proposal p1_0 join users f1_0 on f1_0.id=p1_0.freelancer_id join task t1_0 on t1_0.id=p1_0.task_id left join users c1_0 on c1_0.id=t1_0.customer_id left join users f2_0 on f2_0.id=t1_0.freelancer_id left join solution s1_0 on s1_0.id=t1_0.solution_id where p1_0.id=?
]]></system-out>
  </testcase>
</testsuite>