<?xml version="1.0" encoding="UTF-8"?>
<testsuite xmlns:xsi="http://www.w3.org/2001/XMLSchema-instance" xsi:noNamespaceSchemaLocation="https://maven.apache.org/surefire/maven-surefire-plugin/xsd/surefire-test-report-3.0.xsd" version="3.0" name="freelanceplatform.controllers.FeedbackControllerTest" time="5.995" tests="11" errors="0" skipped="0" failures="0">
  <properties>
    <property name="java.specification.version" value="22"/>
    <property name="sun.jnu.encoding" value="UTF-8"/>
    <property name="java.class.path" value="/Users/stanislavkovalcuk/test/FreelancePlatform/target/test-classes:/Users/stanislavkovalcuk/test/FreelancePlatform/target/classes:/Users/stanislavkovalcuk/.m2/repository/org/springframework/boot/spring-boot-starter-data-jpa/3.2.4/spring-boot-starter-data-jpa-3.2.4.jar:/Users/stanislavkovalcuk/.m2/repository/org/springframework/boot/spring-boot-starter-aop/3.2.4/spring-boot-starter-aop-3.2.4.jar:/Users/stanislavkovalcuk/.m2/repository/org/aspectj/aspectjweaver/1.9.21/aspectjweaver-1.9.21.jar:/Users/stanislavkovalcuk/.m2/repository/org/springframework/boot/spring-boot-starter-jdbc/3.2.4/spring-boot-starter-jdbc-3.2.4.jar:/Users/stanislavkovalcuk/.m2/repository/com/zaxxer/HikariCP/5.0.1/HikariCP-5.0.1.jar:/Users/stanislavkovalcuk/.m2/repository/org/springframework/spring-jdbc/6.1.5/spring-jdbc-6.1.5.jar:/Users/stanislavkovalcuk/.m2/repository/org/hibernate/orm/hibernate-core/6.4.4.Final/hibernate-core-6.4.4.Final.jar:/Users/stanislavkovalcuk/.m2/repository/jakarta/persistence/jakarta.persistence-api/3.1.0/jakarta.persistence-api-3.1.0.jar:/Users/stanislavkovalcuk/.m2/repository/jakarta/transaction/jakarta.transaction-api/2.0.1/jakarta.transaction-api-2.0.1.jar:/Users/stanislavkovalcuk/.m2/repository/org/jboss/logging/jboss-logging/3.5.3.Final/jboss-logging-3.5.3.Final.jar:/Users/stanislavkovalcuk/.m2/repository/org/hibernate/common/hibernate-commons-annotations/6.0.6.Final/hibernate-commons-annotations-6.0.6.Final.jar:/Users/stanislavkovalcuk/.m2/repository/io/smallrye/jandex/3.1.2/jandex-3.1.2.jar:/Users/stanislavkovalcuk/.m2/repository/com/fasterxml/classmate/1.6.0/classmate-1.6.0.jar:/Users/stanislavkovalcuk/.m2/repository/net/bytebuddy/byte-buddy/1.14.12/byte-buddy-1.14.12.jar:/Users/stanislavkovalcuk/.m2/repository/org/glassfish/jaxb/jaxb-runtime/4.0.5/jaxb-runtime-4.0.5.jar:/Users/stanislavkovalcuk/.m2/repository/org/glassfish/jaxb/jaxb-core/4.0.5/jaxb-core-4.0.5.jar:/Users/stanislavkovalcuk/.m2/repository/org/eclipse/angus/angus-activation/2.0.2/angus-activation-2.0.2.jar:/Users/stanislavkovalcuk/.m2/repository/org/glassfish/jaxb/txw2/4.0.5/txw2-4.0.5.jar:/Users/stanislavkovalcuk/.m2/repository/com/sun/istack/istack-commons-runtime/4.1.2/istack-commons-runtime-4.1.2.jar:/Users/stanislavkovalcuk/.m2/repository/jakarta/inject/jakarta.inject-api/2.0.1/jakarta.inject-api-2.0.1.jar:/Users/stanislavkovalcuk/.m2/repository/org/antlr/antlr4-runtime/4.13.0/antlr4-runtime-4.13.0.jar:/Users/stanislavkovalcuk/.m2/repository/org/springframework/data/spring-data-jpa/3.2.4/spring-data-jpa-3.2.4.jar:/Users/stanislavkovalcuk/.m2/repository/org/springframework/data/spring-data-commons/3.2.4/spring-data-commons-3.2.4.jar:/Users/stanislavkovalcuk/.m2/repository/org/springframework/spring-orm/6.1.5/spring-orm-6.1.5.jar:/Users/stanislavkovalcuk/.m2/repository/org/springframework/spring-beans/6.1.5/spring-beans-6.1.5.jar:/Users/stanislavkovalcuk/.m2/repository/jakarta/annotation/jakarta.annotation-api/2.1.1/jakarta.annotation-api-2.1.1.jar:/Users/stanislavkovalcuk/.m2/repository/org/slf4j/slf4j-api/2.0.12/slf4j-api-2.0.12.jar:/Users/stanislavkovalcuk/.m2/repository/org/springframework/spring-aspects/6.1.5/spring-aspects-6.1.5.jar:/Users/stanislavkovalcuk/.m2/repository/org/springframework/boot/spring-boot-starter-security/3.2.4/spring-boot-starter-security-3.2.4.jar:/Users/stanislavkovalcuk/.m2/repository/org/springframework/boot/spring-boot-starter/3.2.4/spring-boot-starter-3.2.4.jar:/Users/stanislavkovalcuk/.m2/repository/org/springframework/boot/spring-boot-starter-logging/3.2.4/spring-boot-starter-logging-3.2.4.jar:/Users/stanislavkovalcuk/.m2/repository/org/apache/logging/log4j/log4j-to-slf4j/2.21.1/log4j-to-slf4j-2.21.1.jar:/Users/stanislavkovalcuk/.m2/repository/org/apache/logging/log4j/log4j-api/2.21.1/log4j-api-2.21.1.jar:/Users/stanislavkovalcuk/.m2/repository/org/slf4j/jul-to-slf4j/2.0.12/jul-to-slf4j-2.0.12.jar:/Users/stanislavkovalcuk/.m2/repository/org/springframework/spring-aop/6.1.5/spring-aop-6.1.5.jar:/Users/stanislavkovalcuk/.m2/repository/org/springframework/security/spring-security-config/6.2.3/spring-security-config-6.2.3.jar:/Users/stanislavkovalcuk/.m2/repository/org/springframework/security/spring-security-web/6.2.3/spring-security-web-6.2.3.jar:/Users/stanislavkovalcuk/.m2/repository/org/springframework/spring-expression/6.1.5/spring-expression-6.1.5.jar:/Users/stanislavkovalcuk/.m2/repository/org/springframework/boot/spring-boot-starter-web/3.2.4/spring-boot-starter-web-3.2.4.jar:/Users/stanislavkovalcuk/.m2/repository/org/springframework/boot/spring-boot-starter-json/3.2.4/spring-boot-starter-json-3.2.4.jar:/Users/stanislavkovalcuk/.m2/repository/com/fasterxml/jackson/core/jackson-databind/2.15.4/jackson-databind-2.15.4.jar:/Users/stanislavkovalcuk/.m2/repository/com/fasterxml/jackson/core/jackson-annotations/2.15.4/jackson-annotations-2.15.4.jar:/Users/stanislavkovalcuk/.m2/repository/com/fasterxml/jackson/core/jackson-core/2.15.4/jackson-core-2.15.4.jar:/Users/stanislavkovalcuk/.m2/repository/com/fasterxml/jackson/datatype/jackson-datatype-jdk8/2.15.4/jackson-datatype-jdk8-2.15.4.jar:/Users/stanislavkovalcuk/.m2/repository/com/fasterxml/jackson/datatype/jackson-datatype-jsr310/2.15.4/jackson-datatype-jsr310-2.15.4.jar:/Users/stanislavkovalcuk/.m2/repository/com/fasterxml/jackson/module/jackson-module-parameter-names/2.15.4/jackson-module-parameter-names-2.15.4.jar:/Users/stanislavkovalcuk/.m2/repository/org/springframework/boot/spring-boot-starter-tomcat/3.2.4/spring-boot-starter-tomcat-3.2.4.jar:/Users/stanislavkovalcuk/.m2/repository/org/apache/tomcat/embed/tomcat-embed-core/10.1.19/tomcat-embed-core-10.1.19.jar:/Users/stanislavkovalcuk/.m2/repository/org/apache/tomcat/embed/tomcat-embed-el/10.1.19/tomcat-embed-el-10.1.19.jar:/Users/stanislavkovalcuk/.m2/repository/org/apache/tomcat/embed/tomcat-embed-websocket/10.1.19/tomcat-embed-websocket-10.1.19.jar:/Users/stanislavkovalcuk/.m2/repository/org/springframework/spring-web/6.1.5/spring-web-6.1.5.jar:/Users/stanislavkovalcuk/.m2/repository/org/springframework/spring-webmvc/6.1.5/spring-webmvc-6.1.5.jar:/Users/stanislavkovalcuk/.m2/repository/org/springframework/kafka/spring-kafka/3.1.3/spring-kafka-3.1.3.jar:/Users/stanislavkovalcuk/.m2/repository/org/springframework/spring-context/6.1.5/spring-context-6.1.5.jar:/Users/stanislavkovalcuk/.m2/repository/org/springframework/spring-messaging/6.1.5/spring-messaging-6.1.5.jar:/Users/stanislavkovalcuk/.m2/repository/org/springframework/spring-tx/6.1.5/spring-tx-6.1.5.jar:/Users/stanislavkovalcuk/.m2/repository/org/springframework/retry/spring-retry/2.0.5/spring-retry-2.0.5.jar:/Users/stanislavkovalcuk/.m2/repository/org/apache/kafka/kafka-clients/3.6.1/kafka-clients-3.6.1.jar:/Users/stanislavkovalcuk/.m2/repository/com/github/luben/zstd-jni/1.5.5-1/zstd-jni-1.5.5-1.jar:/Users/stanislavkovalcuk/.m2/repository/org/lz4/lz4-java/1.8.0/lz4-java-1.8.0.jar:/Users/stanislavkovalcuk/.m2/repository/org/xerial/snappy/snappy-java/1.1.10.5/snappy-java-1.1.10.5.jar:/Users/stanislavkovalcuk/.m2/repository/io/micrometer/micrometer-observation/1.12.4/micrometer-observation-1.12.4.jar:/Users/stanislavkovalcuk/.m2/repository/io/micrometer/micrometer-commons/1.12.4/micrometer-commons-1.12.4.jar:/Users/stanislavkovalcuk/.m2/repository/com/google/code/findbugs/jsr305/3.0.2/jsr305-3.0.2.jar:/Users/stanislavkovalcuk/.m2/repository/org/liquibase/liquibase-core/4.24.0/liquibase-core-4.24.0.jar:/Users/stanislavkovalcuk/.m2/repository/com/opencsv/opencsv/5.8/opencsv-5.8.jar:/Users/stanislavkovalcuk/.m2/repository/org/apache/commons/commons-lang3/3.13.0/commons-lang3-3.13.0.jar:/Users/stanislavkovalcuk/.m2/repository/org/apache/commons/commons-text/1.10.0/commons-text-1.10.0.jar:/Users/stanislavkovalcuk/.m2/repository/org/apache/commons/commons-collections4/4.4/commons-collections4-4.4.jar:/Users/stanislavkovalcuk/.m2/repository/org/yaml/snakeyaml/2.2/snakeyaml-2.2.jar:/Users/stanislavkovalcuk/.m2/repository/javax/xml/bind/jaxb-api/2.3.1/jaxb-api-2.3.1.jar:/Users/stanislavkovalcuk/.m2/repository/org/springframework/boot/spring-boot-devtools/3.2.4/spring-boot-devtools-3.2.4.jar:/Users/stanislavkovalcuk/.m2/repository/org/springframework/boot/spring-boot/3.2.4/spring-boot-3.2.4.jar:/Users/stanislavkovalcuk/.m2/repository/org/springframework/boot/spring-boot-autoconfigure/3.2.4/spring-boot-autoconfigure-3.2.4.jar:/Users/stanislavkovalcuk/.m2/repository/org/springframework/boot/spring-boot-starter-cache/3.2.4/spring-boot-starter-cache-3.2.4.jar:/Users/stanislavkovalcuk/.m2/repository/org/springframework/spring-context-support/6.1.5/spring-context-support-6.1.5.jar:/Users/stanislavkovalcuk/.m2/repository/com/hazelcast/hazelcast-spring/5.3.6/hazelcast-spring-5.3.6.jar:/Users/stanislavkovalcuk/.m2/repository/com/hazelcast/hazelcast/5.3.6/hazelcast-5.3.6.jar:/Users/stanislavkovalcuk/.m2/repository/com/h2database/h2/2.2.224/h2-2.2.224.jar:/Users/stanislavkovalcuk/.m2/repository/org/testcontainers/postgresql/1.19.7/postgresql-1.19.7.jar:/Users/stanislavkovalcuk/.m2/repository/org/testcontainers/jdbc/1.19.7/jdbc-1.19.7.jar:/Users/stanislavkovalcuk/.m2/repository/org/testcontainers/database-commons/1.19.7/database-commons-1.19.7.jar:/Users/stanislavkovalcuk/.m2/repository/org/testcontainers/testcontainers/1.19.7/testcontainers-1.19.7.jar:/Users/stanislavkovalcuk/.m2/repository/junit/junit/4.13.2/junit-4.13.2.jar:/Users/stanislavkovalcuk/.m2/repository/org/hamcrest/hamcrest-core/2.2/hamcrest-core-2.2.jar:/Users/stanislavkovalcuk/.m2/repository/org/apache/commons/commons-compress/1.24.0/commons-compress-1.24.0.jar:/Users/stanislavkovalcuk/.m2/repository/org/rnorth/duct-tape/duct-tape/1.0.8/duct-tape-1.0.8.jar:/Users/stanislavkovalcuk/.m2/repository/org/jetbrains/annotations/17.0.0/annotations-17.0.0.jar:/Users/stanislavkovalcuk/.m2/repository/com/github/docker-java/docker-java-api/3.3.6/docker-java-api-3.3.6.jar:/Users/stanislavkovalcuk/.m2/repository/com/github/docker-java/docker-java-transport-zerodep/3.3.6/docker-java-transport-zerodep-3.3.6.jar:/Users/stanislavkovalcuk/.m2/repository/com/github/docker-java/docker-java-transport/3.3.6/docker-java-transport-3.3.6.jar:/Users/stanislavkovalcuk/.m2/repository/net/java/dev/jna/jna/5.13.0/jna-5.13.0.jar:/Users/stanislavkovalcuk/.m2/repository/org/postgresql/postgresql/42.6.2/postgresql-42.6.2.jar:/Users/stanislavkovalcuk/.m2/repository/org/checkerframework/checker-qual/3.31.0/checker-qual-3.31.0.jar:/Users/stanislavkovalcuk/.m2/repository/org/projectlombok/lombok/1.18.30/lombok-1.18.30.jar:/Users/stanislavkovalcuk/.m2/repository/org/springframework/boot/spring-boot-starter-test/3.2.4/spring-boot-starter-test-3.2.4.jar:/Users/stanislavkovalcuk/.m2/repository/org/springframework/boot/spring-boot-test/3.2.4/spring-boot-test-3.2.4.jar:/Users/stanislavkovalcuk/.m2/repository/org/springframework/boot/spring-boot-test-autoconfigure/3.2.4/spring-boot-test-autoconfigure-3.2.4.jar:/Users/stanislavkovalcuk/.m2/repository/com/jayway/jsonpath/json-path/2.9.0/json-path-2.9.0.jar:/Users/stanislavkovalcuk/.m2/repository/jakarta/xml/bind/jakarta.xml.bind-api/4.0.2/jakarta.xml.bind-api-4.0.2.jar:/Users/stanislavkovalcuk/.m2/repository/jakarta/activation/jakarta.activation-api/2.1.3/jakarta.activation-api-2.1.3.jar:/Users/stanislavkovalcuk/.m2/repository/net/minidev/json-smart/2.5.0/json-smart-2.5.0.jar:/Users/stanislavkovalcuk/.m2/repository/net/minidev/accessors-smart/2.5.0/accessors-smart-2.5.0.jar:/Users/stanislavkovalcuk/.m2/repository/org/ow2/asm/asm/9.3/asm-9.3.jar:/Users/stanislavkovalcuk/.m2/repository/org/assertj/assertj-core/3.24.2/assertj-core-3.24.2.jar:/Users/stanislavkovalcuk/.m2/repository/org/awaitility/awaitility/4.2.0/awaitility-4.2.0.jar:/Users/stanislavkovalcuk/.m2/repository/org/hamcrest/hamcrest/2.2/hamcrest-2.2.jar:/Users/stanislavkovalcuk/.m2/repository/org/junit/jupiter/junit-jupiter/5.10.2/junit-jupiter-5.10.2.jar:/Users/stanislavkovalcuk/.m2/repository/org/junit/jupiter/junit-jupiter-params/5.10.2/junit-jupiter-params-5.10.2.jar:/Users/stanislavkovalcuk/.m2/repository/org/junit/jupiter/junit-jupiter-engine/5.10.2/junit-jupiter-engine-5.10.2.jar:/Users/stanislavkovalcuk/.m2/repository/org/mockito/mockito-core/5.7.0/mockito-core-5.7.0.jar:/Users/stanislavkovalcuk/.m2/repository/net/bytebuddy/byte-buddy-agent/1.14.12/byte-buddy-agent-1.14.12.jar:/Users/stanislavkovalcuk/.m2/repository/org/objenesis/objenesis/3.3/objenesis-3.3.jar:/Users/stanislavkovalcuk/.m2/repository/org/mockito/mockito-junit-jupiter/5.7.0/mockito-junit-jupiter-5.7.0.jar:/Users/stanislavkovalcuk/.m2/repository/org/skyscreamer/jsonassert/1.5.1/jsonassert-1.5.1.jar:/Users/stanislavkovalcuk/.m2/repository/com/vaadin/external/google/android-json/0.0.20131108.vaadin1/android-json-0.0.20131108.vaadin1.jar:/Users/stanislavkovalcuk/.m2/repository/org/springframework/spring-core/6.1.5/spring-core-6.1.5.jar:/Users/stanislavkovalcuk/.m2/repository/org/springframework/spring-jcl/6.1.5/spring-jcl-6.1.5.jar:/Users/stanislavkovalcuk/.m2/repository/org/springframework/spring-test/6.1.5/spring-test-6.1.5.jar:/Users/stanislavkovalcuk/.m2/repository/org/xmlunit/xmlunit-core/2.9.1/xmlunit-core-2.9.1.jar:/Users/stanislavkovalcuk/.m2/repository/org/springframework/kafka/spring-kafka-test/3.1.3/spring-kafka-test-3.1.3.jar:/Users/stanislavkovalcuk/.m2/repository/org/apache/zookeeper/zookeeper/3.8.4/zookeeper-3.8.4.jar:/Users/stanislavkovalcuk/.m2/repository/org/apache/zookeeper/zookeeper-jute/3.8.4/zookeeper-jute-3.8.4.jar:/Users/stanislavkovalcuk/.m2/repository/org/apache/yetus/audience-annotations/0.12.0/audience-annotations-0.12.0.jar:/Users/stanislavkovalcuk/.m2/repository/io/netty/netty-handler/4.1.107.Final/netty-handler-4.1.107.Final.jar:/Users/stanislavkovalcuk/.m2/repository/io/netty/netty-common/4.1.107.Final/netty-common-4.1.107.Final.jar:/Users/stanislavkovalcuk/.m2/repository/io/netty/netty-resolver/4.1.107.Final/netty-resolver-4.1.107.Final.jar:/Users/stanislavkovalcuk/.m2/repository/io/netty/netty-buffer/4.1.107.Final/netty-buffer-4.1.107.Final.jar:/Users/stanislavkovalcuk/.m2/repository/io/netty/netty-transport/4.1.107.Final/netty-transport-4.1.107.Final.jar:/Users/stanislavkovalcuk/.m2/repository/io/netty/netty-transport-native-unix-common/4.1.107.Final/netty-transport-native-unix-common-4.1.107.Final.jar:/Users/stanislavkovalcuk/.m2/repository/io/netty/netty-codec/4.1.107.Final/netty-codec-4.1.107.Final.jar:/Users/stanislavkovalcuk/.m2/repository/io/netty/netty-transport-native-epoll/4.1.107.Final/netty-transport-native-epoll-4.1.107.Final.jar:/Users/stanislavkovalcuk/.m2/repository/io/netty/netty-transport-classes-epoll/4.1.107.Final/netty-transport-classes-epoll-4.1.107.Final.jar:/Users/stanislavkovalcuk/.m2/repository/ch/qos/logback/logback-core/1.4.14/logback-core-1.4.14.jar:/Users/stanislavkovalcuk/.m2/repository/ch/qos/logback/logback-classic/1.4.14/logback-classic-1.4.14.jar:/Users/stanislavkovalcuk/.m2/repository/commons-io/commons-io/2.11.0/commons-io-2.11.0.jar:/Users/stanislavkovalcuk/.m2/repository/org/apache/kafka/kafka-clients/3.6.1/kafka-clients-3.6.1-test.jar:/Users/stanislavkovalcuk/.m2/repository/org/apache/kafka/kafka-metadata/3.6.1/kafka-metadata-3.6.1.jar:/Users/stanislavkovalcuk/.m2/repository/org/apache/kafka/kafka-raft/3.6.1/kafka-raft-3.6.1.jar:/Users/stanislavkovalcuk/.m2/repository/com/yammer/metrics/metrics-core/2.2.0/metrics-core-2.2.0.jar:/Users/stanislavkovalcuk/.m2/repository/org/apache/kafka/kafka-server-common/3.6.1/kafka-server-common-3.6.1.jar:/Users/stanislavkovalcuk/.m2/repository/net/sf/jopt-simple/jopt-simple/5.0.4/jopt-simple-5.0.4.jar:/Users/stanislavkovalcuk/.m2/repository/org/pcollections/pcollections/4.0.1/pcollections-4.0.1.jar:/Users/stanislavkovalcuk/.m2/repository/org/apache/kafka/kafka-server-common/3.6.1/kafka-server-common-3.6.1-test.jar:/Users/stanislavkovalcuk/.m2/repository/org/apache/kafka/kafka-streams-test-utils/3.6.1/kafka-streams-test-utils-3.6.1.jar:/Users/stanislavkovalcuk/.m2/repository/org/apache/kafka/kafka-streams/3.6.1/kafka-streams-3.6.1.jar:/Users/stanislavkovalcuk/.m2/repository/org/rocksdb/rocksdbjni/7.9.2/rocksdbjni-7.9.2.jar:/Users/stanislavkovalcuk/.m2/repository/org/apache/kafka/kafka_2.13/3.6.1/kafka_2.13-3.6.1.jar:/Users/stanislavkovalcuk/.m2/repository/org/scala-lang/scala-library/2.13.11/scala-library-2.13.11.jar:/Users/stanislavkovalcuk/.m2/repository/org/apache/kafka/kafka-group-coordinator/3.6.1/kafka-group-coordinator-3.6.1.jar:/Users/stanislavkovalcuk/.m2/repository/org/apache/kafka/kafka-storage-api/3.6.1/kafka-storage-api-3.6.1.jar:/Users/stanislavkovalcuk/.m2/repository/org/apache/kafka/kafka-tools-api/3.6.1/kafka-tools-api-3.6.1.jar:/Users/stanislavkovalcuk/.m2/repository/org/apache/kafka/kafka-storage/3.6.1/kafka-storage-3.6.1.jar:/Users/stanislavkovalcuk/.m2/repository/com/github/ben-manes/caffeine/caffeine/3.1.8/caffeine-3.1.8.jar:/Users/stanislavkovalcuk/.m2/repository/com/google/errorprone/error_prone_annotations/2.21.1/error_prone_annotations-2.21.1.jar:/Users/stanislavkovalcuk/.m2/repository/net/sourceforge/argparse4j/argparse4j/0.7.0/argparse4j-0.7.0.jar:/Users/stanislavkovalcuk/.m2/repository/commons-validator/commons-validator/1.7/commons-validator-1.7.jar:/Users/stanislavkovalcuk/.m2/repository/commons-beanutils/commons-beanutils/1.9.4/commons-beanutils-1.9.4.jar:/Users/stanislavkovalcuk/.m2/repository/commons-digester/commons-digester/2.1/commons-digester-2.1.jar:/Users/stanislavkovalcuk/.m2/repository/commons-collections/commons-collections/3.2.2/commons-collections-3.2.2.jar:/Users/stanislavkovalcuk/.m2/repository/com/fasterxml/jackson/module/jackson-module-scala_2.13/2.15.4/jackson-module-scala_2.13-2.15.4.jar:/Users/stanislavkovalcuk/.m2/repository/com/thoughtworks/paranamer/paranamer/2.8/paranamer-2.8.jar:/Users/stanislavkovalcuk/.m2/repository/com/fasterxml/jackson/dataformat/jackson-dataformat-csv/2.15.4/jackson-dataformat-csv-2.15.4.jar:/Users/stanislavkovalcuk/.m2/repository/org/bitbucket/b_c/jose4j/0.9.3/jose4j-0.9.3.jar:/Users/stanislavkovalcuk/.m2/repository/org/scala-lang/modules/scala-collection-compat_2.13/2.10.0/scala-collection-compat_2.13-2.10.0.jar:/Users/stanislavkovalcuk/.m2/repository/org/scala-lang/modules/scala-java8-compat_2.13/1.0.2/scala-java8-compat_2.13-1.0.2.jar:/Users/stanislavkovalcuk/.m2/repository/org/scala-lang/scala-reflect/2.13.11/scala-reflect-2.13.11.jar:/Users/stanislavkovalcuk/.m2/repository/com/typesafe/scala-logging/scala-logging_2.13/3.9.4/scala-logging_2.13-3.9.4.jar:/Users/stanislavkovalcuk/.m2/repository/io/dropwizard/metrics/metrics-core/4.2.25/metrics-core-4.2.25.jar:/Users/stanislavkovalcuk/.m2/repository/commons-cli/commons-cli/1.4/commons-cli-1.4.jar:/Users/stanislavkovalcuk/.m2/repository/org/apache/kafka/kafka_2.13/3.6.1/kafka_2.13-3.6.1-test.jar:/Users/stanislavkovalcuk/.m2/repository/org/junit/jupiter/junit-jupiter-api/5.10.2/junit-jupiter-api-5.10.2.jar:/Users/stanislavkovalcuk/.m2/repository/org/opentest4j/opentest4j/1.3.0/opentest4j-1.3.0.jar:/Users/stanislavkovalcuk/.m2/repository/org/junit/platform/junit-platform-commons/1.10.2/junit-platform-commons-1.10.2.jar:/Users/stanislavkovalcuk/.m2/repository/org/apiguardian/apiguardian-api/1.1.2/apiguardian-api-1.1.2.jar:/Users/stanislavkovalcuk/.m2/repository/org/junit/platform/junit-platform-launcher/1.10.2/junit-platform-launcher-1.10.2.jar:/Users/stanislavkovalcuk/.m2/repository/org/junit/platform/junit-platform-engine/1.10.2/junit-platform-engine-1.10.2.jar:/Users/stanislavkovalcuk/.m2/repository/org/springframework/security/spring-security-test/6.2.3/spring-security-test-6.2.3.jar:/Users/stanislavkovalcuk/.m2/repository/org/springframework/security/spring-security-core/6.2.3/spring-security-core-6.2.3.jar:/Users/stanislavkovalcuk/.m2/repository/org/springframework/security/spring-security-crypto/6.2.3/spring-security-crypto-6.2.3.jar:"/>
    <property name="java.vm.vendor" value="Oracle Corporation"/>
    <property name="sun.arch.data.model" value="64"/>
    <property name="java.vendor.url" value="https://java.oracle.com/"/>
    <property name="user.timezone" value="Europe/Prague"/>
    <property name="org.jboss.logging.provider" value="slf4j"/>
    <property name="os.name" value="Mac OS X"/>
    <property name="java.vm.specification.version" value="22"/>
    <property name="sun.java.launcher" value="SUN_STANDARD"/>
    <property name="user.country" value="CZ"/>
    <property name="sun.boot.library.path" value="/Users/stanislavkovalcuk/Library/Java/JavaVirtualMachines/openjdk-22.0.1/Contents/Home/lib"/>
    <property name="sun.java.command" value="/Users/stanislavkovalcuk/test/FreelancePlatform/target/surefire/surefirebooter-20240627155548165_3.jar /Users/stanislavkovalcuk/test/FreelancePlatform/target/surefire 2024-06-27T15-55-48_127-jvmRun1 surefire-20240627155548165_1tmp surefire_0-20240627155548165_2tmp"/>
    <property name="http.nonProxyHosts" value="local|*.local|169.254/16|*.169.254/16"/>
    <property name="jdk.debug" value="release"/>
    <property name="surefire.test.class.path" value="/Users/stanislavkovalcuk/test/FreelancePlatform/target/test-classes:/Users/stanislavkovalcuk/test/FreelancePlatform/target/classes:/Users/stanislavkovalcuk/.m2/repository/org/springframework/boot/spring-boot-starter-data-jpa/3.2.4/spring-boot-starter-data-jpa-3.2.4.jar:/Users/stanislavkovalcuk/.m2/repository/org/springframework/boot/spring-boot-starter-aop/3.2.4/spring-boot-starter-aop-3.2.4.jar:/Users/stanislavkovalcuk/.m2/repository/org/aspectj/aspectjweaver/1.9.21/aspectjweaver-1.9.21.jar:/Users/stanislavkovalcuk/.m2/repository/org/springframework/boot/spring-boot-starter-jdbc/3.2.4/spring-boot-starter-jdbc-3.2.4.jar:/Users/stanislavkovalcuk/.m2/repository/com/zaxxer/HikariCP/5.0.1/HikariCP-5.0.1.jar:/Users/stanislavkovalcuk/.m2/repository/org/springframework/spring-jdbc/6.1.5/spring-jdbc-6.1.5.jar:/Users/stanislavkovalcuk/.m2/repository/org/hibernate/orm/hibernate-core/6.4.4.Final/hibernate-core-6.4.4.Final.jar:/Users/stanislavkovalcuk/.m2/repository/jakarta/persistence/jakarta.persistence-api/3.1.0/jakarta.persistence-api-3.1.0.jar:/Users/stanislavkovalcuk/.m2/repository/jakarta/transaction/jakarta.transaction-api/2.0.1/jakarta.transaction-api-2.0.1.jar:/Users/stanislavkovalcuk/.m2/repository/org/jboss/logging/jboss-logging/3.5.3.Final/jboss-logging-3.5.3.Final.jar:/Users/stanislavkovalcuk/.m2/repository/org/hibernate/common/hibernate-commons-annotations/6.0.6.Final/hibernate-commons-annotations-6.0.6.Final.jar:/Users/stanislavkovalcuk/.m2/repository/io/smallrye/jandex/3.1.2/jandex-3.1.2.jar:/Users/stanislavkovalcuk/.m2/repository/com/fasterxml/classmate/1.6.0/classmate-1.6.0.jar:/Users/stanislavkovalcuk/.m2/repository/net/bytebuddy/byte-buddy/1.14.12/byte-buddy-1.14.12.jar:/Users/stanislavkovalcuk/.m2/repository/org/glassfish/jaxb/jaxb-runtime/4.0.5/jaxb-runtime-4.0.5.jar:/Users/stanislavkovalcuk/.m2/repository/org/glassfish/jaxb/jaxb-core/4.0.5/jaxb-core-4.0.5.jar:/Users/stanislavkovalcuk/.m2/repository/org/eclipse/angus/angus-activation/2.0.2/angus-activation-2.0.2.jar:/Users/stanislavkovalcuk/.m2/repository/org/glassfish/jaxb/txw2/4.0.5/txw2-4.0.5.jar:/Users/stanislavkovalcuk/.m2/repository/com/sun/istack/istack-commons-runtime/4.1.2/istack-commons-runtime-4.1.2.jar:/Users/stanislavkovalcuk/.m2/repository/jakarta/inject/jakarta.inject-api/2.0.1/jakarta.inject-api-2.0.1.jar:/Users/stanislavkovalcuk/.m2/repository/org/antlr/antlr4-runtime/4.13.0/antlr4-runtime-4.13.0.jar:/Users/stanislavkovalcuk/.m2/repository/org/springframework/data/spring-data-jpa/3.2.4/spring-data-jpa-3.2.4.jar:/Users/stanislavkovalcuk/.m2/repository/org/springframework/data/spring-data-commons/3.2.4/spring-data-commons-3.2.4.jar:/Users/stanislavkovalcuk/.m2/repository/org/springframework/spring-orm/6.1.5/spring-orm-6.1.5.jar:/Users/stanislavkovalcuk/.m2/repository/org/springframework/spring-beans/6.1.5/spring-beans-6.1.5.jar:/Users/stanislavkovalcuk/.m2/repository/jakarta/annotation/jakarta.annotation-api/2.1.1/jakarta.annotation-api-2.1.1.jar:/Users/stanislavkovalcuk/.m2/repository/org/slf4j/slf4j-api/2.0.12/slf4j-api-2.0.12.jar:/Users/stanislavkovalcuk/.m2/repository/org/springframework/spring-aspects/6.1.5/spring-aspects-6.1.5.jar:/Users/stanislavkovalcuk/.m2/repository/org/springframework/boot/spring-boot-starter-security/3.2.4/spring-boot-starter-security-3.2.4.jar:/Users/stanislavkovalcuk/.m2/repository/org/springframework/boot/spring-boot-starter/3.2.4/spring-boot-starter-3.2.4.jar:/Users/stanislavkovalcuk/.m2/repository/org/springframework/boot/spring-boot-starter-logging/3.2.4/spring-boot-starter-logging-3.2.4.jar:/Users/stanislavkovalcuk/.m2/repository/org/apache/logging/log4j/log4j-to-slf4j/2.21.1/log4j-to-slf4j-2.21.1.jar:/Users/stanislavkovalcuk/.m2/repository/org/apache/logging/log4j/log4j-api/2.21.1/log4j-api-2.21.1.jar:/Users/stanislavkovalcuk/.m2/repository/org/slf4j/jul-to-slf4j/2.0.12/jul-to-slf4j-2.0.12.jar:/Users/stanislavkovalcuk/.m2/repository/org/springframework/spring-aop/6.1.5/spring-aop-6.1.5.jar:/Users/stanislavkovalcuk/.m2/repository/org/springframework/security/spring-security-config/6.2.3/spring-security-config-6.2.3.jar:/Users/stanislavkovalcuk/.m2/repository/org/springframework/security/spring-security-web/6.2.3/spring-security-web-6.2.3.jar:/Users/stanislavkovalcuk/.m2/repository/org/springframework/spring-expression/6.1.5/spring-expression-6.1.5.jar:/Users/stanislavkovalcuk/.m2/repository/org/springframework/boot/spring-boot-starter-web/3.2.4/spring-boot-starter-web-3.2.4.jar:/Users/stanislavkovalcuk/.m2/repository/org/springframework/boot/spring-boot-starter-json/3.2.4/spring-boot-starter-json-3.2.4.jar:/Users/stanislavkovalcuk/.m2/repository/com/fasterxml/jackson/core/jackson-databind/2.15.4/jackson-databind-2.15.4.jar:/Users/stanislavkovalcuk/.m2/repository/com/fasterxml/jackson/core/jackson-annotations/2.15.4/jackson-annotations-2.15.4.jar:/Users/stanislavkovalcuk/.m2/repository/com/fasterxml/jackson/core/jackson-core/2.15.4/jackson-core-2.15.4.jar:/Users/stanislavkovalcuk/.m2/repository/com/fasterxml/jackson/datatype/jackson-datatype-jdk8/2.15.4/jackson-datatype-jdk8-2.15.4.jar:/Users/stanislavkovalcuk/.m2/repository/com/fasterxml/jackson/datatype/jackson-datatype-jsr310/2.15.4/jackson-datatype-jsr310-2.15.4.jar:/Users/stanislavkovalcuk/.m2/repository/com/fasterxml/jackson/module/jackson-module-parameter-names/2.15.4/jackson-module-parameter-names-2.15.4.jar:/Users/stanislavkovalcuk/.m2/repository/org/springframework/boot/spring-boot-starter-tomcat/3.2.4/spring-boot-starter-tomcat-3.2.4.jar:/Users/stanislavkovalcuk/.m2/repository/org/apache/tomcat/embed/tomcat-embed-core/10.1.19/tomcat-embed-core-10.1.19.jar:/Users/stanislavkovalcuk/.m2/repository/org/apache/tomcat/embed/tomcat-embed-el/10.1.19/tomcat-embed-el-10.1.19.jar:/Users/stanislavkovalcuk/.m2/repository/org/apache/tomcat/embed/tomcat-embed-websocket/10.1.19/tomcat-embed-websocket-10.1.19.jar:/Users/stanislavkovalcuk/.m2/repository/org/springframework/spring-web/6.1.5/spring-web-6.1.5.jar:/Users/stanislavkovalcuk/.m2/repository/org/springframework/spring-webmvc/6.1.5/spring-webmvc-6.1.5.jar:/Users/stanislavkovalcuk/.m2/repository/org/springframework/kafka/spring-kafka/3.1.3/spring-kafka-3.1.3.jar:/Users/stanislavkovalcuk/.m2/repository/org/springframework/spring-context/6.1.5/spring-context-6.1.5.jar:/Users/stanislavkovalcuk/.m2/repository/org/springframework/spring-messaging/6.1.5/spring-messaging-6.1.5.jar:/Users/stanislavkovalcuk/.m2/repository/org/springframework/spring-tx/6.1.5/spring-tx-6.1.5.jar:/Users/stanislavkovalcuk/.m2/repository/org/springframework/retry/spring-retry/2.0.5/spring-retry-2.0.5.jar:/Users/stanislavkovalcuk/.m2/repository/org/apache/kafka/kafka-clients/3.6.1/kafka-clients-3.6.1.jar:/Users/stanislavkovalcuk/.m2/repository/com/github/luben/zstd-jni/1.5.5-1/zstd-jni-1.5.5-1.jar:/Users/stanislavkovalcuk/.m2/repository/org/lz4/lz4-java/1.8.0/lz4-java-1.8.0.jar:/Users/stanislavkovalcuk/.m2/repository/org/xerial/snappy/snappy-java/1.1.10.5/snappy-java-1.1.10.5.jar:/Users/stanislavkovalcuk/.m2/repository/io/micrometer/micrometer-observation/1.12.4/micrometer-observation-1.12.4.jar:/Users/stanislavkovalcuk/.m2/repository/io/micrometer/micrometer-commons/1.12.4/micrometer-commons-1.12.4.jar:/Users/stanislavkovalcuk/.m2/repository/com/google/code/findbugs/jsr305/3.0.2/jsr305-3.0.2.jar:/Users/stanislavkovalcuk/.m2/repository/org/liquibase/liquibase-core/4.24.0/liquibase-core-4.24.0.jar:/Users/stanislavkovalcuk/.m2/repository/com/opencsv/opencsv/5.8/opencsv-5.8.jar:/Users/stanislavkovalcuk/.m2/repository/org/apache/commons/commons-lang3/3.13.0/commons-lang3-3.13.0.jar:/Users/stanislavkovalcuk/.m2/repository/org/apache/commons/commons-text/1.10.0/commons-text-1.10.0.jar:/Users/stanislavkovalcuk/.m2/repository/org/apache/commons/commons-collections4/4.4/commons-collections4-4.4.jar:/Users/stanislavkovalcuk/.m2/repository/org/yaml/snakeyaml/2.2/snakeyaml-2.2.jar:/Users/stanislavkovalcuk/.m2/repository/javax/xml/bind/jaxb-api/2.3.1/jaxb-api-2.3.1.jar:/Users/stanislavkovalcuk/.m2/repository/org/springframework/boot/spring-boot-devtools/3.2.4/spring-boot-devtools-3.2.4.jar:/Users/stanislavkovalcuk/.m2/repository/org/springframework/boot/spring-boot/3.2.4/spring-boot-3.2.4.jar:/Users/stanislavkovalcuk/.m2/repository/org/springframework/boot/spring-boot-autoconfigure/3.2.4/spring-boot-autoconfigure-3.2.4.jar:/Users/stanislavkovalcuk/.m2/repository/org/springframework/boot/spring-boot-starter-cache/3.2.4/spring-boot-starter-cache-3.2.4.jar:/Users/stanislavkovalcuk/.m2/repository/org/springframework/spring-context-support/6.1.5/spring-context-support-6.1.5.jar:/Users/stanislavkovalcuk/.m2/repository/com/hazelcast/hazelcast-spring/5.3.6/hazelcast-spring-5.3.6.jar:/Users/stanislavkovalcuk/.m2/repository/com/hazelcast/hazelcast/5.3.6/hazelcast-5.3.6.jar:/Users/stanislavkovalcuk/.m2/repository/com/h2database/h2/2.2.224/h2-2.2.224.jar:/Users/stanislavkovalcuk/.m2/repository/org/testcontainers/postgresql/1.19.7/postgresql-1.19.7.jar:/Users/stanislavkovalcuk/.m2/repository/org/testcontainers/jdbc/1.19.7/jdbc-1.19.7.jar:/Users/stanislavkovalcuk/.m2/repository/org/testcontainers/database-commons/1.19.7/database-commons-1.19.7.jar:/Users/stanislavkovalcuk/.m2/repository/org/testcontainers/testcontainers/1.19.7/testcontainers-1.19.7.jar:/Users/stanislavkovalcuk/.m2/repository/junit/junit/4.13.2/junit-4.13.2.jar:/Users/stanislavkovalcuk/.m2/repository/org/hamcrest/hamcrest-core/2.2/hamcrest-core-2.2.jar:/Users/stanislavkovalcuk/.m2/repository/org/apache/commons/commons-compress/1.24.0/commons-compress-1.24.0.jar:/Users/stanislavkovalcuk/.m2/repository/org/rnorth/duct-tape/duct-tape/1.0.8/duct-tape-1.0.8.jar:/Users/stanislavkovalcuk/.m2/repository/org/jetbrains/annotations/17.0.0/annotations-17.0.0.jar:/Users/stanislavkovalcuk/.m2/repository/com/github/docker-java/docker-java-api/3.3.6/docker-java-api-3.3.6.jar:/Users/stanislavkovalcuk/.m2/repository/com/github/docker-java/docker-java-transport-zerodep/3.3.6/docker-java-transport-zerodep-3.3.6.jar:/Users/stanislavkovalcuk/.m2/repository/com/github/docker-java/docker-java-transport/3.3.6/docker-java-transport-3.3.6.jar:/Users/stanislavkovalcuk/.m2/repository/net/java/dev/jna/jna/5.13.0/jna-5.13.0.jar:/Users/stanislavkovalcuk/.m2/repository/org/postgresql/postgresql/42.6.2/postgresql-42.6.2.jar:/Users/stanislavkovalcuk/.m2/repository/org/checkerframework/checker-qual/3.31.0/checker-qual-3.31.0.jar:/Users/stanislavkovalcuk/.m2/repository/org/projectlombok/lombok/1.18.30/lombok-1.18.30.jar:/Users/stanislavkovalcuk/.m2/repository/org/springframework/boot/spring-boot-starter-test/3.2.4/spring-boot-starter-test-3.2.4.jar:/Users/stanislavkovalcuk/.m2/repository/org/springframework/boot/spring-boot-test/3.2.4/spring-boot-test-3.2.4.jar:/Users/stanislavkovalcuk/.m2/repository/org/springframework/boot/spring-boot-test-autoconfigure/3.2.4/spring-boot-test-autoconfigure-3.2.4.jar:/Users/stanislavkovalcuk/.m2/repository/com/jayway/jsonpath/json-path/2.9.0/json-path-2.9.0.jar:/Users/stanislavkovalcuk/.m2/repository/jakarta/xml/bind/jakarta.xml.bind-api/4.0.2/jakarta.xml.bind-api-4.0.2.jar:/Users/stanislavkovalcuk/.m2/repository/jakarta/activation/jakarta.activation-api/2.1.3/jakarta.activation-api-2.1.3.jar:/Users/stanislavkovalcuk/.m2/repository/net/minidev/json-smart/2.5.0/json-smart-2.5.0.jar:/Users/stanislavkovalcuk/.m2/repository/net/minidev/accessors-smart/2.5.0/accessors-smart-2.5.0.jar:/Users/stanislavkovalcuk/.m2/repository/org/ow2/asm/asm/9.3/asm-9.3.jar:/Users/stanislavkovalcuk/.m2/repository/org/assertj/assertj-core/3.24.2/assertj-core-3.24.2.jar:/Users/stanislavkovalcuk/.m2/repository/org/awaitility/awaitility/4.2.0/awaitility-4.2.0.jar:/Users/stanislavkovalcuk/.m2/repository/org/hamcrest/hamcrest/2.2/hamcrest-2.2.jar:/Users/stanislavkovalcuk/.m2/repository/org/junit/jupiter/junit-jupiter/5.10.2/junit-jupiter-5.10.2.jar:/Users/stanislavkovalcuk/.m2/repository/org/junit/jupiter/junit-jupiter-params/5.10.2/junit-jupiter-params-5.10.2.jar:/Users/stanislavkovalcuk/.m2/repository/org/junit/jupiter/junit-jupiter-engine/5.10.2/junit-jupiter-engine-5.10.2.jar:/Users/stanislavkovalcuk/.m2/repository/org/mockito/mockito-core/5.7.0/mockito-core-5.7.0.jar:/Users/stanislavkovalcuk/.m2/repository/net/bytebuddy/byte-buddy-agent/1.14.12/byte-buddy-agent-1.14.12.jar:/Users/stanislavkovalcuk/.m2/repository/org/objenesis/objenesis/3.3/objenesis-3.3.jar:/Users/stanislavkovalcuk/.m2/repository/org/mockito/mockito-junit-jupiter/5.7.0/mockito-junit-jupiter-5.7.0.jar:/Users/stanislavkovalcuk/.m2/repository/org/skyscreamer/jsonassert/1.5.1/jsonassert-1.5.1.jar:/Users/stanislavkovalcuk/.m2/repository/com/vaadin/external/google/android-json/0.0.20131108.vaadin1/android-json-0.0.20131108.vaadin1.jar:/Users/stanislavkovalcuk/.m2/repository/org/springframework/spring-core/6.1.5/spring-core-6.1.5.jar:/Users/stanislavkovalcuk/.m2/repository/org/springframework/spring-jcl/6.1.5/spring-jcl-6.1.5.jar:/Users/stanislavkovalcuk/.m2/repository/org/springframework/spring-test/6.1.5/spring-test-6.1.5.jar:/Users/stanislavkovalcuk/.m2/repository/org/xmlunit/xmlunit-core/2.9.1/xmlunit-core-2.9.1.jar:/Users/stanislavkovalcuk/.m2/repository/org/springframework/kafka/spring-kafka-test/3.1.3/spring-kafka-test-3.1.3.jar:/Users/stanislavkovalcuk/.m2/repository/org/apache/zookeeper/zookeeper/3.8.4/zookeeper-3.8.4.jar:/Users/stanislavkovalcuk/.m2/repository/org/apache/zookeeper/zookeeper-jute/3.8.4/zookeeper-jute-3.8.4.jar:/Users/stanislavkovalcuk/.m2/repository/org/apache/yetus/audience-annotations/0.12.0/audience-annotations-0.12.0.jar:/Users/stanislavkovalcuk/.m2/repository/io/netty/netty-handler/4.1.107.Final/netty-handler-4.1.107.Final.jar:/Users/stanislavkovalcuk/.m2/repository/io/netty/netty-common/4.1.107.Final/netty-common-4.1.107.Final.jar:/Users/stanislavkovalcuk/.m2/repository/io/netty/netty-resolver/4.1.107.Final/netty-resolver-4.1.107.Final.jar:/Users/stanislavkovalcuk/.m2/repository/io/netty/netty-buffer/4.1.107.Final/netty-buffer-4.1.107.Final.jar:/Users/stanislavkovalcuk/.m2/repository/io/netty/netty-transport/4.1.107.Final/netty-transport-4.1.107.Final.jar:/Users/stanislavkovalcuk/.m2/repository/io/netty/netty-transport-native-unix-common/4.1.107.Final/netty-transport-native-unix-common-4.1.107.Final.jar:/Users/stanislavkovalcuk/.m2/repository/io/netty/netty-codec/4.1.107.Final/netty-codec-4.1.107.Final.jar:/Users/stanislavkovalcuk/.m2/repository/io/netty/netty-transport-native-epoll/4.1.107.Final/netty-transport-native-epoll-4.1.107.Final.jar:/Users/stanislavkovalcuk/.m2/repository/io/netty/netty-transport-classes-epoll/4.1.107.Final/netty-transport-classes-epoll-4.1.107.Final.jar:/Users/stanislavkovalcuk/.m2/repository/ch/qos/logback/logback-core/1.4.14/logback-core-1.4.14.jar:/Users/stanislavkovalcuk/.m2/repository/ch/qos/logback/logback-classic/1.4.14/logback-classic-1.4.14.jar:/Users/stanislavkovalcuk/.m2/repository/commons-io/commons-io/2.11.0/commons-io-2.11.0.jar:/Users/stanislavkovalcuk/.m2/repository/org/apache/kafka/kafka-clients/3.6.1/kafka-clients-3.6.1-test.jar:/Users/stanislavkovalcuk/.m2/repository/org/apache/kafka/kafka-metadata/3.6.1/kafka-metadata-3.6.1.jar:/Users/stanislavkovalcuk/.m2/repository/org/apache/kafka/kafka-raft/3.6.1/kafka-raft-3.6.1.jar:/Users/stanislavkovalcuk/.m2/repository/com/yammer/metrics/metrics-core/2.2.0/metrics-core-2.2.0.jar:/Users/stanislavkovalcuk/.m2/repository/org/apache/kafka/kafka-server-common/3.6.1/kafka-server-common-3.6.1.jar:/Users/stanislavkovalcuk/.m2/repository/net/sf/jopt-simple/jopt-simple/5.0.4/jopt-simple-5.0.4.jar:/Users/stanislavkovalcuk/.m2/repository/org/pcollections/pcollections/4.0.1/pcollections-4.0.1.jar:/Users/stanislavkovalcuk/.m2/repository/org/apache/kafka/kafka-server-common/3.6.1/kafka-server-common-3.6.1-test.jar:/Users/stanislavkovalcuk/.m2/repository/org/apache/kafka/kafka-streams-test-utils/3.6.1/kafka-streams-test-utils-3.6.1.jar:/Users/stanislavkovalcuk/.m2/repository/org/apache/kafka/kafka-streams/3.6.1/kafka-streams-3.6.1.jar:/Users/stanislavkovalcuk/.m2/repository/org/rocksdb/rocksdbjni/7.9.2/rocksdbjni-7.9.2.jar:/Users/stanislavkovalcuk/.m2/repository/org/apache/kafka/kafka_2.13/3.6.1/kafka_2.13-3.6.1.jar:/Users/stanislavkovalcuk/.m2/repository/org/scala-lang/scala-library/2.13.11/scala-library-2.13.11.jar:/Users/stanislavkovalcuk/.m2/repository/org/apache/kafka/kafka-group-coordinator/3.6.1/kafka-group-coordinator-3.6.1.jar:/Users/stanislavkovalcuk/.m2/repository/org/apache/kafka/kafka-storage-api/3.6.1/kafka-storage-api-3.6.1.jar:/Users/stanislavkovalcuk/.m2/repository/org/apache/kafka/kafka-tools-api/3.6.1/kafka-tools-api-3.6.1.jar:/Users/stanislavkovalcuk/.m2/repository/org/apache/kafka/kafka-storage/3.6.1/kafka-storage-3.6.1.jar:/Users/stanislavkovalcuk/.m2/repository/com/github/ben-manes/caffeine/caffeine/3.1.8/caffeine-3.1.8.jar:/Users/stanislavkovalcuk/.m2/repository/com/google/errorprone/error_prone_annotations/2.21.1/error_prone_annotations-2.21.1.jar:/Users/stanislavkovalcuk/.m2/repository/net/sourceforge/argparse4j/argparse4j/0.7.0/argparse4j-0.7.0.jar:/Users/stanislavkovalcuk/.m2/repository/commons-validator/commons-validator/1.7/commons-validator-1.7.jar:/Users/stanislavkovalcuk/.m2/repository/commons-beanutils/commons-beanutils/1.9.4/commons-beanutils-1.9.4.jar:/Users/stanislavkovalcuk/.m2/repository/commons-digester/commons-digester/2.1/commons-digester-2.1.jar:/Users/stanislavkovalcuk/.m2/repository/commons-collections/commons-collections/3.2.2/commons-collections-3.2.2.jar:/Users/stanislavkovalcuk/.m2/repository/com/fasterxml/jackson/module/jackson-module-scala_2.13/2.15.4/jackson-module-scala_2.13-2.15.4.jar:/Users/stanislavkovalcuk/.m2/repository/com/thoughtworks/paranamer/paranamer/2.8/paranamer-2.8.jar:/Users/stanislavkovalcuk/.m2/repository/com/fasterxml/jackson/dataformat/jackson-dataformat-csv/2.15.4/jackson-dataformat-csv-2.15.4.jar:/Users/stanislavkovalcuk/.m2/repository/org/bitbucket/b_c/jose4j/0.9.3/jose4j-0.9.3.jar:/Users/stanislavkovalcuk/.m2/repository/org/scala-lang/modules/scala-collection-compat_2.13/2.10.0/scala-collection-compat_2.13-2.10.0.jar:/Users/stanislavkovalcuk/.m2/repository/org/scala-lang/modules/scala-java8-compat_2.13/1.0.2/scala-java8-compat_2.13-1.0.2.jar:/Users/stanislavkovalcuk/.m2/repository/org/scala-lang/scala-reflect/2.13.11/scala-reflect-2.13.11.jar:/Users/stanislavkovalcuk/.m2/repository/com/typesafe/scala-logging/scala-logging_2.13/3.9.4/scala-logging_2.13-3.9.4.jar:/Users/stanislavkovalcuk/.m2/repository/io/dropwizard/metrics/metrics-core/4.2.25/metrics-core-4.2.25.jar:/Users/stanislavkovalcuk/.m2/repository/commons-cli/commons-cli/1.4/commons-cli-1.4.jar:/Users/stanislavkovalcuk/.m2/repository/org/apache/kafka/kafka_2.13/3.6.1/kafka_2.13-3.6.1-test.jar:/Users/stanislavkovalcuk/.m2/repository/org/junit/jupiter/junit-jupiter-api/5.10.2/junit-jupiter-api-5.10.2.jar:/Users/stanislavkovalcuk/.m2/repository/org/opentest4j/opentest4j/1.3.0/opentest4j-1.3.0.jar:/Users/stanislavkovalcuk/.m2/repository/org/junit/platform/junit-platform-commons/1.10.2/junit-platform-commons-1.10.2.jar:/Users/stanislavkovalcuk/.m2/repository/org/apiguardian/apiguardian-api/1.1.2/apiguardian-api-1.1.2.jar:/Users/stanislavkovalcuk/.m2/repository/org/junit/platform/junit-platform-launcher/1.10.2/junit-platform-launcher-1.10.2.jar:/Users/stanislavkovalcuk/.m2/repository/org/junit/platform/junit-platform-engine/1.10.2/junit-platform-engine-1.10.2.jar:/Users/stanislavkovalcuk/.m2/repository/org/springframework/security/spring-security-test/6.2.3/spring-security-test-6.2.3.jar:/Users/stanislavkovalcuk/.m2/repository/org/springframework/security/spring-security-core/6.2.3/spring-security-core-6.2.3.jar:/Users/stanislavkovalcuk/.m2/repository/org/springframework/security/spring-security-crypto/6.2.3/spring-security-crypto-6.2.3.jar:"/>
    <property name="sun.cpu.endian" value="little"/>
    <property name="user.home" value="/Users/stanislavkovalcuk"/>
    <property name="user.language" value="ru"/>
    <property name="java.specification.vendor" value="Oracle Corporation"/>
    <property name="java.version.date" value="2024-04-16"/>
    <property name="java.home" value="/Users/stanislavkovalcuk/Library/Java/JavaVirtualMachines/openjdk-22.0.1/Contents/Home"/>
    <property name="file.separator" value="/"/>
    <property name="basedir" value="/Users/stanislavkovalcuk/test/FreelancePlatform"/>
    <property name="java.vm.compressedOopsMode" value="Zero based"/>
    <property name="line.separator" value="&#10;"/>
    <property name="java.vm.specification.vendor" value="Oracle Corporation"/>
    <property name="java.specification.name" value="Java Platform API Specification"/>
    <property name="FILE_LOG_CHARSET" value="UTF-8"/>
    <property name="java.awt.headless" value="true"/>
    <property name="apple.awt.application.name" value="ForkedBooter"/>
    <property name="surefire.real.class.path" value="/Users/stanislavkovalcuk/test/FreelancePlatform/target/surefire/surefirebooter-20240627155548165_3.jar"/>
    <property name="sun.management.compiler" value="HotSpot 64-Bit Tiered Compilers"/>
    <property name="ftp.nonProxyHosts" value="local|*.local|169.254/16|*.169.254/16"/>
    <property name="java.runtime.version" value="22.0.1+8-16"/>
    <property name="user.name" value="stanislavkovalcuk"/>
    <property name="stdout.encoding" value="UTF-8"/>
    <property name="path.separator" value=":"/>
    <property name="os.version" value="14.5"/>
    <property name="java.runtime.name" value="OpenJDK Runtime Environment"/>
    <property name="file.encoding" value="UTF-8"/>
    <property name="java.vm.name" value="OpenJDK 64-Bit Server VM"/>
    <property name="localRepository" value="/Users/stanislavkovalcuk/.m2/repository"/>
    <property name="java.vendor.url.bug" value="https://bugreport.java.com/bugreport/"/>
    <property name="java.io.tmpdir" value="/var/folders/rf/_269314s3_l36m44g36whcx80000gn/T/"/>
    <property name="idea.version" value="2022.3.2"/>
    <property name="com.zaxxer.hikari.pool_number" value="4"/>
    <property name="java.version" value="22.0.1"/>
    <property name="user.dir" value="/Users/stanislavkovalcuk/test/FreelancePlatform"/>
    <property name="os.arch" value="aarch64"/>
    <property name="java.vm.specification.name" value="Java Virtual Machine Specification"/>
    <property name="PID" value="36935"/>
    <property name="CONSOLE_LOG_CHARSET" value="UTF-8"/>
    <property name="native.encoding" value="UTF-8"/>
    <property name="java.library.path" value="/Users/stanislavkovalcuk/Library/Java/Extensions:/Library/Java/Extensions:/Network/Library/Java/Extensions:/System/Library/Java/Extensions:/usr/lib/java:."/>
    <property name="java.vm.info" value="mixed mode, sharing"/>
    <property name="stderr.encoding" value="UTF-8"/>
    <property name="java.vendor" value="Oracle Corporation"/>
    <property name="java.vm.version" value="22.0.1+8-16"/>
    <property name="sun.io.unicode.encoding" value="UnicodeBig"/>
    <property name="socksNonProxyHosts" value="local|*.local|169.254/16|*.169.254/16"/>
    <property name="java.class.version" value="66.0"/>
    <property name="LOGGED_APPLICATION_NAME" value="[FreelancePlatform] "/>
  </properties>
  <testcase name="deleteByAdminReturnsStatusNoContent" classname="freelanceplatform.controllers.FeedbackControllerTest" time="0.195">
    <system-out><![CDATA[&amp#27;[2m2024-06-27T15:56:14.348+02:00&amp#27;[0;39m &amp#27;[32m INFO&amp#27;[0;39m &amp#27;[35m36935&amp#27;[0;39m &amp#27;[2m---&amp#27;[0;39m &amp#27;[2m[FreelancePlatform] [           main]&amp#27;[0;39m &amp#27;[2m&amp#27;[0;39m&amp#27;[36mt.c.s.AnnotationConfigContextLoaderUtils&amp#27;[0;39m &amp#27;[2m:&amp#27;[0;39m Could not detect default configuration classes for test class [freelanceplatform.controllers.FeedbackControllerTest]: FeedbackControllerTest does not declare any static, non-private, non-final, nested classes annotated with @Configuration.
&amp#27;[2m2024-06-27T15:56:14.349+02:00&amp#27;[0;39m &amp#27;[32m INFO&amp#27;[0;39m &amp#27;[35m36935&amp#27;[0;39m &amp#27;[2m---&amp#27;[0;39m &amp#27;[2m[FreelancePlatform] [           main]&amp#27;[0;39m &amp#27;[2m&amp#27;[0;39m&amp#27;[36m.b.t.c.SpringBootTestContextBootstrapper&amp#27;[0;39m &amp#27;[2m:&amp#27;[0;39m Found @SpringBootConfiguration freelanceplatform.FreelancePlatformApplication for test class freelanceplatform.controllers.FeedbackControllerTest
&amp#27;[2m2024-06-27T15:56:14.350+02:00&amp#27;[0;39m &amp#27;[32m INFO&amp#27;[0;39m &amp#27;[35m36935&amp#27;[0;39m &amp#27;[2m---&amp#27;[0;39m &amp#27;[2m[FreelancePlatform] [           main]&amp#27;[0;39m &amp#27;[2m&amp#27;[0;39m&amp#27;[36mtc.postgres:16-alpine                   &amp#27;[0;39m &amp#27;[2m:&amp#27;[0;39m Creating container for image: postgres:16-alpine
&amp#27;[2m2024-06-27T15:56:14.394+02:00&amp#27;[0;39m &amp#27;[32m INFO&amp#27;[0;39m &amp#27;[35m36935&amp#27;[0;39m &amp#27;[2m---&amp#27;[0;39m &amp#27;[2m[FreelancePlatform] [           main]&amp#27;[0;39m &amp#27;[2m&amp#27;[0;39m&amp#27;[36mtc.postgres:16-alpine                   &amp#27;[0;39m &amp#27;[2m:&amp#27;[0;39m Container postgres:16-alpine is starting: f4462189b97bee1a5291dc2f58a2d3f110dbb05fbba2b6f56986a1a956a25131
&amp#27;[2m2024-06-27T15:56:15.271+02:00&amp#27;[0;39m &amp#27;[32m INFO&amp#27;[0;39m &amp#27;[35m36935&amp#27;[0;39m &amp#27;[2m---&amp#27;[0;39m &amp#27;[2m[FreelancePlatform] [           main]&amp#27;[0;39m &amp#27;[2m&amp#27;[0;39m&amp#27;[36mtc.postgres:16-alpine                   &amp#27;[0;39m &amp#27;[2m:&amp#27;[0;39m Container postgres:16-alpine started in PT0.920633S
&amp#27;[2m2024-06-27T15:56:15.271+02:00&amp#27;[0;39m &amp#27;[32m INFO&amp#27;[0;39m &amp#27;[35m36935&amp#27;[0;39m &amp#27;[2m---&amp#27;[0;39m &amp#27;[2m[FreelancePlatform] [           main]&amp#27;[0;39m &amp#27;[2m&amp#27;[0;39m&amp#27;[36mtc.postgres:16-alpine                   &amp#27;[0;39m &amp#27;[2m:&amp#27;[0;39m Container is started (JDBC URL: jdbc:postgresql://localhost:59238/test?loggerLevel=OFF)
&amp#27;[2m2024-06-27T15:56:15.273+02:00&amp#27;[0;39m &amp#27;[32m INFO&amp#27;[0;39m &amp#27;[35m36935&amp#27;[0;39m &amp#27;[2m---&amp#27;[0;39m &amp#27;[2m[FreelancePlatform] [           main]&amp#27;[0;39m &amp#27;[2m&amp#27;[0;39m&amp#27;[36mo.s.b.d.r.RestartApplicationListener    &amp#27;[0;39m &amp#27;[2m:&amp#27;[0;39m Restart disabled due to context in which it is running

  .   ____          _            __ _ _
 /\\ / ___'_ __ _ _(_)_ __  __ _ \ \ \ \
( ( )\___ | '_ | '_| | '_ \/ _` | \ \ \ \
 \\/  ___)| |_)| | | | | || (_| |  ) ) ) )
  '  |____| .__|_| |_|_| |_\__, | / / / /
 =========|_|==============|___/=/_/_/_/
&amp#27;[32m :: Spring Boot :: &amp#27;[39m              &amp#27;[2m (v3.2.4)&amp#27;[0;39m

&amp#27;[2m2024-06-27T15:56:15.287+02:00&amp#27;[0;39m &amp#27;[32m INFO&amp#27;[0;39m &amp#27;[35m36935&amp#27;[0;39m &amp#27;[2m---&amp#27;[0;39m &amp#27;[2m[FreelancePlatform] [           main]&amp#27;[0;39m &amp#27;[2m&amp#27;[0;39m&amp#27;[36mf.controllers.FeedbackControllerTest    &amp#27;[0;39m &amp#27;[2m:&amp#27;[0;39m Starting FeedbackControllerTest using Java 22.0.1 with PID 36935 (started by stanislavkovalcuk in /Users/stanislavkovalcuk/test/FreelancePlatform)
&amp#27;[2m2024-06-27T15:56:15.287+02:00&amp#27;[0;39m &amp#27;[32m INFO&amp#27;[0;39m &amp#27;[35m36935&amp#27;[0;39m &amp#27;[2m---&amp#27;[0;39m &amp#27;[2m[FreelancePlatform] [           main]&amp#27;[0;39m &amp#27;[2m&amp#27;[0;39m&amp#27;[36mf.controllers.FeedbackControllerTest    &amp#27;[0;39m &amp#27;[2m:&amp#27;[0;39m No active profile set, falling back to 1 default profile: "default"
&amp#27;[2m2024-06-27T15:56:15.374+02:00&amp#27;[0;39m &amp#27;[32m INFO&amp#27;[0;39m &amp#27;[35m36935&amp#27;[0;39m &amp#27;[2m---&amp#27;[0;39m &amp#27;[2m[FreelancePlatform] [           main]&amp#27;[0;39m &amp#27;[2m&amp#27;[0;39m&amp#27;[36m.s.d.r.c.RepositoryConfigurationDelegate&amp#27;[0;39m &amp#27;[2m:&amp#27;[0;39m Bootstrapping Spring Data JPA repositories in DEFAULT mode.
&amp#27;[2m2024-06-27T15:56:15.379+02:00&amp#27;[0;39m &amp#27;[32m INFO&amp#27;[0;39m &amp#27;[35m36935&amp#27;[0;39m &amp#27;[2m---&amp#27;[0;39m &amp#27;[2m[FreelancePlatform] [           main]&amp#27;[0;39m &amp#27;[2m&amp#27;[0;39m&amp#27;[36m.s.d.r.c.RepositoryConfigurationDelegate&amp#27;[0;39m &amp#27;[2m:&amp#27;[0;39m Finished Spring Data repository scanning in 5 ms. Found 6 JPA repository interfaces.
&amp#27;[2m2024-06-27T15:56:15.405+02:00&amp#27;[0;39m &amp#27;[32m INFO&amp#27;[0;39m &amp#27;[35m36935&amp#27;[0;39m &amp#27;[2m---&amp#27;[0;39m &amp#27;[2m[FreelancePlatform] [           main]&amp#27;[0;39m &amp#27;[2m&amp#27;[0;39m&amp#27;[36mc.h.i.config.AbstractConfigLocator      &amp#27;[0;39m &amp#27;[2m:&amp#27;[0;39m Loading 'hazelcast.yaml' from the classpath.
&amp#27;[2m2024-06-27T15:56:15.410+02:00&amp#27;[0;39m &amp#27;[32m INFO&amp#27;[0;39m &amp#27;[35m36935&amp#27;[0;39m &amp#27;[2m---&amp#27;[0;39m &amp#27;[2m[FreelancePlatform] [           main]&amp#27;[0;39m &amp#27;[2m&amp#27;[0;39m&amp#27;[36mcom.hazelcast.system.logo               &amp#27;[0;39m &amp#27;[2m:&amp#27;[0;39m [192.168.68.1]:5701 [dev] [5.3.6] 
	+       +  o    o     o     o---o o----o o      o---o     o     o----o o--o--o
	+ +   + +  |    |    / \       /  |      |     /         / \    |         |   
	+ + + + +  o----o   o   o     o   o----o |    o         o   o   o----o    |   
	+ +   + +  |    |  /     \   /    |      |     \       /     \       |    |   
	+       +  o    o o       o o---o o----o o----o o---o o       o o----o    o   
&amp#27;[2m2024-06-27T15:56:15.410+02:00&amp#27;[0;39m &amp#27;[32m INFO&amp#27;[0;39m &amp#27;[35m36935&amp#27;[0;39m &amp#27;[2m---&amp#27;[0;39m &amp#27;[2m[FreelancePlatform] [           main]&amp#27;[0;39m &amp#27;[2m&amp#27;[0;39m&amp#27;[36mcom.hazelcast.system                    &amp#27;[0;39m &amp#27;[2m:&amp#27;[0;39m [192.168.68.1]:5701 [dev] [5.3.6] Copyright (c) 2008-2023, Hazelcast, Inc. All Rights Reserved.
&amp#27;[2m2024-06-27T15:56:15.410+02:00&amp#27;[0;39m &amp#27;[32m INFO&amp#27;[0;39m &amp#27;[35m36935&amp#27;[0;39m &amp#27;[2m---&amp#27;[0;39m &amp#27;[2m[FreelancePlatform] [           main]&amp#27;[0;39m &amp#27;[2m&amp#27;[0;39m&amp#27;[36mcom.hazelcast.system                    &amp#27;[0;39m &amp#27;[2m:&amp#27;[0;39m [192.168.68.1]:5701 [dev] [5.3.6] Hazelcast Platform 5.3.6 (20231109 - 9903dc9) starting at [192.168.68.1]:5701
&amp#27;[2m2024-06-27T15:56:15.410+02:00&amp#27;[0;39m &amp#27;[32m INFO&amp#27;[0;39m &amp#27;[35m36935&amp#27;[0;39m &amp#27;[2m---&amp#27;[0;39m &amp#27;[2m[FreelancePlatform] [           main]&amp#27;[0;39m &amp#27;[2m&amp#27;[0;39m&amp#27;[36mcom.hazelcast.system                    &amp#27;[0;39m &amp#27;[2m:&amp#27;[0;39m [192.168.68.1]:5701 [dev] [5.3.6] Cluster name: dev
&amp#27;[2m2024-06-27T15:56:15.410+02:00&amp#27;[0;39m &amp#27;[32m INFO&amp#27;[0;39m &amp#27;[35m36935&amp#27;[0;39m &amp#27;[2m---&amp#27;[0;39m &amp#27;[2m[FreelancePlatform] [           main]&amp#27;[0;39m &amp#27;[2m&amp#27;[0;39m&amp#27;[36mcom.hazelcast.system                    &amp#27;[0;39m &amp#27;[2m:&amp#27;[0;39m [192.168.68.1]:5701 [dev] [5.3.6] Integrity Checker is disabled. Fail-fast on corrupted executables will not be performed. For more information, see the documentation for Integrity Checker.
&amp#27;[2m2024-06-27T15:56:15.410+02:00&amp#27;[0;39m &amp#27;[32m INFO&amp#27;[0;39m &amp#27;[35m36935&amp#27;[0;39m &amp#27;[2m---&amp#27;[0;39m &amp#27;[2m[FreelancePlatform] [           main]&amp#27;[0;39m &amp#27;[2m&amp#27;[0;39m&amp#27;[36mcom.hazelcast.system                    &amp#27;[0;39m &amp#27;[2m:&amp#27;[0;39m [192.168.68.1]:5701 [dev] [5.3.6] The Jet engine is disabled.
To enable the Jet engine on the members, do one of the following:
  - Change member config using Java API: config.getJetConfig().setEnabled(true)
  - Change XML/YAML configuration property: Set hazelcast.jet.enabled to true
  - Add system property: -Dhz.jet.enabled=true (for Hazelcast embedded, works only when loading config via Config.load)
  - Add environment variable: HZ_JET_ENABLED=true (recommended when running container image. For Hazelcast embedded, works only when loading config via Config.load)
&amp#27;[2m2024-06-27T15:56:15.411+02:00&amp#27;[0;39m &amp#27;[32m INFO&amp#27;[0;39m &amp#27;[35m36935&amp#27;[0;39m &amp#27;[2m---&amp#27;[0;39m &amp#27;[2m[FreelancePlatform] [           main]&amp#27;[0;39m &amp#27;[2m&amp#27;[0;39m&amp#27;[36mc.h.internal.tpc.TpcServerBootstrap     &amp#27;[0;39m &amp#27;[2m:&amp#27;[0;39m [192.168.68.1]:5701 [dev] [5.3.6] TPC: disabled
&amp#27;[2m2024-06-27T15:56:15.442+02:00&amp#27;[0;39m &amp#27;[32m INFO&amp#27;[0;39m &amp#27;[35m36935&amp#27;[0;39m &amp#27;[2m---&amp#27;[0;39m &amp#27;[2m[FreelancePlatform] [           main]&amp#27;[0;39m &amp#27;[2m&amp#27;[0;39m&amp#27;[36mcom.hazelcast.system.security           &amp#27;[0;39m &amp#27;[2m:&amp#27;[0;39m [192.168.68.1]:5701 [dev] [5.3.6] Enable DEBUG/FINE log level for log category com.hazelcast.system.security  or use -Dhazelcast.security.recommendations system property to see 🔒 security recommendations and the status of current config.
&amp#27;[2m2024-06-27T15:56:15.444+02:00&amp#27;[0;39m &amp#27;[32m INFO&amp#27;[0;39m &amp#27;[35m36935&amp#27;[0;39m &amp#27;[2m---&amp#27;[0;39m &amp#27;[2m[FreelancePlatform] [           main]&amp#27;[0;39m &amp#27;[2m&amp#27;[0;39m&amp#27;[36mcom.hazelcast.instance.impl.Node        &amp#27;[0;39m &amp#27;[2m:&amp#27;[0;39m [192.168.68.1]:5701 [dev] [5.3.6] Using Multicast discovery
&amp#27;[2m2024-06-27T15:56:15.444+02:00&amp#27;[0;39m &amp#27;[33m WARN&amp#27;[0;39m &amp#27;[35m36935&amp#27;[0;39m &amp#27;[2m---&amp#27;[0;39m &amp#27;[2m[FreelancePlatform] [           main]&amp#27;[0;39m &amp#27;[2m&amp#27;[0;39m&amp#27;[36mcom.hazelcast.cp.CPSubsystem            &amp#27;[0;39m &amp#27;[2m:&amp#27;[0;39m [192.168.68.1]:5701 [dev] [5.3.6] CP Subsystem is not enabled. CP data structures will operate in UNSAFE mode! Please note that UNSAFE mode will not provide strong consistency guarantees.
&amp#27;[2m2024-06-27T15:56:15.449+02:00&amp#27;[0;39m &amp#27;[32m INFO&amp#27;[0;39m &amp#27;[35m36935&amp#27;[0;39m &amp#27;[2m---&amp#27;[0;39m &amp#27;[2m[FreelancePlatform] [           main]&amp#27;[0;39m &amp#27;[2m&amp#27;[0;39m&amp#27;[36mc.h.internal.diagnostics.Diagnostics    &amp#27;[0;39m &amp#27;[2m:&amp#27;[0;39m [192.168.68.1]:5701 [dev] [5.3.6] Diagnostics disabled. To enable add -Dhazelcast.diagnostics.enabled=true to the JVM arguments.
&amp#27;[2m2024-06-27T15:56:15.449+02:00&amp#27;[0;39m &amp#27;[32m INFO&amp#27;[0;39m &amp#27;[35m36935&amp#27;[0;39m &amp#27;[2m---&amp#27;[0;39m &amp#27;[2m[FreelancePlatform] [           main]&amp#27;[0;39m &amp#27;[2m&amp#27;[0;39m&amp#27;[36mcom.hazelcast.core.LifecycleService     &amp#27;[0;39m &amp#27;[2m:&amp#27;[0;39m [192.168.68.1]:5701 [dev] [5.3.6] [192.168.68.1]:5701 is STARTING
&amp#27;[2m2024-06-27T15:56:17.379+02:00&amp#27;[0;39m &amp#27;[32m INFO&amp#27;[0;39m &amp#27;[35m36935&amp#27;[0;39m &amp#27;[2m---&amp#27;[0;39m &amp#27;[2m[FreelancePlatform] [           main]&amp#27;[0;39m &amp#27;[2m&amp#27;[0;39m&amp#27;[36mc.h.internal.cluster.ClusterService     &amp#27;[0;39m &amp#27;[2m:&amp#27;[0;39m [192.168.68.1]:5701 [dev] [5.3.6] 

Members {size:1, ver:1} [
	Member [192.168.68.1]:5701 - c38d4787-e61f-49f3-af79-4a205f09b6b9 this
]

&amp#27;[2m2024-06-27T15:56:17.380+02:00&amp#27;[0;39m &amp#27;[32m INFO&amp#27;[0;39m &amp#27;[35m36935&amp#27;[0;39m &amp#27;[2m---&amp#27;[0;39m &amp#27;[2m[FreelancePlatform] [           main]&amp#27;[0;39m &amp#27;[2m&amp#27;[0;39m&amp#27;[36mcom.hazelcast.core.LifecycleService     &amp#27;[0;39m &amp#27;[2m:&amp#27;[0;39m [192.168.68.1]:5701 [dev] [5.3.6] [192.168.68.1]:5701 is STARTED
&amp#27;[2m2024-06-27T15:56:17.400+02:00&amp#27;[0;39m &amp#27;[32m INFO&amp#27;[0;39m &amp#27;[35m36935&amp#27;[0;39m &amp#27;[2m---&amp#27;[0;39m &amp#27;[2m[FreelancePlatform] [           main]&amp#27;[0;39m &amp#27;[2m&amp#27;[0;39m&amp#27;[36mcom.zaxxer.hikari.HikariDataSource      &amp#27;[0;39m &amp#27;[2m:&amp#27;[0;39m HikariPool-4 - Starting...
&amp#27;[2m2024-06-27T15:56:17.434+02:00&amp#27;[0;39m &amp#27;[32m INFO&amp#27;[0;39m &amp#27;[35m36935&amp#27;[0;39m &amp#27;[2m---&amp#27;[0;39m &amp#27;[2m[FreelancePlatform] [           main]&amp#27;[0;39m &amp#27;[2m&amp#27;[0;39m&amp#27;[36mcom.zaxxer.hikari.pool.HikariPool       &amp#27;[0;39m &amp#27;[2m:&amp#27;[0;39m HikariPool-4 - Added connection org.postgresql.jdbc.PgConnection@54f1acb2
&amp#27;[2m2024-06-27T15:56:17.434+02:00&amp#27;[0;39m &amp#27;[32m INFO&amp#27;[0;39m &amp#27;[35m36935&amp#27;[0;39m &amp#27;[2m---&amp#27;[0;39m &amp#27;[2m[FreelancePlatform] [           main]&amp#27;[0;39m &amp#27;[2m&amp#27;[0;39m&amp#27;[36mcom.zaxxer.hikari.HikariDataSource      &amp#27;[0;39m &amp#27;[2m:&amp#27;[0;39m HikariPool-4 - Start completed.
&amp#27;[2m2024-06-27T15:56:17.442+02:00&amp#27;[0;39m &amp#27;[32m INFO&amp#27;[0;39m &amp#27;[35m36935&amp#27;[0;39m &amp#27;[2m---&amp#27;[0;39m &amp#27;[2m[FreelancePlatform] [           main]&amp#27;[0;39m &amp#27;[2m&amp#27;[0;39m&amp#27;[36mliquibase.database                      &amp#27;[0;39m &amp#27;[2m:&amp#27;[0;39m Set default schema name to public
&amp#27;[2m2024-06-27T15:56:17.454+02:00&amp#27;[0;39m &amp#27;[32m INFO&amp#27;[0;39m &amp#27;[35m36935&amp#27;[0;39m &amp#27;[2m---&amp#27;[0;39m &amp#27;[2m[FreelancePlatform] [           main]&amp#27;[0;39m &amp#27;[2m&amp#27;[0;39m&amp#27;[36mliquibase.changelog                     &amp#27;[0;39m &amp#27;[2m:&amp#27;[0;39m Creating database history table with name: public.databasechangelog
&amp#27;[2m2024-06-27T15:56:17.460+02:00&amp#27;[0;39m &amp#27;[32m INFO&amp#27;[0;39m &amp#27;[35m36935&amp#27;[0;39m &amp#27;[2m---&amp#27;[0;39m &amp#27;[2m[FreelancePlatform] [           main]&amp#27;[0;39m &amp#27;[2m&amp#27;[0;39m&amp#27;[36mliquibase.changelog                     &amp#27;[0;39m &amp#27;[2m:&amp#27;[0;39m Reading from public.databasechangelog
&amp#27;[2m2024-06-27T15:56:17.474+02:00&amp#27;[0;39m &amp#27;[32m INFO&amp#27;[0;39m &amp#27;[35m36935&amp#27;[0;39m &amp#27;[2m---&amp#27;[0;39m &amp#27;[2m[FreelancePlatform] [           main]&amp#27;[0;39m &amp#27;[2m&amp#27;[0;39m&amp#27;[36mliquibase.lockservice                   &amp#27;[0;39m &amp#27;[2m:&amp#27;[0;39m Successfully acquired change log lock
&amp#27;[2m2024-06-27T15:56:17.475+02:00&amp#27;[0;39m &amp#27;[32m INFO&amp#27;[0;39m &amp#27;[35m36935&amp#27;[0;39m &amp#27;[2m---&amp#27;[0;39m &amp#27;[2m[FreelancePlatform] [           main]&amp#27;[0;39m &amp#27;[2m&amp#27;[0;39m&amp#27;[36mliquibase.command                       &amp#27;[0;39m &amp#27;[2m:&amp#27;[0;39m Using deploymentId: 9496577475
&amp#27;[2m2024-06-27T15:56:17.476+02:00&amp#27;[0;39m &amp#27;[32m INFO&amp#27;[0;39m &amp#27;[35m36935&amp#27;[0;39m &amp#27;[2m---&amp#27;[0;39m &amp#27;[2m[FreelancePlatform] [           main]&amp#27;[0;39m &amp#27;[2m&amp#27;[0;39m&amp#27;[36mliquibase.changelog                     &amp#27;[0;39m &amp#27;[2m:&amp#27;[0;39m Reading from public.databasechangelog
Running Changeset: db/changelog/db.changelog-1.0.sql::raw::includeAll
&amp#27;[2m2024-06-27T15:56:17.494+02:00&amp#27;[0;39m &amp#27;[32m INFO&amp#27;[0;39m &amp#27;[35m36935&amp#27;[0;39m &amp#27;[2m---&amp#27;[0;39m &amp#27;[2m[FreelancePlatform] [           main]&amp#27;[0;39m &amp#27;[2m&amp#27;[0;39m&amp#27;[36mliquibase.changelog                     &amp#27;[0;39m &amp#27;[2m:&amp#27;[0;39m Custom SQL executed
&amp#27;[2m2024-06-27T15:56:17.495+02:00&amp#27;[0;39m &amp#27;[32m INFO&amp#27;[0;39m &amp#27;[35m36935&amp#27;[0;39m &amp#27;[2m---&amp#27;[0;39m &amp#27;[2m[FreelancePlatform] [           main]&amp#27;[0;39m &amp#27;[2m&amp#27;[0;39m&amp#27;[36mliquibase.changelog                     &amp#27;[0;39m &amp#27;[2m:&amp#27;[0;39m ChangeSet db/changelog/db.changelog-1.0.sql::raw::includeAll ran successfully in 18ms
Running Changeset: db/changelog/db.changelog-1.1.sql::raw::includeAll
&amp#27;[2m2024-06-27T15:56:17.508+02:00&amp#27;[0;39m &amp#27;[32m INFO&amp#27;[0;39m &amp#27;[35m36935&amp#27;[0;39m &amp#27;[2m---&amp#27;[0;39m &amp#27;[2m[FreelancePlatform] [           main]&amp#27;[0;39m &amp#27;[2m&amp#27;[0;39m&amp#27;[36mliquibase.changelog                     &amp#27;[0;39m &amp#27;[2m:&amp#27;[0;39m Custom SQL executed
&amp#27;[2m2024-06-27T15:56:17.509+02:00&amp#27;[0;39m &amp#27;[32m INFO&amp#27;[0;39m &amp#27;[35m36935&amp#27;[0;39m &amp#27;[2m---&amp#27;[0;39m &amp#27;[2m[FreelancePlatform] [           main]&amp#27;[0;39m &amp#27;[2m&amp#27;[0;39m&amp#27;[36mliquibase.changelog                     &amp#27;[0;39m &amp#27;[2m:&amp#27;[0;39m ChangeSet db/changelog/db.changelog-1.1.sql::raw::includeAll ran successfully in 10ms
Running Changeset: db/changelog/db.changelog-2.0.sql::raw::includeAll
&amp#27;[2m2024-06-27T15:56:17.514+02:00&amp#27;[0;39m &amp#27;[32m INFO&amp#27;[0;39m &amp#27;[35m36935&amp#27;[0;39m &amp#27;[2m---&amp#27;[0;39m &amp#27;[2m[FreelancePlatform] [           main]&amp#27;[0;39m &amp#27;[2m&amp#27;[0;39m&amp#27;[36mliquibase.changelog                     &amp#27;[0;39m &amp#27;[2m:&amp#27;[0;39m Custom SQL executed
&amp#27;[2m2024-06-27T15:56:17.515+02:00&amp#27;[0;39m &amp#27;[32m INFO&amp#27;[0;39m &amp#27;[35m36935&amp#27;[0;39m &amp#27;[2m---&amp#27;[0;39m &amp#27;[2m[FreelancePlatform] [           main]&amp#27;[0;39m &amp#27;[2m&amp#27;[0;39m&amp#27;[36mliquibase.changelog                     &amp#27;[0;39m &amp#27;[2m:&amp#27;[0;39m ChangeSet db/changelog/db.changelog-2.0.sql::raw::includeAll ran successfully in 4ms
&amp#27;[2m2024-06-27T15:56:17.517+02:00&amp#27;[0;39m &amp#27;[32m INFO&amp#27;[0;39m &amp#27;[35m36935&amp#27;[0;39m &amp#27;[2m---&amp#27;[0;39m &amp#27;[2m[FreelancePlatform] [           main]&amp#27;[0;39m &amp#27;[2m&amp#27;[0;39m&amp#27;[36mliquibase.util                          &amp#27;[0;39m &amp#27;[2m:&amp#27;[0;39m UPDATE SUMMARY
&amp#27;[2m2024-06-27T15:56:17.517+02:00&amp#27;[0;39m &amp#27;[32m INFO&amp#27;[0;39m &amp#27;[35m36935&amp#27;[0;39m &amp#27;[2m---&amp#27;[0;39m &amp#27;[2m[FreelancePlatform] [           main]&amp#27;[0;39m &amp#27;[2m&amp#27;[0;39m&amp#27;[36mliquibase.util                          &amp#27;[0;39m &amp#27;[2m:&amp#27;[0;39m Run:                          3
&amp#27;[2m2024-06-27T15:56:17.517+02:00&amp#27;[0;39m &amp#27;[32m INFO&amp#27;[0;39m &amp#27;[35m36935&amp#27;[0;39m &amp#27;[2m---&amp#27;[0;39m &amp#27;[2m[FreelancePlatform] [           main]&amp#27;[0;39m &amp#27;[2m&amp#27;[0;39m&amp#27;[36mliquibase.util                          &amp#27;[0;39m &amp#27;[2m:&amp#27;[0;39m Previously run:               0
&amp#27;[2m2024-06-27T15:56:17.517+02:00&amp#27;[0;39m &amp#27;[32m INFO&amp#27;[0;39m &amp#27;[35m36935&amp#27;[0;39m &amp#27;[2m---&amp#27;[0;39m &amp#27;[2m[FreelancePlatform] [           main]&amp#27;[0;39m &amp#27;[2m&amp#27;[0;39m&amp#27;[36mliquibase.util                          &amp#27;[0;39m &amp#27;[2m:&amp#27;[0;39m Filtered out:                 0
&amp#27;[2m2024-06-27T15:56:17.517+02:00&amp#27;[0;39m &amp#27;[32m INFO&amp#27;[0;39m &amp#27;[35m36935&amp#27;[0;39m &amp#27;[2m---&amp#27;[0;39m &amp#27;[2m[FreelancePlatform] [           main]&amp#27;[0;39m &amp#27;[2m&amp#27;[0;39m&amp#27;[36mliquibase.util                          &amp#27;[0;39m &amp#27;[2m:&amp#27;[0;39m -------------------------------
&amp#27;[2m2024-06-27T15:56:17.517+02:00&amp#27;[0;39m &amp#27;[32m INFO&amp#27;[0;39m &amp#27;[35m36935&amp#27;[0;39m &amp#27;[2m---&amp#27;[0;39m &amp#27;[2m[FreelancePlatform] [           main]&amp#27;[0;39m &amp#27;[2m&amp#27;[0;39m&amp#27;[36mliquibase.util                          &amp#27;[0;39m &amp#27;[2m:&amp#27;[0;39m Total change sets:            3
&amp#27;[2m2024-06-27T15:56:17.517+02:00&amp#27;[0;39m &amp#27;[32m INFO&amp#27;[0;39m &amp#27;[35m36935&amp#27;[0;39m &amp#27;[2m---&amp#27;[0;39m &amp#27;[2m[FreelancePlatform] [           main]&amp#27;[0;39m &amp#27;[2m&amp#27;[0;39m&amp#27;[36mliquibase.util                          &amp#27;[0;39m &amp#27;[2m:&amp#27;[0;39m Update summary generated
&amp#27;[2m2024-06-27T15:56:17.517+02:00&amp#27;[0;39m &amp#27;[32m INFO&amp#27;[0;39m &amp#27;[35m36935&amp#27;[0;39m &amp#27;[2m---&amp#27;[0;39m &amp#27;[2m[FreelancePlatform] [           main]&amp#27;[0;39m &amp#27;[2m&amp#27;[0;39m&amp#27;[36mliquibase.command                       &amp#27;[0;39m &amp#27;[2m:&amp#27;[0;39m Update command completed successfully.
Liquibase: Update has been successful. Rows affected: 16
&amp#27;[2m2024-06-27T15:56:17.519+02:00&amp#27;[0;39m &amp#27;[32m INFO&amp#27;[0;39m &amp#27;[35m36935&amp#27;[0;39m &amp#27;[2m---&amp#27;[0;39m &amp#27;[2m[FreelancePlatform] [           main]&amp#27;[0;39m &amp#27;[2m&amp#27;[0;39m&amp#27;[36mliquibase.lockservice                   &amp#27;[0;39m &amp#27;[2m:&amp#27;[0;39m Successfully released change log lock
&amp#27;[2m2024-06-27T15:56:17.520+02:00&amp#27;[0;39m &amp#27;[32m INFO&amp#27;[0;39m &amp#27;[35m36935&amp#27;[0;39m &amp#27;[2m---&amp#27;[0;39m &amp#27;[2m[FreelancePlatform] [           main]&amp#27;[0;39m &amp#27;[2m&amp#27;[0;39m&amp#27;[36mliquibase.command                       &amp#27;[0;39m &amp#27;[2m:&amp#27;[0;39m Command execution complete
&amp#27;[2m2024-06-27T15:56:17.529+02:00&amp#27;[0;39m &amp#27;[32m INFO&amp#27;[0;39m &amp#27;[35m36935&amp#27;[0;39m &amp#27;[2m---&amp#27;[0;39m &amp#27;[2m[FreelancePlatform] [           main]&amp#27;[0;39m &amp#27;[2m&amp#27;[0;39m&amp#27;[36mo.hibernate.jpa.internal.util.LogHelper &amp#27;[0;39m &amp#27;[2m:&amp#27;[0;39m HHH000204: Processing PersistenceUnitInfo [name: default]
&amp#27;[2m2024-06-27T15:56:17.529+02:00&amp#27;[0;39m &amp#27;[32m INFO&amp#27;[0;39m &amp#27;[35m36935&amp#27;[0;39m &amp#27;[2m---&amp#27;[0;39m &amp#27;[2m[FreelancePlatform] [           main]&amp#27;[0;39m &amp#27;[2m&amp#27;[0;39m&amp#27;[36mo.h.c.internal.RegionFactoryInitiator   &amp#27;[0;39m &amp#27;[2m:&amp#27;[0;39m HHH000026: Second-level cache disabled
&amp#27;[2m2024-06-27T15:56:17.531+02:00&amp#27;[0;39m &amp#27;[32m INFO&amp#27;[0;39m &amp#27;[35m36935&amp#27;[0;39m &amp#27;[2m---&amp#27;[0;39m &amp#27;[2m[FreelancePlatform] [           main]&amp#27;[0;39m &amp#27;[2m&amp#27;[0;39m&amp#27;[36mo.s.o.j.p.SpringPersistenceUnitInfo     &amp#27;[0;39m &amp#27;[2m:&amp#27;[0;39m No LoadTimeWeaver setup: ignoring JPA class transformer
&amp#27;[2m2024-06-27T15:56:17.581+02:00&amp#27;[0;39m &amp#27;[32m INFO&amp#27;[0;39m &amp#27;[35m36935&amp#27;[0;39m &amp#27;[2m---&amp#27;[0;39m &amp#27;[2m[FreelancePlatform] [           main]&amp#27;[0;39m &amp#27;[2m&amp#27;[0;39m&amp#27;[36mo.h.e.t.j.p.i.JtaPlatformInitiator      &amp#27;[0;39m &amp#27;[2m:&amp#27;[0;39m HHH000489: No JTA platform available (set 'hibernate.transaction.jta.platform' to enable JTA platform integration)
&amp#27;[2m2024-06-27T15:56:17.598+02:00&amp#27;[0;39m &amp#27;[32m INFO&amp#27;[0;39m &amp#27;[35m36935&amp#27;[0;39m &amp#27;[2m---&amp#27;[0;39m &amp#27;[2m[FreelancePlatform] [           main]&amp#27;[0;39m &amp#27;[2m&amp#27;[0;39m&amp#27;[36mj.LocalContainerEntityManagerFactoryBean&amp#27;[0;39m &amp#27;[2m:&amp#27;[0;39m Initialized JPA EntityManagerFactory for persistence unit 'default'
&amp#27;[2m2024-06-27T15:56:17.670+02:00&amp#27;[0;39m &amp#27;[33m WARN&amp#27;[0;39m &amp#27;[35m36935&amp#27;[0;39m &amp#27;[2m---&amp#27;[0;39m &amp#27;[2m[FreelancePlatform] [           main]&amp#27;[0;39m &amp#27;[2m&amp#27;[0;39m&amp#27;[36mJpaBaseConfiguration$JpaWebConfiguration&amp#27;[0;39m &amp#27;[2m:&amp#27;[0;39m spring.jpa.open-in-view is enabled by default. Therefore, database queries may be performed during view rendering. Explicitly configure spring.jpa.open-in-view to disable this warning
&amp#27;[2m2024-06-27T15:56:17.699+02:00&amp#27;[0;39m &amp#27;[32m INFO&amp#27;[0;39m &amp#27;[35m36935&amp#27;[0;39m &amp#27;[2m---&amp#27;[0;39m &amp#27;[2m[FreelancePlatform] [           main]&amp#27;[0;39m &amp#27;[2m&amp#27;[0;39m&amp#27;[36mo.s.s.web.DefaultSecurityFilterChain    &amp#27;[0;39m &amp#27;[2m:&amp#27;[0;39m Will secure any request with [org.springframework.security.web.session.DisableEncodeUrlFilter@18d2b233, org.springframework.security.web.context.request.async.WebAsyncManagerIntegrationFilter@54a3a77, org.springframework.security.web.context.SecurityContextHolderFilter@3970476d, org.springframework.security.web.header.HeaderWriterFilter@3574e257, org.springframework.web.filter.CorsFilter@303a8f98, org.springframework.security.web.authentication.logout.LogoutFilter@4a4c0946, org.springframework.security.web.authentication.UsernamePasswordAuthenticationFilter@3968ed31, org.springframework.security.web.authentication.www.BasicAuthenticationFilter@13c4c036, org.springframework.security.web.savedrequest.RequestCacheAwareFilter@70da576, org.springframework.security.web.servletapi.SecurityContextHolderAwareRequestFilter@63484357, org.springframework.security.web.authentication.AnonymousAuthenticationFilter@4e45fdcb, org.springframework.security.web.access.ExceptionTranslationFilter@f5d7f87, org.springframework.security.web.access.intercept.AuthorizationFilter@1f39ec0]
&amp#27;[2m2024-06-27T15:56:17.757+02:00&amp#27;[0;39m &amp#27;[32m INFO&amp#27;[0;39m &amp#27;[35m36935&amp#27;[0;39m &amp#27;[2m---&amp#27;[0;39m &amp#27;[2m[FreelancePlatform] [           main]&amp#27;[0;39m &amp#27;[2m&amp#27;[0;39m&amp#27;[36mo.s.b.t.m.w.SpringBootMockServletContext&amp#27;[0;39m &amp#27;[2m:&amp#27;[0;39m Initializing Spring TestDispatcherServlet ''
&amp#27;[2m2024-06-27T15:56:17.757+02:00&amp#27;[0;39m &amp#27;[32m INFO&amp#27;[0;39m &amp#27;[35m36935&amp#27;[0;39m &amp#27;[2m---&amp#27;[0;39m &amp#27;[2m[FreelancePlatform] [           main]&amp#27;[0;39m &amp#27;[2m&amp#27;[0;39m&amp#27;[36mo.s.t.web.servlet.TestDispatcherServlet &amp#27;[0;39m &amp#27;[2m:&amp#27;[0;39m Initializing Servlet ''
&amp#27;[2m2024-06-27T15:56:17.758+02:00&amp#27;[0;39m &amp#27;[32m INFO&amp#27;[0;39m &amp#27;[35m36935&amp#27;[0;39m &amp#27;[2m---&amp#27;[0;39m &amp#27;[2m[FreelancePlatform] [           main]&amp#27;[0;39m &amp#27;[2m&amp#27;[0;39m&amp#27;[36mo.s.t.web.servlet.TestDispatcherServlet &amp#27;[0;39m &amp#27;[2m:&amp#27;[0;39m Completed initialization in 1 ms
&amp#27;[2m2024-06-27T15:56:17.760+02:00&amp#27;[0;39m &amp#27;[32m INFO&amp#27;[0;39m &amp#27;[35m36935&amp#27;[0;39m &amp#27;[2m---&amp#27;[0;39m &amp#27;[2m[FreelancePlatform] [           main]&amp#27;[0;39m &amp#27;[2m&amp#27;[0;39m&amp#27;[36mo.a.k.clients.admin.AdminClientConfig   &amp#27;[0;39m &amp#27;[2m:&amp#27;[0;39m AdminClientConfig values: 
	auto.include.jmx.reporter = true
	bootstrap.servers = [localhost:9092]
	client.dns.lookup = use_all_dns_ips
	client.id = 
	connections.max.idle.ms = 300000
	default.api.timeout.ms = 60000
	metadata.max.age.ms = 300000
	metric.reporters = []
	metrics.num.samples = 2
	metrics.recording.level = INFO
	metrics.sample.window.ms = 30000
	receive.buffer.bytes = 65536
	reconnect.backoff.max.ms = 1000
	reconnect.backoff.ms = 50
	request.timeout.ms = 30000
	retries = 2147483647
	retry.backoff.ms = 100
	sasl.client.callback.handler.class = null
	sasl.jaas.config = null
	sasl.kerberos.kinit.cmd = /usr/bin/kinit
	sasl.kerberos.min.time.before.relogin = 60000
	sasl.kerberos.service.name = null
	sasl.kerberos.ticket.renew.jitter = 0.05
	sasl.kerberos.ticket.renew.window.factor = 0.8
	sasl.login.callback.handler.class = null
	sasl.login.class = null
	sasl.login.connect.timeout.ms = null
	sasl.login.read.timeout.ms = null
	sasl.login.refresh.buffer.seconds = 300
	sasl.login.refresh.min.period.seconds = 60
	sasl.login.refresh.window.factor = 0.8
	sasl.login.refresh.window.jitter = 0.05
	sasl.login.retry.backoff.max.ms = 10000
	sasl.login.retry.backoff.ms = 100
	sasl.mechanism = GSSAPI
	sasl.oauthbearer.clock.skew.seconds = 30
	sasl.oauthbearer.expected.audience = null
	sasl.oauthbearer.expected.issuer = null
	sasl.oauthbearer.jwks.endpoint.refresh.ms = 3600000
	sasl.oauthbearer.jwks.endpoint.retry.backoff.max.ms = 10000
	sasl.oauthbearer.jwks.endpoint.retry.backoff.ms = 100
	sasl.oauthbearer.jwks.endpoint.url = null
	sasl.oauthbearer.scope.claim.name = scope
	sasl.oauthbearer.sub.claim.name = sub
	sasl.oauthbearer.token.endpoint.url = null
	security.protocol = PLAINTEXT
	security.providers = null
	send.buffer.bytes = 131072
	socket.connection.setup.timeout.max.ms = 30000
	socket.connection.setup.timeout.ms = 10000
	ssl.cipher.suites = null
	ssl.enabled.protocols = [TLSv1.2, TLSv1.3]
	ssl.endpoint.identification.algorithm = https
	ssl.engine.factory.class = null
	ssl.key.password = null
	ssl.keymanager.algorithm = SunX509
	ssl.keystore.certificate.chain = null
	ssl.keystore.key = null
	ssl.keystore.location = null
	ssl.keystore.password = null
	ssl.keystore.type = JKS
	ssl.protocol = TLSv1.3
	ssl.provider = null
	ssl.secure.random.implementation = null
	ssl.trustmanager.algorithm = PKIX
	ssl.truststore.certificates = null
	ssl.truststore.location = null
	ssl.truststore.password = null
	ssl.truststore.type = JKS

&amp#27;[2m2024-06-27T15:56:17.760+02:00&amp#27;[0;39m &amp#27;[32m INFO&amp#27;[0;39m &amp#27;[35m36935&amp#27;[0;39m &amp#27;[2m---&amp#27;[0;39m &amp#27;[2m[FreelancePlatform] [           main]&amp#27;[0;39m &amp#27;[2m&amp#27;[0;39m&amp#27;[36mo.a.kafka.common.utils.AppInfoParser    &amp#27;[0;39m &amp#27;[2m:&amp#27;[0;39m Kafka version: 3.6.1
&amp#27;[2m2024-06-27T15:56:17.760+02:00&amp#27;[0;39m &amp#27;[32m INFO&amp#27;[0;39m &amp#27;[35m36935&amp#27;[0;39m &amp#27;[2m---&amp#27;[0;39m &amp#27;[2m[FreelancePlatform] [           main]&amp#27;[0;39m &amp#27;[2m&amp#27;[0;39m&amp#27;[36mo.a.kafka.common.utils.AppInfoParser    &amp#27;[0;39m &amp#27;[2m:&amp#27;[0;39m Kafka commitId: 5e3c2b738d253ff5
&amp#27;[2m2024-06-27T15:56:17.760+02:00&amp#27;[0;39m &amp#27;[32m INFO&amp#27;[0;39m &amp#27;[35m36935&amp#27;[0;39m &amp#27;[2m---&amp#27;[0;39m &amp#27;[2m[FreelancePlatform] [           main]&amp#27;[0;39m &amp#27;[2m&amp#27;[0;39m&amp#27;[36mo.a.kafka.common.utils.AppInfoParser    &amp#27;[0;39m &amp#27;[2m:&amp#27;[0;39m Kafka startTimeMs: 1719496577760
&amp#27;[2m2024-06-27T15:56:17.778+02:00&amp#27;[0;39m &amp#27;[32m INFO&amp#27;[0;39m &amp#27;[35m36935&amp#27;[0;39m &amp#27;[2m---&amp#27;[0;39m &amp#27;[2m[FreelancePlatform] [| adminclient-4]&amp#27;[0;39m &amp#27;[2m&amp#27;[0;39m&amp#27;[36mo.a.kafka.common.utils.AppInfoParser    &amp#27;[0;39m &amp#27;[2m:&amp#27;[0;39m App info kafka.admin.client for adminclient-4 unregistered
&amp#27;[2m2024-06-27T15:56:17.779+02:00&amp#27;[0;39m &amp#27;[32m INFO&amp#27;[0;39m &amp#27;[35m36935&amp#27;[0;39m &amp#27;[2m---&amp#27;[0;39m &amp#27;[2m[FreelancePlatform] [| adminclient-4]&amp#27;[0;39m &amp#27;[2m&amp#27;[0;39m&amp#27;[36mo.apache.kafka.common.metrics.Metrics   &amp#27;[0;39m &amp#27;[2m:&amp#27;[0;39m Metrics scheduler closed
&amp#27;[2m2024-06-27T15:56:17.779+02:00&amp#27;[0;39m &amp#27;[32m INFO&amp#27;[0;39m &amp#27;[35m36935&amp#27;[0;39m &amp#27;[2m---&amp#27;[0;39m &amp#27;[2m[FreelancePlatform] [| adminclient-4]&amp#27;[0;39m &amp#27;[2m&amp#27;[0;39m&amp#27;[36mo.apache.kafka.common.metrics.Metrics   &amp#27;[0;39m &amp#27;[2m:&amp#27;[0;39m Closing reporter org.apache.kafka.common.metrics.JmxReporter
&amp#27;[2m2024-06-27T15:56:17.779+02:00&amp#27;[0;39m &amp#27;[32m INFO&amp#27;[0;39m &amp#27;[35m36935&amp#27;[0;39m &amp#27;[2m---&amp#27;[0;39m &amp#27;[2m[FreelancePlatform] [| adminclient-4]&amp#27;[0;39m &amp#27;[2m&amp#27;[0;39m&amp#27;[36mo.apache.kafka.common.metrics.Metrics   &amp#27;[0;39m &amp#27;[2m:&amp#27;[0;39m Metrics reporters closed
&amp#27;[2m2024-06-27T15:56:17.782+02:00&amp#27;[0;39m &amp#27;[32m INFO&amp#27;[0;39m &amp#27;[35m36935&amp#27;[0;39m &amp#27;[2m---&amp#27;[0;39m &amp#27;[2m[FreelancePlatform] [           main]&amp#27;[0;39m &amp#27;[2m&amp#27;[0;39m&amp#27;[36mf.controllers.FeedbackControllerTest    &amp#27;[0;39m &amp#27;[2m:&amp#27;[0;39m Started FeedbackControllerTest in 2.508 seconds (process running for 29.569)
Hibernate: select u1_0.id from users u1_0 where u1_0.username=? fetch first ? rows only
Hibernate: insert into users (email,first_name,last_name,password,rating,role,username) values (?,?,?,?,?,?,?)
&amp#27;[2m2024-06-27T15:56:17.871+02:00&amp#27;[0;39m &amp#27;[32m INFO&amp#27;[0;39m &amp#27;[35m36935&amp#27;[0;39m &amp#27;[2m---&amp#27;[0;39m &amp#27;[2m[FreelancePlatform] [           main]&amp#27;[0;39m &amp#27;[2m&amp#27;[0;39m&amp#27;[36mf.kafka.UserKafkaProducer               &amp#27;[0;39m &amp#27;[2m:&amp#27;[0;39m event - {"id":6,"username":"username413196826","firstName":"firstname-211886584","lastName":"lastname-1183263967","email":"email307792759","password":"$2a$10$bMmFSOa1lIBZA7lIYI6ZK.j7oQ8GfGxmFqhwDbfm54XBwzHpE8ZwW","rating":0,"role":"ADMIN"}
&amp#27;[2m2024-06-27T15:56:17.871+02:00&amp#27;[0;39m &amp#27;[32m INFO&amp#27;[0;39m &amp#27;[35m36935&amp#27;[0;39m &amp#27;[2m---&amp#27;[0;39m &amp#27;[2m[FreelancePlatform] [           main]&amp#27;[0;39m &amp#27;[2m&amp#27;[0;39m&amp#27;[36mo.a.k.clients.producer.ProducerConfig   &amp#27;[0;39m &amp#27;[2m:&amp#27;[0;39m ProducerConfig values: 
	acks = -1
	auto.include.jmx.reporter = true
	batch.size = 16384
	bootstrap.servers = [localhost:9092]
	buffer.memory = 33554432
	client.dns.lookup = use_all_dns_ips
	client.id = producer-4
	compression.type = none
	connections.max.idle.ms = 540000
	delivery.timeout.ms = 120000
	enable.idempotence = true
	interceptor.classes = []
	key.serializer = class org.apache.kafka.common.serialization.StringSerializer
	linger.ms = 0
	max.block.ms = 60000
	max.in.flight.requests.per.connection = 5
	max.request.size = 1048576
	metadata.max.age.ms = 300000
	metadata.max.idle.ms = 300000
	metric.reporters = []
	metrics.num.samples = 2
	metrics.recording.level = INFO
	metrics.sample.window.ms = 30000
	partitioner.adaptive.partitioning.enable = true
	partitioner.availability.timeout.ms = 0
	partitioner.class = null
	partitioner.ignore.keys = false
	receive.buffer.bytes = 32768
	reconnect.backoff.max.ms = 1000
	reconnect.backoff.ms = 50
	request.timeout.ms = 30000
	retries = 2147483647
	retry.backoff.ms = 100
	sasl.client.callback.handler.class = null
	sasl.jaas.config = null
	sasl.kerberos.kinit.cmd = /usr/bin/kinit
	sasl.kerberos.min.time.before.relogin = 60000
	sasl.kerberos.service.name = null
	sasl.kerberos.ticket.renew.jitter = 0.05
	sasl.kerberos.ticket.renew.window.factor = 0.8
	sasl.login.callback.handler.class = null
	sasl.login.class = null
	sasl.login.connect.timeout.ms = null
	sasl.login.read.timeout.ms = null
	sasl.login.refresh.buffer.seconds = 300
	sasl.login.refresh.min.period.seconds = 60
	sasl.login.refresh.window.factor = 0.8
	sasl.login.refresh.window.jitter = 0.05
	sasl.login.retry.backoff.max.ms = 10000
	sasl.login.retry.backoff.ms = 100
	sasl.mechanism = GSSAPI
	sasl.oauthbearer.clock.skew.seconds = 30
	sasl.oauthbearer.expected.audience = null
	sasl.oauthbearer.expected.issuer = null
	sasl.oauthbearer.jwks.endpoint.refresh.ms = 3600000
	sasl.oauthbearer.jwks.endpoint.retry.backoff.max.ms = 10000
	sasl.oauthbearer.jwks.endpoint.retry.backoff.ms = 100
	sasl.oauthbearer.jwks.endpoint.url = null
	sasl.oauthbearer.scope.claim.name = scope
	sasl.oauthbearer.sub.claim.name = sub
	sasl.oauthbearer.token.endpoint.url = null
	security.protocol = PLAINTEXT
	security.providers = null
	send.buffer.bytes = 131072
	socket.connection.setup.timeout.max.ms = 30000
	socket.connection.setup.timeout.ms = 10000
	ssl.cipher.suites = null
	ssl.enabled.protocols = [TLSv1.2, TLSv1.3]
	ssl.endpoint.identification.algorithm = https
	ssl.engine.factory.class = null
	ssl.key.password = null
	ssl.keymanager.algorithm = SunX509
	ssl.keystore.certificate.chain = null
	ssl.keystore.key = null
	ssl.keystore.location = null
	ssl.keystore.password = null
	ssl.keystore.type = JKS
	ssl.protocol = TLSv1.3
	ssl.provider = null
	ssl.secure.random.implementation = null
	ssl.trustmanager.algorithm = PKIX
	ssl.truststore.certificates = null
	ssl.truststore.location = null
	ssl.truststore.password = null
	ssl.truststore.type = JKS
	transaction.timeout.ms = 60000
	transactional.id = null
	value.serializer = class org.apache.kafka.common.serialization.StringSerializer

&amp#27;[2m2024-06-27T15:56:17.871+02:00&amp#27;[0;39m &amp#27;[32m INFO&amp#27;[0;39m &amp#27;[35m36935&amp#27;[0;39m &amp#27;[2m---&amp#27;[0;39m &amp#27;[2m[FreelancePlatform] [           main]&amp#27;[0;39m &amp#27;[2m&amp#27;[0;39m&amp#27;[36mo.a.k.clients.producer.KafkaProducer    &amp#27;[0;39m &amp#27;[2m:&amp#27;[0;39m [Producer clientId=producer-4] Instantiated an idempotent producer.
&amp#27;[2m2024-06-27T15:56:17.872+02:00&amp#27;[0;39m &amp#27;[32m INFO&amp#27;[0;39m &amp#27;[35m36935&amp#27;[0;39m &amp#27;[2m---&amp#27;[0;39m &amp#27;[2m[FreelancePlatform] [           main]&amp#27;[0;39m &amp#27;[2m&amp#27;[0;39m&amp#27;[36mo.a.kafka.common.utils.AppInfoParser    &amp#27;[0;39m &amp#27;[2m:&amp#27;[0;39m Kafka version: 3.6.1
&amp#27;[2m2024-06-27T15:56:17.872+02:00&amp#27;[0;39m &amp#27;[32m INFO&amp#27;[0;39m &amp#27;[35m36935&amp#27;[0;39m &amp#27;[2m---&amp#27;[0;39m &amp#27;[2m[FreelancePlatform] [           main]&amp#27;[0;39m &amp#27;[2m&amp#27;[0;39m&amp#27;[36mo.a.kafka.common.utils.AppInfoParser    &amp#27;[0;39m &amp#27;[2m:&amp#27;[0;39m Kafka commitId: 5e3c2b738d253ff5
&amp#27;[2m2024-06-27T15:56:17.872+02:00&amp#27;[0;39m &amp#27;[32m INFO&amp#27;[0;39m &amp#27;[35m36935&amp#27;[0;39m &amp#27;[2m---&amp#27;[0;39m &amp#27;[2m[FreelancePlatform] [           main]&amp#27;[0;39m &amp#27;[2m&amp#27;[0;39m&amp#27;[36mo.a.kafka.common.utils.AppInfoParser    &amp#27;[0;39m &amp#27;[2m:&amp#27;[0;39m Kafka startTimeMs: 1719496577872
&amp#27;[2m2024-06-27T15:56:17.878+02:00&amp#27;[0;39m &amp#27;[32m INFO&amp#27;[0;39m &amp#27;[35m36935&amp#27;[0;39m &amp#27;[2m---&amp#27;[0;39m &amp#27;[2m[FreelancePlatform] [ad | producer-4]&amp#27;[0;39m &amp#27;[2m&amp#27;[0;39m&amp#27;[36morg.apache.kafka.clients.Metadata       &amp#27;[0;39m &amp#27;[2m:&amp#27;[0;39m [Producer clientId=producer-4] Cluster ID: 9rOlTiCSROKoxA9VXJzbgA
Hibernate: select u1_0.id from users u1_0 where u1_0.username=? fetch first ? rows only
&amp#27;[2m2024-06-27T15:56:17.881+02:00&amp#27;[0;39m &amp#27;[32m INFO&amp#27;[0;39m &amp#27;[35m36935&amp#27;[0;39m &amp#27;[2m---&amp#27;[0;39m &amp#27;[2m[FreelancePlatform] [ad | producer-4]&amp#27;[0;39m &amp#27;[2m&amp#27;[0;39m&amp#27;[36mo.a.k.c.p.internals.TransactionManager  &amp#27;[0;39m &amp#27;[2m:&amp#27;[0;39m [Producer clientId=producer-4] ProducerId set to 5046 with epoch 0
Hibernate: insert into users (email,first_name,last_name,password,rating,role,username) values (?,?,?,?,?,?,?)
&amp#27;[2m2024-06-27T15:56:17.963+02:00&amp#27;[0;39m &amp#27;[32m INFO&amp#27;[0;39m &amp#27;[35m36935&amp#27;[0;39m &amp#27;[2m---&amp#27;[0;39m &amp#27;[2m[FreelancePlatform] [           main]&amp#27;[0;39m &amp#27;[2m&amp#27;[0;39m&amp#27;[36mf.kafka.UserKafkaProducer               &amp#27;[0;39m &amp#27;[2m:&amp#27;[0;39m event - {"id":7,"username":"username-219844952","firstName":"firstname1462322125","lastName":"lastname794072540","email":"email1115887978","password":"$2a$10$wyWxQOKHTlOY7IpgZnjNg.CfGTxG2uVKd3U14L.PuJR5Bgx54XDWS","rating":0,"role":"USER"}
&amp#27;[2m2024-06-27T15:56:17.964+02:00&amp#27;[0;39m &amp#27;[32m INFO&amp#27;[0;39m &amp#27;[35m36935&amp#27;[0;39m &amp#27;[2m---&amp#27;[0;39m &amp#27;[2m[FreelancePlatform] [           main]&amp#27;[0;39m &amp#27;[2m&amp#27;[0;39m&amp#27;[36mc.h.i.p.impl.PartitionStateManager      &amp#27;[0;39m &amp#27;[2m:&amp#27;[0;39m [192.168.68.1]:5701 [dev] [5.3.6] Initializing cluster partition table arrangement...
&amp#27;[2m2024-06-27T15:56:17.966+02:00&amp#27;[0;39m &amp#27;[32m INFO&amp#27;[0;39m &amp#27;[35m36935&amp#27;[0;39m &amp#27;[2m---&amp#27;[0;39m &amp#27;[2m[FreelancePlatform] [           main]&amp#27;[0;39m &amp#27;[2m&amp#27;[0;39m&amp#27;[36mf.services.FeedbackService              &amp#27;[0;39m &amp#27;[2m:&amp#27;[0;39m Finding feedback by id 1
Hibernate: select f1_0.id,f1_0.comment,f1_0.rating,r1_0.id,r1_0.email,r1_0.first_name,r1_0.last_name,r1_0.password,r1_0.rating,r1_0.role,r1_0.username,s1_0.id,s1_0.email,s1_0.first_name,s1_0.last_name,s1_0.password,s1_0.rating,s1_0.role,s1_0.username from feedback f1_0 left join users r1_0 on r1_0.id=f1_0.to_user_id left join users s1_0 on s1_0.id=f1_0.from_user_id where f1_0.id=?
&amp#27;[2m2024-06-27T15:56:17.971+02:00&amp#27;[0;39m &amp#27;[32m INFO&amp#27;[0;39m &amp#27;[35m36935&amp#27;[0;39m &amp#27;[2m---&amp#27;[0;39m &amp#27;[2m[FreelancePlatform] [           main]&amp#27;[0;39m &amp#27;[2m&amp#27;[0;39m&amp#27;[36mf.logging.LoggerInterceptor             &amp#27;[0;39m &amp#27;[2m:&amp#27;[0;39m [preHandle][DELETE][/rest/feedbacks/1][?&_psip=127.0.0.1]
&amp#27;[2m2024-06-27T15:56:17.973+02:00&amp#27;[0;39m &amp#27;[32m INFO&amp#27;[0;39m &amp#27;[35m36935&amp#27;[0;39m &amp#27;[2m---&amp#27;[0;39m &amp#27;[2m[FreelancePlatform] [           main]&amp#27;[0;39m &amp#27;[2m&amp#27;[0;39m&amp#27;[36mf.services.FeedbackService              &amp#27;[0;39m &amp#27;[2m:&amp#27;[0;39m Deleting feedback with id 1
Hibernate: select sf1_0.from_user_id,sf1_0.id,sf1_0.comment,sf1_0.rating,r1_0.id,r1_0.email,r1_0.first_name,r1_0.last_name,r1_0.password,r1_0.rating,r1_0.role,r1_0.username from feedback sf1_0 left join users r1_0 on r1_0.id=sf1_0.to_user_id where sf1_0.from_user_id=?
Hibernate: select rf1_0.to_user_id,rf1_0.id,rf1_0.comment,rf1_0.rating,s1_0.id,s1_0.email,s1_0.first_name,s1_0.last_name,s1_0.password,s1_0.rating,s1_0.role,s1_0.username from feedback rf1_0 left join users s1_0 on s1_0.id=rf1_0.from_user_id where rf1_0.to_user_id=?
]]></system-out>
  </testcase>
  <testcase name="saveByUserReturnsStatusForbidden" classname="freelanceplatform.controllers.FeedbackControllerTest" time="0.326">
    <system-out><![CDATA[Hibernate: select u1_0.id from users u1_0 where u1_0.username=? fetch first ? rows only
Hibernate: insert into users (email,first_name,last_name,password,rating,role,username) values (?,?,?,?,?,?,?)
&amp#27;[2m2024-06-27T15:56:18.062+02:00&amp#27;[0;39m &amp#27;[32m INFO&amp#27;[0;39m &amp#27;[35m36935&amp#27;[0;39m &amp#27;[2m---&amp#27;[0;39m &amp#27;[2m[FreelancePlatform] [           main]&amp#27;[0;39m &amp#27;[2m&amp#27;[0;39m&amp#27;[36mf.kafka.UserKafkaProducer               &amp#27;[0;39m &amp#27;[2m:&amp#27;[0;39m event - {"id":8,"username":"username-1715300465","firstName":"firstname-1467466048","lastName":"lastname1409026331","email":"email-593574561","password":"$2a$10$O/nv96luBetkIoFDDbEDn.Ac9DgLcVvY87zGH4h4iH4.3VKuslGDq","rating":0,"role":"ADMIN"}
Hibernate: select u1_0.id from users u1_0 where u1_0.username=? fetch first ? rows only
Hibernate: insert into users (email,first_name,last_name,password,rating,role,username) values (?,?,?,?,?,?,?)
&amp#27;[2m2024-06-27T15:56:18.141+02:00&amp#27;[0;39m &amp#27;[32m INFO&amp#27;[0;39m &amp#27;[35m36935&amp#27;[0;39m &amp#27;[2m---&amp#27;[0;39m &amp#27;[2m[FreelancePlatform] [           main]&amp#27;[0;39m &amp#27;[2m&amp#27;[0;39m&amp#27;[36mf.kafka.UserKafkaProducer               &amp#27;[0;39m &amp#27;[2m:&amp#27;[0;39m event - {"id":9,"username":"username888160022","firstName":"firstname1354371171","lastName":"lastname-1871041728","email":"email599419155","password":"$2a$10$uTfcTr4hnUZob2urF/mPcO.Ctd40kHQOy69wUrbR4IQYWkBDlJmF2","rating":0,"role":"USER"}
Hibernate: select u1_0.id from users u1_0 where u1_0.username=? fetch first ? rows only
Hibernate: insert into users (email,first_name,last_name,password,rating,role,username) values (?,?,?,?,?,?,?)
&amp#27;[2m2024-06-27T15:56:18.221+02:00&amp#27;[0;39m &amp#27;[32m INFO&amp#27;[0;39m &amp#27;[35m36935&amp#27;[0;39m &amp#27;[2m---&amp#27;[0;39m &amp#27;[2m[FreelancePlatform] [           main]&amp#27;[0;39m &amp#27;[2m&amp#27;[0;39m&amp#27;[36mf.kafka.UserKafkaProducer               &amp#27;[0;39m &amp#27;[2m:&amp#27;[0;39m event - {"id":10,"username":"username998262777","firstName":"firstname2056073032","lastName":"lastname-1237952758","email":"email-1378768542","password":"$2a$10$pEIebY/IpWaBVtCiiHL1H.ZwGdsQhSRSSEuwm5U5HNxElUMLtoZq6","rating":0,"role":"USER"}
Hibernate: select u1_0.id from users u1_0 where u1_0.username=? fetch first ? rows only
Hibernate: insert into users (email,first_name,last_name,password,rating,role,username) values (?,?,?,?,?,?,?)
&amp#27;[2m2024-06-27T15:56:18.301+02:00&amp#27;[0;39m &amp#27;[32m INFO&amp#27;[0;39m &amp#27;[35m36935&amp#27;[0;39m &amp#27;[2m---&amp#27;[0;39m &amp#27;[2m[FreelancePlatform] [           main]&amp#27;[0;39m &amp#27;[2m&amp#27;[0;39m&amp#27;[36mf.kafka.UserKafkaProducer               &amp#27;[0;39m &amp#27;[2m:&amp#27;[0;39m event - {"id":11,"username":"username965466801","firstName":"firstname-2047498578","lastName":"lastname-1202045490","email":"email89152135","password":"$2a$10$polEOEWVNcBHQsfX/bSQlOBjzdCeH4ligueesbBmuikQjN7wM5n0i","rating":0,"role":"USER"}
&amp#27;[2m2024-06-27T15:56:18.302+02:00&amp#27;[0;39m &amp#27;[32m INFO&amp#27;[0;39m &amp#27;[35m36935&amp#27;[0;39m &amp#27;[2m---&amp#27;[0;39m &amp#27;[2m[FreelancePlatform] [           main]&amp#27;[0;39m &amp#27;[2m&amp#27;[0;39m&amp#27;[36mf.logging.LoggerInterceptor             &amp#27;[0;39m &amp#27;[2m:&amp#27;[0;39m [preHandle][POST][/rest/feedbacks][?&_psip=127.0.0.1]
]]></system-out>
  </testcase>
  <testcase name="updateByUserReturnsStatusForbidden" classname="freelanceplatform.controllers.FeedbackControllerTest" time="0.172">
    <system-out><![CDATA[Hibernate: select u1_0.id from users u1_0 where u1_0.username=? fetch first ? rows only
Hibernate: insert into users (email,first_name,last_name,password,rating,role,username) values (?,?,?,?,?,?,?)
&amp#27;[2m2024-06-27T15:56:18.386+02:00&amp#27;[0;39m &amp#27;[32m INFO&amp#27;[0;39m &amp#27;[35m36935&amp#27;[0;39m &amp#27;[2m---&amp#27;[0;39m &amp#27;[2m[FreelancePlatform] [           main]&amp#27;[0;39m &amp#27;[2m&amp#27;[0;39m&amp#27;[36mf.kafka.UserKafkaProducer               &amp#27;[0;39m &amp#27;[2m:&amp#27;[0;39m event - {"id":12,"username":"username-1681671269","firstName":"firstname1981434222","lastName":"lastname346821263","email":"email1669651580","password":"$2a$10$I4XYK6NkkS70VsyYdRnT4ekYuyfnbdolCG6Vv5ALUjnG5uruimqTK","rating":0,"role":"ADMIN"}
Hibernate: select u1_0.id from users u1_0 where u1_0.username=? fetch first ? rows only
Hibernate: insert into users (email,first_name,last_name,password,rating,role,username) values (?,?,?,?,?,?,?)
&amp#27;[2m2024-06-27T15:56:18.469+02:00&amp#27;[0;39m &amp#27;[32m INFO&amp#27;[0;39m &amp#27;[35m36935&amp#27;[0;39m &amp#27;[2m---&amp#27;[0;39m &amp#27;[2m[FreelancePlatform] [           main]&amp#27;[0;39m &amp#27;[2m&amp#27;[0;39m&amp#27;[36mf.kafka.UserKafkaProducer               &amp#27;[0;39m &amp#27;[2m:&amp#27;[0;39m event - {"id":13,"username":"username-177797870","firstName":"firstname1339049404","lastName":"lastname-648055910","email":"email278355204","password":"$2a$10$iQpOlqF1f9HNIFHatARXSO40OgCHr3YFzIbJXUdJaEWVyS4kreQ76","rating":0,"role":"USER"}
&amp#27;[2m2024-06-27T15:56:18.469+02:00&amp#27;[0;39m &amp#27;[32m INFO&amp#27;[0;39m &amp#27;[35m36935&amp#27;[0;39m &amp#27;[2m---&amp#27;[0;39m &amp#27;[2m[FreelancePlatform] [           main]&amp#27;[0;39m &amp#27;[2m&amp#27;[0;39m&amp#27;[36mf.services.FeedbackService              &amp#27;[0;39m &amp#27;[2m:&amp#27;[0;39m Finding feedback by id 1
Hibernate: select f1_0.id,f1_0.comment,f1_0.rating,r1_0.id,r1_0.email,r1_0.first_name,r1_0.last_name,r1_0.password,r1_0.rating,r1_0.role,r1_0.username,s1_0.id,s1_0.email,s1_0.first_name,s1_0.last_name,s1_0.password,s1_0.rating,s1_0.role,s1_0.username from feedback f1_0 left join users r1_0 on r1_0.id=f1_0.to_user_id left join users s1_0 on s1_0.id=f1_0.from_user_id where f1_0.id=?
&amp#27;[2m2024-06-27T15:56:18.474+02:00&amp#27;[0;39m &amp#27;[32m INFO&amp#27;[0;39m &amp#27;[35m36935&amp#27;[0;39m &amp#27;[2m---&amp#27;[0;39m &amp#27;[2m[FreelancePlatform] [           main]&amp#27;[0;39m &amp#27;[2m&amp#27;[0;39m&amp#27;[36mf.logging.LoggerInterceptor             &amp#27;[0;39m &amp#27;[2m:&amp#27;[0;39m [preHandle][PUT][/rest/feedbacks/1][?&_psip=127.0.0.1]
]]></system-out>
  </testcase>
  <testcase name="updateByUserReturnsStatusNoContent" classname="freelanceplatform.controllers.FeedbackControllerTest" time="0.173">
    <system-out><![CDATA[Hibernate: select u1_0.id from users u1_0 where u1_0.username=? fetch first ? rows only
Hibernate: insert into users (email,first_name,last_name,password,rating,role,username) values (?,?,?,?,?,?,?)
&amp#27;[2m2024-06-27T15:56:18.557+02:00&amp#27;[0;39m &amp#27;[32m INFO&amp#27;[0;39m &amp#27;[35m36935&amp#27;[0;39m &amp#27;[2m---&amp#27;[0;39m &amp#27;[2m[FreelancePlatform] [           main]&amp#27;[0;39m &amp#27;[2m&amp#27;[0;39m&amp#27;[36mf.kafka.UserKafkaProducer               &amp#27;[0;39m &amp#27;[2m:&amp#27;[0;39m event - {"id":14,"username":"username1841482995","firstName":"firstname-1359666511","lastName":"lastname119452734","email":"email-822911347","password":"$2a$10$OkOzuKzJEDDcr.F3ktMGDepkeWt1qJ0S1fEuC3uhPNLZBijBq4H3C","rating":0,"role":"ADMIN"}
Hibernate: select u1_0.id from users u1_0 where u1_0.username=? fetch first ? rows only
Hibernate: insert into users (email,first_name,last_name,password,rating,role,username) values (?,?,?,?,?,?,?)
&amp#27;[2m2024-06-27T15:56:18.636+02:00&amp#27;[0;39m &amp#27;[32m INFO&amp#27;[0;39m &amp#27;[35m36935&amp#27;[0;39m &amp#27;[2m---&amp#27;[0;39m &amp#27;[2m[FreelancePlatform] [           main]&amp#27;[0;39m &amp#27;[2m&amp#27;[0;39m&amp#27;[36mf.kafka.UserKafkaProducer               &amp#27;[0;39m &amp#27;[2m:&amp#27;[0;39m event - {"id":15,"username":"username446196553","firstName":"firstname-1231188633","lastName":"lastname2080420306","email":"email1653265987","password":"$2a$10$ekLDDIY.nMyCtyQVCLqY0uXj6iEDGclv9CIJyPpLq4OkndB7dx9Rm","rating":0,"role":"USER"}
&amp#27;[2m2024-06-27T15:56:18.638+02:00&amp#27;[0;39m &amp#27;[32m INFO&amp#27;[0;39m &amp#27;[35m36935&amp#27;[0;39m &amp#27;[2m---&amp#27;[0;39m &amp#27;[2m[FreelancePlatform] [           main]&amp#27;[0;39m &amp#27;[2m&amp#27;[0;39m&amp#27;[36mf.logging.LoggerInterceptor             &amp#27;[0;39m &amp#27;[2m:&amp#27;[0;39m [preHandle][PUT][/rest/feedbacks/1][?&_psip=127.0.0.1]
Hibernate: select u1_0.id,u1_0.email,u1_0.first_name,u1_0.last_name,u1_0.password,u1_0.rating,u1_0.role,u1_0.username from users u1_0 where u1_0.id=?
&amp#27;[2m2024-06-27T15:56:18.642+02:00&amp#27;[0;39m &amp#27;[32m INFO&amp#27;[0;39m &amp#27;[35m36935&amp#27;[0;39m &amp#27;[2m---&amp#27;[0;39m &amp#27;[2m[FreelancePlatform] [           main]&amp#27;[0;39m &amp#27;[2m&amp#27;[0;39m&amp#27;[36mfreelanceplatform.services.UserService  &amp#27;[0;39m &amp#27;[2m:&amp#27;[0;39m User with id 1 has been added to cache
Hibernate: select u1_0.id,u1_0.email,u1_0.first_name,u1_0.last_name,u1_0.password,u1_0.rating,u1_0.role,u1_0.username from users u1_0 where u1_0.id=?
&amp#27;[2m2024-06-27T15:56:18.644+02:00&amp#27;[0;39m &amp#27;[32m INFO&amp#27;[0;39m &amp#27;[35m36935&amp#27;[0;39m &amp#27;[2m---&amp#27;[0;39m &amp#27;[2m[FreelancePlatform] [           main]&amp#27;[0;39m &amp#27;[2m&amp#27;[0;39m&amp#27;[36mfreelanceplatform.services.UserService  &amp#27;[0;39m &amp#27;[2m:&amp#27;[0;39m User with id 2 has been added to cache
&amp#27;[2m2024-06-27T15:56:18.645+02:00&amp#27;[0;39m &amp#27;[32m INFO&amp#27;[0;39m &amp#27;[35m36935&amp#27;[0;39m &amp#27;[2m---&amp#27;[0;39m &amp#27;[2m[FreelancePlatform] [           main]&amp#27;[0;39m &amp#27;[2m&amp#27;[0;39m&amp#27;[36mf.services.FeedbackService              &amp#27;[0;39m &amp#27;[2m:&amp#27;[0;39m Updating feedback with id 1
Hibernate: select f1_0.id,f1_0.comment,f1_0.rating,r1_0.id,r1_0.email,r1_0.first_name,r1_0.last_name,r1_0.password,r1_0.rating,r1_0.role,r1_0.username,s1_0.id,s1_0.email,s1_0.first_name,s1_0.last_name,s1_0.password,s1_0.rating,s1_0.role,s1_0.username from feedback f1_0 left join users r1_0 on r1_0.id=f1_0.to_user_id left join users s1_0 on s1_0.id=f1_0.from_user_id where f1_0.id=?
]]></system-out>
  </testcase>
  <testcase name="deleteByUserReturnsStatusForbidden" classname="freelanceplatform.controllers.FeedbackControllerTest" time="0.164">
    <system-out><![CDATA[Hibernate: select u1_0.id from users u1_0 where u1_0.username=? fetch first ? rows only
Hibernate: insert into users (email,first_name,last_name,password,rating,role,username) values (?,?,?,?,?,?,?)
&amp#27;[2m2024-06-27T15:56:18.732+02:00&amp#27;[0;39m &amp#27;[32m INFO&amp#27;[0;39m &amp#27;[35m36935&amp#27;[0;39m &amp#27;[2m---&amp#27;[0;39m &amp#27;[2m[FreelancePlatform] [           main]&amp#27;[0;39m &amp#27;[2m&amp#27;[0;39m&amp#27;[36mf.kafka.UserKafkaProducer               &amp#27;[0;39m &amp#27;[2m:&amp#27;[0;39m event - {"id":16,"username":"username1470631051","firstName":"firstname286684288","lastName":"lastname73195924","email":"email-409159156","password":"$2a$10$IJiMME0SN879UE0UWIS0LOMPnsRNhiU/i8DbrU.uvTm1jDm0RICgq","rating":0,"role":"ADMIN"}
Hibernate: select u1_0.id from users u1_0 where u1_0.username=? fetch first ? rows only
Hibernate: insert into users (email,first_name,last_name,password,rating,role,username) values (?,?,?,?,?,?,?)
&amp#27;[2m2024-06-27T15:56:18.812+02:00&amp#27;[0;39m &amp#27;[32m INFO&amp#27;[0;39m &amp#27;[35m36935&amp#27;[0;39m &amp#27;[2m---&amp#27;[0;39m &amp#27;[2m[FreelancePlatform] [           main]&amp#27;[0;39m &amp#27;[2m&amp#27;[0;39m&amp#27;[36mf.kafka.UserKafkaProducer               &amp#27;[0;39m &amp#27;[2m:&amp#27;[0;39m event - {"id":17,"username":"username1943087307","firstName":"firstname739801031","lastName":"lastname-1915418487","email":"email-332088736","password":"$2a$10$22W3VEpd6Zgm4Qdw8jsfQuWIH37MWNFsvJjPv866ewQw5Ju8fpX8a","rating":0,"role":"USER"}
&amp#27;[2m2024-06-27T15:56:18.813+02:00&amp#27;[0;39m &amp#27;[32m INFO&amp#27;[0;39m &amp#27;[35m36935&amp#27;[0;39m &amp#27;[2m---&amp#27;[0;39m &amp#27;[2m[FreelancePlatform] [           main]&amp#27;[0;39m &amp#27;[2m&amp#27;[0;39m&amp#27;[36mf.logging.LoggerInterceptor             &amp#27;[0;39m &amp#27;[2m:&amp#27;[0;39m [preHandle][DELETE][/rest/feedbacks/1][?&_psip=127.0.0.1]
]]></system-out>
  </testcase>
  <testcase name="saveByUserReturnsStatusCreated" classname="freelanceplatform.controllers.FeedbackControllerTest" time="0.324">
    <system-out><![CDATA[Hibernate: select u1_0.id from users u1_0 where u1_0.username=? fetch first ? rows only
Hibernate: insert into users (email,first_name,last_name,password,rating,role,username) values (?,?,?,?,?,?,?)
&amp#27;[2m2024-06-27T15:56:18.894+02:00&amp#27;[0;39m &amp#27;[32m INFO&amp#27;[0;39m &amp#27;[35m36935&amp#27;[0;39m &amp#27;[2m---&amp#27;[0;39m &amp#27;[2m[FreelancePlatform] [           main]&amp#27;[0;39m &amp#27;[2m&amp#27;[0;39m&amp#27;[36mf.kafka.UserKafkaProducer               &amp#27;[0;39m &amp#27;[2m:&amp#27;[0;39m event - {"id":18,"username":"username1750310502","firstName":"firstname-647877132","lastName":"lastname338223788","email":"email1051963375","password":"$2a$10$0qDEL8jMiZy7P7/l5PCdwuU2mpw6J4Mvnk0mEXw.MxVsEDvSJUI/O","rating":0,"role":"ADMIN"}
Hibernate: select u1_0.id from users u1_0 where u1_0.username=? fetch first ? rows only
Hibernate: insert into users (email,first_name,last_name,password,rating,role,username) values (?,?,?,?,?,?,?)
&amp#27;[2m2024-06-27T15:56:18.974+02:00&amp#27;[0;39m &amp#27;[32m INFO&amp#27;[0;39m &amp#27;[35m36935&amp#27;[0;39m &amp#27;[2m---&amp#27;[0;39m &amp#27;[2m[FreelancePlatform] [           main]&amp#27;[0;39m &amp#27;[2m&amp#27;[0;39m&amp#27;[36mf.kafka.UserKafkaProducer               &amp#27;[0;39m &amp#27;[2m:&amp#27;[0;39m event - {"id":19,"username":"username-1809694865","firstName":"firstname-603205678","lastName":"lastname612516544","email":"email-901785283","password":"$2a$10$dZeMUmNfWwkea7WeTDb3BOgfMii2Arwz3weYRh0CtvyKwGOiVD1cu","rating":0,"role":"USER"}
Hibernate: select u1_0.id from users u1_0 where u1_0.username=? fetch first ? rows only
Hibernate: insert into users (email,first_name,last_name,password,rating,role,username) values (?,?,?,?,?,?,?)
&amp#27;[2m2024-06-27T15:56:19.053+02:00&amp#27;[0;39m &amp#27;[32m INFO&amp#27;[0;39m &amp#27;[35m36935&amp#27;[0;39m &amp#27;[2m---&amp#27;[0;39m &amp#27;[2m[FreelancePlatform] [           main]&amp#27;[0;39m &amp#27;[2m&amp#27;[0;39m&amp#27;[36mf.kafka.UserKafkaProducer               &amp#27;[0;39m &amp#27;[2m:&amp#27;[0;39m event - {"id":20,"username":"username1329813933","firstName":"firstname-1334803901","lastName":"lastname-1209233175","email":"email844295426","password":"$2a$10$TtkYgeVrBdZCzkYQI5xt0eDlCJhKiUeW.sIuUOwp45KKGmRq73Ph.","rating":0,"role":"USER"}
Hibernate: select u1_0.id from users u1_0 where u1_0.username=? fetch first ? rows only
Hibernate: insert into users (email,first_name,last_name,password,rating,role,username) values (?,?,?,?,?,?,?)
&amp#27;[2m2024-06-27T15:56:19.131+02:00&amp#27;[0;39m &amp#27;[32m INFO&amp#27;[0;39m &amp#27;[35m36935&amp#27;[0;39m &amp#27;[2m---&amp#27;[0;39m &amp#27;[2m[FreelancePlatform] [           main]&amp#27;[0;39m &amp#27;[2m&amp#27;[0;39m&amp#27;[36mf.kafka.UserKafkaProducer               &amp#27;[0;39m &amp#27;[2m:&amp#27;[0;39m event - {"id":21,"username":"username1661596428","firstName":"firstname-1709433969","lastName":"lastname525824388","email":"email-800149181","password":"$2a$10$Zk8NXaL3ubeqmtIVMfhZTO50vQGkHHkyiW7VCQAJjaBl5QyfeFCYS","rating":0,"role":"USER"}
&amp#27;[2m2024-06-27T15:56:19.132+02:00&amp#27;[0;39m &amp#27;[32m INFO&amp#27;[0;39m &amp#27;[35m36935&amp#27;[0;39m &amp#27;[2m---&amp#27;[0;39m &amp#27;[2m[FreelancePlatform] [           main]&amp#27;[0;39m &amp#27;[2m&amp#27;[0;39m&amp#27;[36mf.logging.LoggerInterceptor             &amp#27;[0;39m &amp#27;[2m:&amp#27;[0;39m [preHandle][POST][/rest/feedbacks][?&_psip=127.0.0.1]
&amp#27;[2m2024-06-27T15:56:19.133+02:00&amp#27;[0;39m &amp#27;[32m INFO&amp#27;[0;39m &amp#27;[35m36935&amp#27;[0;39m &amp#27;[2m---&amp#27;[0;39m &amp#27;[2m[FreelancePlatform] [           main]&amp#27;[0;39m &amp#27;[2m&amp#27;[0;39m&amp#27;[36mfreelanceplatform.services.UserService  &amp#27;[0;39m &amp#27;[2m:&amp#27;[0;39m User with id 21 has been added to cache
&amp#27;[2m2024-06-27T15:56:19.133+02:00&amp#27;[0;39m &amp#27;[32m INFO&amp#27;[0;39m &amp#27;[35m36935&amp#27;[0;39m &amp#27;[2m---&amp#27;[0;39m &amp#27;[2m[FreelancePlatform] [           main]&amp#27;[0;39m &amp#27;[2m&amp#27;[0;39m&amp#27;[36mfreelanceplatform.services.UserService  &amp#27;[0;39m &amp#27;[2m:&amp#27;[0;39m User with id 20 has been added to cache
&amp#27;[2m2024-06-27T15:56:19.134+02:00&amp#27;[0;39m &amp#27;[32m INFO&amp#27;[0;39m &amp#27;[35m36935&amp#27;[0;39m &amp#27;[2m---&amp#27;[0;39m &amp#27;[2m[FreelancePlatform] [           main]&amp#27;[0;39m &amp#27;[2m&amp#27;[0;39m&amp#27;[36mf.services.FeedbackService              &amp#27;[0;39m &amp#27;[2m:&amp#27;[0;39m Saving new feedback with id null
Hibernate: insert into feedback (comment,rating,to_user_id,from_user_id) values (?,?,?,?)
]]></system-out>
  </testcase>
  <testcase name="updateByAdminReturnsStatusNoContent" classname="freelanceplatform.controllers.FeedbackControllerTest" time="0.168">
    <system-out><![CDATA[Hibernate: select u1_0.id from users u1_0 where u1_0.username=? fetch first ? rows only
Hibernate: insert into users (email,first_name,last_name,password,rating,role,username) values (?,?,?,?,?,?,?)
&amp#27;[2m2024-06-27T15:56:19.218+02:00&amp#27;[0;39m &amp#27;[32m INFO&amp#27;[0;39m &amp#27;[35m36935&amp#27;[0;39m &amp#27;[2m---&amp#27;[0;39m &amp#27;[2m[FreelancePlatform] [           main]&amp#27;[0;39m &amp#27;[2m&amp#27;[0;39m&amp#27;[36mf.kafka.UserKafkaProducer               &amp#27;[0;39m &amp#27;[2m:&amp#27;[0;39m event - {"id":22,"username":"username610221602","firstName":"firstname-1539827548","lastName":"lastname1713492917","email":"email-177767565","password":"$2a$10$e8VK0uCk1VO7cllfvFbRp.eQSGz1Y1jccTsJV7qfOyOBJCxGEmaYy","rating":0,"role":"ADMIN"}
Hibernate: select u1_0.id from users u1_0 where u1_0.username=? fetch first ? rows only
Hibernate: insert into users (email,first_name,last_name,password,rating,role,username) values (?,?,?,?,?,?,?)
&amp#27;[2m2024-06-27T15:56:19.298+02:00&amp#27;[0;39m &amp#27;[32m INFO&amp#27;[0;39m &amp#27;[35m36935&amp#27;[0;39m &amp#27;[2m---&amp#27;[0;39m &amp#27;[2m[FreelancePlatform] [           main]&amp#27;[0;39m &amp#27;[2m&amp#27;[0;39m&amp#27;[36mf.kafka.UserKafkaProducer               &amp#27;[0;39m &amp#27;[2m:&amp#27;[0;39m event - {"id":23,"username":"username-1692241994","firstName":"firstname-890606477","lastName":"lastname-397796826","email":"email-1335578899","password":"$2a$10$B5TvYuNuMGEb6xvTta93.uqlsJSsDPzOD2zcA/bH3MwRa0MaH9Oa.","rating":0,"role":"USER"}
&amp#27;[2m2024-06-27T15:56:19.300+02:00&amp#27;[0;39m &amp#27;[32m INFO&amp#27;[0;39m &amp#27;[35m36935&amp#27;[0;39m &amp#27;[2m---&amp#27;[0;39m &amp#27;[2m[FreelancePlatform] [           main]&amp#27;[0;39m &amp#27;[2m&amp#27;[0;39m&amp#27;[36mf.logging.LoggerInterceptor             &amp#27;[0;39m &amp#27;[2m:&amp#27;[0;39m [preHandle][PUT][/rest/feedbacks/1][?&_psip=127.0.0.1]
&amp#27;[2m2024-06-27T15:56:19.302+02:00&amp#27;[0;39m &amp#27;[32m INFO&amp#27;[0;39m &amp#27;[35m36935&amp#27;[0;39m &amp#27;[2m---&amp#27;[0;39m &amp#27;[2m[FreelancePlatform] [           main]&amp#27;[0;39m &amp#27;[2m&amp#27;[0;39m&amp#27;[36mf.services.FeedbackService              &amp#27;[0;39m &amp#27;[2m:&amp#27;[0;39m Updating feedback with id 1
Hibernate: select f1_0.id,f1_0.comment,f1_0.rating,r1_0.id,r1_0.email,r1_0.first_name,r1_0.last_name,r1_0.password,r1_0.rating,r1_0.role,r1_0.username,s1_0.id,s1_0.email,s1_0.first_name,s1_0.last_name,s1_0.password,s1_0.rating,s1_0.role,s1_0.username from feedback f1_0 left join users r1_0 on r1_0.id=f1_0.to_user_id left join users s1_0 on s1_0.id=f1_0.from_user_id where f1_0.id=?
]]></system-out>
  </testcase>
  <testcase name="saveByAdminReturnsStatusCreated" classname="freelanceplatform.controllers.FeedbackControllerTest" time="0.346">
    <system-out><![CDATA[Hibernate: select u1_0.id from users u1_0 where u1_0.username=? fetch first ? rows only
Hibernate: insert into users (email,first_name,last_name,password,rating,role,username) values (?,?,?,?,?,?,?)
&amp#27;[2m2024-06-27T15:56:19.388+02:00&amp#27;[0;39m &amp#27;[32m INFO&amp#27;[0;39m &amp#27;[35m36935&amp#27;[0;39m &amp#27;[2m---&amp#27;[0;39m &amp#27;[2m[FreelancePlatform] [           main]&amp#27;[0;39m &amp#27;[2m&amp#27;[0;39m&amp#27;[36mf.kafka.UserKafkaProducer               &amp#27;[0;39m &amp#27;[2m:&amp#27;[0;39m event - {"id":24,"username":"username-398874588","firstName":"firstname-971505557","lastName":"lastname2034887541","email":"email736827028","password":"$2a$10$VfV2c5AFOZOQs7jik/T3De5ssdq.TRfA/eeSdxf55pCnGacXJn6ya","rating":0,"role":"ADMIN"}
Hibernate: select u1_0.id from users u1_0 where u1_0.username=? fetch first ? rows only
Hibernate: insert into users (email,first_name,last_name,password,rating,role,username) values (?,?,?,?,?,?,?)
&amp#27;[2m2024-06-27T15:56:19.467+02:00&amp#27;[0;39m &amp#27;[32m INFO&amp#27;[0;39m &amp#27;[35m36935&amp#27;[0;39m &amp#27;[2m---&amp#27;[0;39m &amp#27;[2m[FreelancePlatform] [           main]&amp#27;[0;39m &amp#27;[2m&amp#27;[0;39m&amp#27;[36mf.kafka.UserKafkaProducer               &amp#27;[0;39m &amp#27;[2m:&amp#27;[0;39m event - {"id":25,"username":"username69538968","firstName":"firstname1737407536","lastName":"lastname573928763","email":"email-1564004041","password":"$2a$10$ZBuBoc/pBXWpZgE1XGwXzOAO93xlP/lY2MHKDE5.pamPUu3r2suNC","rating":0,"role":"USER"}
Hibernate: select u1_0.id from users u1_0 where u1_0.username=? fetch first ? rows only
Hibernate: insert into users (email,first_name,last_name,password,rating,role,username) values (?,?,?,?,?,?,?)
&amp#27;[2m2024-06-27T15:56:19.551+02:00&amp#27;[0;39m &amp#27;[32m INFO&amp#27;[0;39m &amp#27;[35m36935&amp#27;[0;39m &amp#27;[2m---&amp#27;[0;39m &amp#27;[2m[FreelancePlatform] [           main]&amp#27;[0;39m &amp#27;[2m&amp#27;[0;39m&amp#27;[36mf.kafka.UserKafkaProducer               &amp#27;[0;39m &amp#27;[2m:&amp#27;[0;39m event - {"id":26,"username":"username-615860442","firstName":"firstname1974435516","lastName":"lastname-1244955966","email":"email-2024478907","password":"$2a$10$jCP6IKBMMjEt9qNqxPX0Eu6UJ/s2URRmAYe6aK/yXvF2fJNLQ4leq","rating":0,"role":"USER"}
Hibernate: select u1_0.id from users u1_0 where u1_0.username=? fetch first ? rows only
Hibernate: insert into users (email,first_name,last_name,password,rating,role,username) values (?,?,?,?,?,?,?)
&amp#27;[2m2024-06-27T15:56:19.646+02:00&amp#27;[0;39m &amp#27;[32m INFO&amp#27;[0;39m &amp#27;[35m36935&amp#27;[0;39m &amp#27;[2m---&amp#27;[0;39m &amp#27;[2m[FreelancePlatform] [           main]&amp#27;[0;39m &amp#27;[2m&amp#27;[0;39m&amp#27;[36mf.kafka.UserKafkaProducer               &amp#27;[0;39m &amp#27;[2m:&amp#27;[0;39m event - {"id":27,"username":"username-905591767","firstName":"firstname-430135037","lastName":"lastname-789986978","email":"email-733267844","password":"$2a$10$mMXY5hDXVXiwyq9mb/qBHusoFY7K6c0Xf.5sgVI/8MU9OofIYBY/O","rating":0,"role":"USER"}
&amp#27;[2m2024-06-27T15:56:19.647+02:00&amp#27;[0;39m &amp#27;[32m INFO&amp#27;[0;39m &amp#27;[35m36935&amp#27;[0;39m &amp#27;[2m---&amp#27;[0;39m &amp#27;[2m[FreelancePlatform] [           main]&amp#27;[0;39m &amp#27;[2m&amp#27;[0;39m&amp#27;[36mf.logging.LoggerInterceptor             &amp#27;[0;39m &amp#27;[2m:&amp#27;[0;39m [preHandle][POST][/rest/feedbacks][?&_psip=127.0.0.1]
&amp#27;[2m2024-06-27T15:56:19.648+02:00&amp#27;[0;39m &amp#27;[32m INFO&amp#27;[0;39m &amp#27;[35m36935&amp#27;[0;39m &amp#27;[2m---&amp#27;[0;39m &amp#27;[2m[FreelancePlatform] [           main]&amp#27;[0;39m &amp#27;[2m&amp#27;[0;39m&amp#27;[36mfreelanceplatform.services.UserService  &amp#27;[0;39m &amp#27;[2m:&amp#27;[0;39m User with id 27 has been added to cache
&amp#27;[2m2024-06-27T15:56:19.649+02:00&amp#27;[0;39m &amp#27;[32m INFO&amp#27;[0;39m &amp#27;[35m36935&amp#27;[0;39m &amp#27;[2m---&amp#27;[0;39m &amp#27;[2m[FreelancePlatform] [           main]&amp#27;[0;39m &amp#27;[2m&amp#27;[0;39m&amp#27;[36mfreelanceplatform.services.UserService  &amp#27;[0;39m &amp#27;[2m:&amp#27;[0;39m User with id 26 has been added to cache
&amp#27;[2m2024-06-27T15:56:19.649+02:00&amp#27;[0;39m &amp#27;[32m INFO&amp#27;[0;39m &amp#27;[35m36935&amp#27;[0;39m &amp#27;[2m---&amp#27;[0;39m &amp#27;[2m[FreelancePlatform] [           main]&amp#27;[0;39m &amp#27;[2m&amp#27;[0;39m&amp#27;[36mf.services.FeedbackService              &amp#27;[0;39m &amp#27;[2m:&amp#27;[0;39m Saving new feedback with id null
Hibernate: insert into feedback (comment,rating,to_user_id,from_user_id) values (?,?,?,?)
]]></system-out>
  </testcase>
  <testcase name="findByIdReturnsStatusOk" classname="freelanceplatform.controllers.FeedbackControllerTest" time="0.171">
    <system-out><![CDATA[Hibernate: select u1_0.id from users u1_0 where u1_0.username=? fetch first ? rows only
Hibernate: insert into users (email,first_name,last_name,password,rating,role,username) values (?,?,?,?,?,?,?)
&amp#27;[2m2024-06-27T15:56:19.736+02:00&amp#27;[0;39m &amp#27;[32m INFO&amp#27;[0;39m &amp#27;[35m36935&amp#27;[0;39m &amp#27;[2m---&amp#27;[0;39m &amp#27;[2m[FreelancePlatform] [           main]&amp#27;[0;39m &amp#27;[2m&amp#27;[0;39m&amp#27;[36mf.kafka.UserKafkaProducer               &amp#27;[0;39m &amp#27;[2m:&amp#27;[0;39m event - {"id":28,"username":"username-227719695","firstName":"firstname-1635140136","lastName":"lastname7396163","email":"email1097028165","password":"$2a$10$6TWxTAg.jxf0bmQciGZeC.qQtveZGgpLmzuFnd2SbNFrZzdFw6LFi","rating":0,"role":"ADMIN"}
Hibernate: select u1_0.id from users u1_0 where u1_0.username=? fetch first ? rows only
Hibernate: insert into users (email,first_name,last_name,password,rating,role,username) values (?,?,?,?,?,?,?)
&amp#27;[2m2024-06-27T15:56:19.821+02:00&amp#27;[0;39m &amp#27;[32m INFO&amp#27;[0;39m &amp#27;[35m36935&amp#27;[0;39m &amp#27;[2m---&amp#27;[0;39m &amp#27;[2m[FreelancePlatform] [           main]&amp#27;[0;39m &amp#27;[2m&amp#27;[0;39m&amp#27;[36mf.kafka.UserKafkaProducer               &amp#27;[0;39m &amp#27;[2m:&amp#27;[0;39m event - {"id":29,"username":"username2127670827","firstName":"firstname1473584658","lastName":"lastname-1110764849","email":"email1329175037","password":"$2a$10$V6Ev50W0H.rBBnrOapxbSOJNdZTugWWxk.IQaFW0X6rqNzkzvbjhC","rating":0,"role":"USER"}
&amp#27;[2m2024-06-27T15:56:19.822+02:00&amp#27;[0;39m &amp#27;[32m INFO&amp#27;[0;39m &amp#27;[35m36935&amp#27;[0;39m &amp#27;[2m---&amp#27;[0;39m &amp#27;[2m[FreelancePlatform] [           main]&amp#27;[0;39m &amp#27;[2m&amp#27;[0;39m&amp#27;[36mf.logging.LoggerInterceptor             &amp#27;[0;39m &amp#27;[2m:&amp#27;[0;39m [preHandle][GET][/rest/feedbacks/1][?&_psip=127.0.0.1]
]]></system-out>
  </testcase>
  <testcase name="findAllReturnsStatusOk" classname="freelanceplatform.controllers.FeedbackControllerTest" time="0.176">
    <system-out><![CDATA[Hibernate: select u1_0.id from users u1_0 where u1_0.username=? fetch first ? rows only
Hibernate: insert into users (email,first_name,last_name,password,rating,role,username) values (?,?,?,?,?,?,?)
&amp#27;[2m2024-06-27T15:56:19.910+02:00&amp#27;[0;39m &amp#27;[32m INFO&amp#27;[0;39m &amp#27;[35m36935&amp#27;[0;39m &amp#27;[2m---&amp#27;[0;39m &amp#27;[2m[FreelancePlatform] [           main]&amp#27;[0;39m &amp#27;[2m&amp#27;[0;39m&amp#27;[36mf.kafka.UserKafkaProducer               &amp#27;[0;39m &amp#27;[2m:&amp#27;[0;39m event - {"id":30,"username":"username-222828118","firstName":"firstname1255695519","lastName":"lastname-1207591394","email":"email1968154212","password":"$2a$10$0rucsHOvJ8NCKJ5MalUQoen4L2dxpRx8NNZ1vbvyhqP0pGA6SxerS","rating":0,"role":"ADMIN"}
Hibernate: select u1_0.id from users u1_0 where u1_0.username=? fetch first ? rows only
Hibernate: insert into users (email,first_name,last_name,password,rating,role,username) values (?,?,?,?,?,?,?)
&amp#27;[2m2024-06-27T15:56:19.992+02:00&amp#27;[0;39m &amp#27;[32m INFO&amp#27;[0;39m &amp#27;[35m36935&amp#27;[0;39m &amp#27;[2m---&amp#27;[0;39m &amp#27;[2m[FreelancePlatform] [           main]&amp#27;[0;39m &amp#27;[2m&amp#27;[0;39m&amp#27;[36mf.kafka.UserKafkaProducer               &amp#27;[0;39m &amp#27;[2m:&amp#27;[0;39m event - {"id":31,"username":"username400523327","firstName":"firstname-142033254","lastName":"lastname-2070131190","email":"email1041306771","password":"$2a$10$hIhYNc/a9Pln20oo6GhXy.7GsgCX1Wh7b6mmCIwXFvhwST5Six31C","rating":0,"role":"USER"}
&amp#27;[2m2024-06-27T15:56:19.993+02:00&amp#27;[0;39m &amp#27;[32m INFO&amp#27;[0;39m &amp#27;[35m36935&amp#27;[0;39m &amp#27;[2m---&amp#27;[0;39m &amp#27;[2m[FreelancePlatform] [           main]&amp#27;[0;39m &amp#27;[2m&amp#27;[0;39m&amp#27;[36mf.logging.LoggerInterceptor             &amp#27;[0;39m &amp#27;[2m:&amp#27;[0;39m [preHandle][GET][/rest/feedbacks][?&_psip=127.0.0.1]
&amp#27;[2m2024-06-27T15:56:19.993+02:00&amp#27;[0;39m &amp#27;[32m INFO&amp#27;[0;39m &amp#27;[35m36935&amp#27;[0;39m &amp#27;[2m---&amp#27;[0;39m &amp#27;[2m[FreelancePlatform] [           main]&amp#27;[0;39m &amp#27;[2m&amp#27;[0;39m&amp#27;[36mf.services.FeedbackService              &amp#27;[0;39m &amp#27;[2m:&amp#27;[0;39m Finding all feedbacks
Hibernate: select f1_0.id,f1_0.comment,f1_0.rating,f1_0.to_user_id,f1_0.from_user_id from feedback f1_0
Hibernate: select u1_0.id,u1_0.email,u1_0.first_name,u1_0.last_name,u1_0.password,u1_0.rating,u1_0.role,u1_0.username from users u1_0 where u1_0.id=?
Hibernate: select u1_0.id,u1_0.email,u1_0.first_name,u1_0.last_name,u1_0.password,u1_0.rating,u1_0.role,u1_0.username from users u1_0 where u1_0.id=?
Hibernate: select u1_0.id,u1_0.email,u1_0.first_name,u1_0.last_name,u1_0.password,u1_0.rating,u1_0.role,u1_0.username from users u1_0 where u1_0.id=?
&amp#27;[2m2024-06-27T15:56:20.000+02:00&amp#27;[0;39m &amp#27;[32m INFO&amp#27;[0;39m &amp#27;[35m36935&amp#27;[0;39m &amp#27;[2m---&amp#27;[0;39m &amp#27;[2m[FreelancePlatform] [           main]&amp#27;[0;39m &amp#27;[2m&amp#27;[0;39m&amp#27;[36mf.services.FeedbackService              &amp#27;[0;39m &amp#27;[2m:&amp#27;[0;39m Finding all feedbacks
Hibernate: select f1_0.id,f1_0.comment,f1_0.rating,f1_0.to_user_id,f1_0.from_user_id from feedback f1_0
]]></system-out>
  </testcase>
  <testcase name="findByIdReturnsStatusNotFound" classname="freelanceplatform.controllers.FeedbackControllerTest" time="0.171">
    <system-out><![CDATA[Hibernate: select u1_0.id from users u1_0 where u1_0.username=? fetch first ? rows only
Hibernate: insert into users (email,first_name,last_name,password,rating,role,username) values (?,?,?,?,?,?,?)
&amp#27;[2m2024-06-27T15:56:20.084+02:00&amp#27;[0;39m &amp#27;[32m INFO&amp#27;[0;39m &amp#27;[35m36935&amp#27;[0;39m &amp#27;[2m---&amp#27;[0;39m &amp#27;[2m[FreelancePlatform] [           main]&amp#27;[0;39m &amp#27;[2m&amp#27;[0;39m&amp#27;[36mf.kafka.UserKafkaProducer               &amp#27;[0;39m &amp#27;[2m:&amp#27;[0;39m event - {"id":32,"username":"username540535499","firstName":"firstname-899426285","lastName":"lastname685781701","email":"email-398885530","password":"$2a$10$rZ5HOdrDWotiT3JKkKAsSORz85tzt7z9C3ntbEOCRrnBWXH4xeMH.","rating":0,"role":"ADMIN"}
Hibernate: select u1_0.id from users u1_0 where u1_0.username=? fetch first ? rows only
Hibernate: insert into users (email,first_name,last_name,password,rating,role,username) values (?,?,?,?,?,?,?)
&amp#27;[2m2024-06-27T15:56:20.170+02:00&amp#27;[0;39m &amp#27;[32m INFO&amp#27;[0;39m &amp#27;[35m36935&amp#27;[0;39m &amp#27;[2m---&amp#27;[0;39m &amp#27;[2m[FreelancePlatform] [           main]&amp#27;[0;39m &amp#27;[2m&amp#27;[0;39m&amp#27;[36mf.kafka.UserKafkaProducer               &amp#27;[0;39m &amp#27;[2m:&amp#27;[0;39m event - {"id":33,"username":"username2071373791","firstName":"firstname40373352","lastName":"lastname-260091801","email":"email799037419","password":"$2a$10$l//OFP0QIxbeT9QzUm3pIeDiUCOqTZvl2lv0wnnX1l/Lo9nwWxPSW","rating":0,"role":"USER"}
&amp#27;[2m2024-06-27T15:56:20.171+02:00&amp#27;[0;39m &amp#27;[32m INFO&amp#27;[0;39m &amp#27;[35m36935&amp#27;[0;39m &amp#27;[2m---&amp#27;[0;39m &amp#27;[2m[FreelancePlatform] [           main]&amp#27;[0;39m &amp#27;[2m&amp#27;[0;39m&amp#27;[36mf.logging.LoggerInterceptor             &amp#27;[0;39m &amp#27;[2m:&amp#27;[0;39m [preHandle][GET][/rest/feedbacks/-1][?&_psip=127.0.0.1]
&amp#27;[2m2024-06-27T15:56:20.171+02:00&amp#27;[0;39m &amp#27;[32m INFO&amp#27;[0;39m &amp#27;[35m36935&amp#27;[0;39m &amp#27;[2m---&amp#27;[0;39m &amp#27;[2m[FreelancePlatform] [           main]&amp#27;[0;39m &amp#27;[2m&amp#27;[0;39m&amp#27;[36mf.services.FeedbackService              &amp#27;[0;39m &amp#27;[2m:&amp#27;[0;39m Finding feedback by id -1
Hibernate: select f1_0.id,f1_0.comment,f1_0.rating,r1_0.id,r1_0.email,r1_0.first_name,r1_0.last_name,r1_0.password,r1_0.rating,r1_0.role,r1_0.username,s1_0.id,s1_0.email,s1_0.first_name,s1_0.last_name,s1_0.password,s1_0.rating,s1_0.role,s1_0.username from feedback f1_0 left join users r1_0 on r1_0.id=f1_0.to_user_id left join users s1_0 on s1_0.id=f1_0.from_user_id where f1_0.id=?
]]></system-out>
  </testcase>
</testsuite>